<?xml version="1.0" encoding="UTF-8"?>
<TestRun id="8650fde1-872f-4ad0-bfe9-bd5aa462bc7e" name="Kevin@OFFICE-DESKTOP 2014-11-06 08:47:09" runUser="Office-Desktop\Kevin" xmlns="http://microsoft.com/schemas/VisualStudio/TeamTest/2010">
  <TestSettings name="Local" id="f540f6a2-4815-4dba-91ef-19b03ca7f34c">
    <Description>These are default test settings for a local test run.</Description>
    <Deployment userDeploymentRoot="D:\Kevin\GitHub\HiddenMickeyProject\TestResults" useDefaultDeploymentRoot="false" runDeploymentRoot="Kevin_OFFICE-DESKTOP 2014-11-06 08_47_09">
      <DeploymentItem filename="D:\Kevin\GitHub\HiddenMickeyProject\packages\Newtonsoft.Json.4.5.6\lib\net40\Newtonsoft.Json.dll" />
      <DeploymentItem filename="D:\Kevin\GitHub\HiddenMickeyProject\packages\dotless.1.4.1.0\lib\dotless.Core.dll" />
      <DeploymentItem filename="C:\Program Files (x86)\Microsoft ASP.NET\ASP.NET Web Pages\v2.0\Assemblies\System.Web.WebPages.Razor.dll" />
      <DeploymentItem filename="D:\Kevin\GitHub\HiddenMickeyProject\packages\WebGrease.1.1.0\lib\WebGrease.dll" />
      <DeploymentItem filename="D:\Kevin\GitHub\HiddenMickeyProject\packages\MySql.Data.6.9.3\lib\net40\MySql.Data.dll" />
      <DeploymentItem filename="D:\Kevin\GitHub\HiddenMickeyProject\HiddenMickeyProject.Data\bin\Debug\HiddenMickeyProject.Data.dll" />
      <DeploymentItem filename="C:\Program Files (x86)\Microsoft ASP.NET\ASP.NET Web Pages\v2.0\Assemblies\System.Web.WebPages.dll" />
      <DeploymentItem filename="C:\Program Files (x86)\Microsoft ASP.NET\ASP.NET Web Pages\v2.0\Assemblies\Microsoft.Web.Infrastructure.dll" />
      <DeploymentItem filename="D:\Kevin\GitHub\HiddenMickeyProject\packages\WebGrease.1.1.0\lib\Antlr3.Runtime.dll" />
      <DeploymentItem filename="C:\Program Files (x86)\Microsoft ASP.NET\ASP.NET Web Pages\v2.0\Assemblies\System.Web.Helpers.dll" />
      <DeploymentItem filename="C:\Program Files (x86)\Microsoft ASP.NET\ASP.NET Web Pages\v2.0\Assemblies\System.Web.WebPages.Deployment.dll" />
      <DeploymentItem filename="D:\Kevin\GitHub\HiddenMickeyProject\packages\Ninject.Web.Common.3.2.0.0\lib\net40-full\Ninject.Web.Common.dll" />
      <DeploymentItem filename="C:\Program Files (x86)\Microsoft ASP.NET\ASP.NET Web Pages\v2.0\Assemblies\System.Web.Razor.dll" />
      <DeploymentItem filename="D:\Kevin\GitHub\HiddenMickeyProject\HiddenMickeyProject\bin\HiddenMickeyProject.dll" />
      <DeploymentItem filename="D:\Kevin\GitHub\HiddenMickeyProject\packages\RhinoMocks.3.6.1\lib\net\Rhino.Mocks.dll" />
      <DeploymentItem filename="D:\Kevin\GitHub\HiddenMickeyProject\packages\WebActivatorEx.2.0\lib\net40\WebActivatorEx.dll" />
      <DeploymentItem filename="D:\Kevin\GitHub\HiddenMickeyProject\packages\Microsoft.AspNet.Mvc.4.0.20710.0\lib\net40\System.Web.Mvc.dll" />
      <DeploymentItem filename="D:\Kevin\GitHub\HiddenMickeyProject\packages\Ninject.3.2.0.0\lib\net40\Ninject.dll" />
      <DeploymentItem filename="C:\Program Files (x86)\Microsoft ASP.NET\ASP.NET MVC 4\Assemblies\System.Net.Http.WebRequest.dll" />
      <DeploymentItem filename="D:\Kevin\GitHub\HiddenMickeyProject\packages\Microsoft.AspNet.Web.Optimization.1.0.0\lib\net40\System.Web.Optimization.dll" />
      <DeploymentItem filename="D:\Kevin\GitHub\HiddenMickeyProject\packages\Ninject.MVC4.3.2.1.0\lib\net40-full\Ninject.Web.Mvc.dll" />
      <DeploymentItem filename="D:\Kevin\GitHub\HiddenMickeyProject\packages\MySql.Web.6.9.3\lib\net40\MySql.Web.dll" />
      <DeploymentItem filename="C:\Program Files (x86)\Microsoft ASP.NET\ASP.NET MVC 4\Assemblies\System.Net.Http.dll" />
    </Deployment>
    <Execution>
      <TestTypeSpecific>
        <UnitTestRunConfig testTypeId="13cdc9d9-ddb5-4fa4-a97d-d965ccfc6d4b">
          <AssemblyResolution>
            <TestDirectory useLoadContext="true" />
          </AssemblyResolution>
        </UnitTestRunConfig>
        <WebTestRunConfiguration testTypeId="4e7599fa-5ecb-43e9-a887-cd63cf72d207">
          <Browser name="Internet Explorer 7.0">
            <Headers>
              <Header name="User-Agent" value="Mozilla/4.0 (compatible; MSIE 7.0; Windows NT 5.1)" />
              <Header name="Accept" value="*/*" />
              <Header name="Accept-Language" value="{{$IEAcceptLanguage}}" />
              <Header name="Accept-Encoding" value="GZIP" />
            </Headers>
          </Browser>
        </WebTestRunConfiguration>
      </TestTypeSpecific>
      <AgentRule name="LocalMachineDefaultRole">
      </AgentRule>
    </Execution>
  </TestSettings>
  <Times creation="2014-11-06T08:47:09.9081313-05:00" queuing="2014-11-06T08:47:10.9781925-05:00" start="2014-11-06T08:47:11.1972050-05:00" finish="2014-11-06T08:47:12.4232752-05:00" />
  <ResultSummary outcome="Completed">
    <Counters total="3" executed="3" passed="3" error="0" failed="0" timeout="0" aborted="0" inconclusive="0" passedButRunAborted="0" notRunnable="0" notExecuted="0" disconnected="0" warning="0" completed="0" inProgress="0" pending="0" />
  </ResultSummary>
  <TestDefinitions>
    <UnitTest name="GivenEntryViewModelCreateNewEntry" storage="d:\kevin\github\hiddenmickeyproject\hiddenmickeyproject.tests\bin\debug\hiddenmickeyproject.tests.dll" id="519e768e-f18a-d57e-6094-182564bf588e">
      <Execution id="28bdddcf-b8af-4b20-ae6f-938fc039ca25" />
      <TestMethod codeBase="D:/Kevin/GitHub/HiddenMickeyProject/HiddenMickeyProject.Tests/bin/Debug/HiddenMickeyProject.Tests.DLL" adapterTypeName="Microsoft.VisualStudio.TestTools.TestTypes.Unit.UnitTestAdapter, Microsoft.VisualStudio.QualityTools.Tips.UnitTest.Adapter, Version=10.0.0.0, Culture=neutral, PublicKeyToken=b03f5f7f11d50a3a" className="HiddenMickeyProject.Tests.EntryControllerTest, HiddenMickeyProject.Tests, Version=1.0.0.0, Culture=neutral, PublicKeyToken=null" name="GivenEntryViewModelCreateNewEntry" />
    </UnitTest>
    <UnitTest name="GivenEntryViewModelDeleteEntry" storage="d:\kevin\github\hiddenmickeyproject\hiddenmickeyproject.tests\bin\debug\hiddenmickeyproject.tests.dll" id="d5a8a52b-4990-b9e5-0bf0-f383cbe38637">
      <Execution id="04c808d7-6a43-4248-88a5-24119fea99cd" />
      <TestMethod codeBase="D:/Kevin/GitHub/HiddenMickeyProject/HiddenMickeyProject.Tests/bin/Debug/HiddenMickeyProject.Tests.DLL" adapterTypeName="Microsoft.VisualStudio.TestTools.TestTypes.Unit.UnitTestAdapter, Microsoft.VisualStudio.QualityTools.Tips.UnitTest.Adapter, Version=10.0.0.0, Culture=neutral, PublicKeyToken=b03f5f7f11d50a3a" className="HiddenMickeyProject.Tests.EntryControllerTest, HiddenMickeyProject.Tests, Version=1.0.0.0, Culture=neutral, PublicKeyToken=null" name="GivenEntryViewModelDeleteEntry" />
    </UnitTest>
    <UnitTest name="GivenEntryViewModelUpdateEntry" storage="d:\kevin\github\hiddenmickeyproject\hiddenmickeyproject.tests\bin\debug\hiddenmickeyproject.tests.dll" id="5625c407-9a34-81ef-4f92-42a6527a3977">
      <Execution id="1e388643-983f-41f6-b973-3058a2b949fc" />
      <TestMethod codeBase="D:/Kevin/GitHub/HiddenMickeyProject/HiddenMickeyProject.Tests/bin/Debug/HiddenMickeyProject.Tests.DLL" adapterTypeName="Microsoft.VisualStudio.TestTools.TestTypes.Unit.UnitTestAdapter, Microsoft.VisualStudio.QualityTools.Tips.UnitTest.Adapter, Version=10.0.0.0, Culture=neutral, PublicKeyToken=b03f5f7f11d50a3a" className="HiddenMickeyProject.Tests.EntryControllerTest, HiddenMickeyProject.Tests, Version=1.0.0.0, Culture=neutral, PublicKeyToken=null" name="GivenEntryViewModelUpdateEntry" />
    </UnitTest>
  </TestDefinitions>
  <TestLists>
    <TestList name="Results Not in a List" id="8c84fa94-04c1-424b-9868-57a2d4851a1d" />
    <TestList name="All Loaded Results" id="19431567-8539-422a-85d7-44ee4e166bda" />
  </TestLists>
  <TestEntries>
    <TestEntry testId="d5a8a52b-4990-b9e5-0bf0-f383cbe38637" executionId="04c808d7-6a43-4248-88a5-24119fea99cd" testListId="8c84fa94-04c1-424b-9868-57a2d4851a1d" />
    <TestEntry testId="5625c407-9a34-81ef-4f92-42a6527a3977" executionId="1e388643-983f-41f6-b973-3058a2b949fc" testListId="8c84fa94-04c1-424b-9868-57a2d4851a1d" />
    <TestEntry testId="519e768e-f18a-d57e-6094-182564bf588e" executionId="28bdddcf-b8af-4b20-ae6f-938fc039ca25" testListId="8c84fa94-04c1-424b-9868-57a2d4851a1d" />
  </TestEntries>
  <Results>
    <UnitTestResult executionId="04c808d7-6a43-4248-88a5-24119fea99cd" testId="d5a8a52b-4990-b9e5-0bf0-f383cbe38637" testName="GivenEntryViewModelDeleteEntry" computerName="OFFICE-DESKTOP" duration="00:00:00.3515004" startTime="2014-11-06T08:47:11.3442135-05:00" endTime="2014-11-06T08:47:12.2722665-05:00" testType="13cdc9d9-ddb5-4fa4-a97d-d965ccfc6d4b" outcome="Passed" testListId="8c84fa94-04c1-424b-9868-57a2d4851a1d" relativeResultsDirectory="04c808d7-6a43-4248-88a5-24119fea99cd">
    </UnitTestResult>
    <UnitTestResult executionId="1e388643-983f-41f6-b973-3058a2b949fc" testId="5625c407-9a34-81ef-4f92-42a6527a3977" testName="GivenEntryViewModelUpdateEntry" computerName="OFFICE-DESKTOP" duration="00:00:00.0039553" startTime="2014-11-06T08:47:12.2782669-05:00" endTime="2014-11-06T08:47:12.2892675-05:00" testType="13cdc9d9-ddb5-4fa4-a97d-d965ccfc6d4b" outcome="Passed" testListId="8c84fa94-04c1-424b-9868-57a2d4851a1d" relativeResultsDirectory="1e388643-983f-41f6-b973-3058a2b949fc">
    </UnitTestResult>
    <UnitTestResult executionId="28bdddcf-b8af-4b20-ae6f-938fc039ca25" testId="519e768e-f18a-d57e-6094-182564bf588e" testName="GivenEntryViewModelCreateNewEntry" computerName="OFFICE-DESKTOP" duration="00:00:00.0013387" startTime="2014-11-06T08:47:12.2932677-05:00" endTime="2014-11-06T08:47:12.2992681-05:00" testType="13cdc9d9-ddb5-4fa4-a97d-d965ccfc6d4b" outcome="Passed" testListId="8c84fa94-04c1-424b-9868-57a2d4851a1d" relativeResultsDirectory="28bdddcf-b8af-4b20-ae6f-938fc039ca25">
    </UnitTestResult>
  </Results>
</TestRun>