<?xml version="1.0" encoding="UTF-8"?>
<TestRun id="aa553137-a5d8-4be3-9176-e0ee22c5ad40" name="Kevin@OFFICE-DESKTOP 2014-11-05 18:26:14" runUser="Office-Desktop\Kevin" xmlns="http://microsoft.com/schemas/VisualStudio/TeamTest/2010">
  <TestSettings name="Local" id="f540f6a2-4815-4dba-91ef-19b03ca7f34c">
    <Description>These are default test settings for a local test run.</Description>
    <Deployment runDeploymentRoot="Kevin_OFFICE-DESKTOP 2014-11-05 18_26_14">
      <DeploymentItem filename="D:\Kevin\GitHub\HiddenMickeyProject\HiddenMickeyProject.Data\bin\Debug\HiddenMickeyProject.Data.dll" />
      <DeploymentItem filename="D:\Kevin\GitHub\HiddenMickeyProject\packages\dotless.1.4.1.0\lib\dotless.Core.dll" />
      <DeploymentItem filename="C:\Program Files (x86)\Microsoft ASP.NET\ASP.NET Web Pages\v2.0\Assemblies\System.Web.WebPages.Razor.dll" />
      <DeploymentItem filename="D:\Kevin\GitHub\HiddenMickeyProject\packages\WebGrease.1.1.0\lib\WebGrease.dll" />
      <DeploymentItem filename="D:\Kevin\GitHub\HiddenMickeyProject\packages\MySql.Data.6.9.3\lib\net40\MySql.Data.dll" />
      <DeploymentItem filename="C:\Program Files (x86)\Microsoft ASP.NET\ASP.NET Web Pages\v2.0\Assemblies\System.Web.Razor.dll" />
      <DeploymentItem filename="D:\Kevin\GitHub\HiddenMickeyProject\packages\Newtonsoft.Json.4.5.6\lib\net40\Newtonsoft.Json.dll" />
      <DeploymentItem filename="C:\Program Files (x86)\Microsoft ASP.NET\ASP.NET Web Pages\v2.0\Assemblies\System.Web.WebPages.dll" />
      <DeploymentItem filename="C:\Program Files (x86)\Microsoft ASP.NET\ASP.NET Web Pages\v2.0\Assemblies\Microsoft.Web.Infrastructure.dll" />
      <DeploymentItem filename="D:\Kevin\GitHub\HiddenMickeyProject\packages\WebGrease.1.1.0\lib\Antlr3.Runtime.dll" />
      <DeploymentItem filename="C:\Program Files (x86)\Microsoft ASP.NET\ASP.NET Web Pages\v2.0\Assemblies\System.Web.Helpers.dll" />
      <DeploymentItem filename="C:\Program Files (x86)\Microsoft ASP.NET\ASP.NET Web Pages\v2.0\Assemblies\System.Web.WebPages.Deployment.dll" />
      <DeploymentItem filename="D:\Kevin\GitHub\HiddenMickeyProject\packages\Ninject.MVC4.3.2.1.0\lib\net40-full\Ninject.Web.Mvc.dll" />
      <DeploymentItem filename="D:\Kevin\GitHub\HiddenMickeyProject\packages\Ninject.Web.Common.3.2.0.0\lib\net40-full\Ninject.Web.Common.dll" />
      <DeploymentItem filename="C:\Program Files (x86)\Microsoft ASP.NET\ASP.NET MVC 4\Assemblies\System.Net.Http.WebRequest.dll" />
      <DeploymentItem filename="D:\Kevin\GitHub\HiddenMickeyProject\HiddenMickeyProject\bin\HiddenMickeyProject.dll" />
      <DeploymentItem filename="D:\Kevin\GitHub\HiddenMickeyProject\packages\RhinoMocks.3.6.1\lib\net\Rhino.Mocks.dll" />
      <DeploymentItem filename="D:\Kevin\GitHub\HiddenMickeyProject\packages\WebActivatorEx.2.0\lib\net40\WebActivatorEx.dll" />
      <DeploymentItem filename="D:\Kevin\GitHub\HiddenMickeyProject\packages\Microsoft.AspNet.Mvc.4.0.20710.0\lib\net40\System.Web.Mvc.dll" />
      <DeploymentItem filename="D:\Kevin\GitHub\HiddenMickeyProject\packages\Ninject.3.2.0.0\lib\net40\Ninject.dll" />
      <DeploymentItem filename="D:\Kevin\GitHub\HiddenMickeyProject\packages\Microsoft.AspNet.Web.Optimization.1.0.0\lib\net40\System.Web.Optimization.dll" />
      <DeploymentItem filename="D:\Kevin\GitHub\HiddenMickeyProject\packages\MySql.Web.6.9.3\lib\net40\MySql.Web.dll" />
      <DeploymentItem filename="C:\Program Files (x86)\Microsoft ASP.NET\ASP.NET MVC 4\Assemblies\System.Net.Http.dll" />
    </Deployment>
    <Execution>
      <TestTypeSpecific>
        <UnitTestRunConfig testTypeId="13cdc9d9-ddb5-4fa4-a97d-d965ccfc6d4b">
          <AssemblyResolution>
            <TestDirectory useLoadContext="true" />
          </AssemblyResolution>
        </UnitTestRunConfig>
        <WebTestRunConfiguration testTypeId="4e7599fa-5ecb-43e9-a887-cd63cf72d207">
          <Browser name="Internet Explorer 7.0">
            <Headers>
              <Header name="User-Agent" value="Mozilla/4.0 (compatible; MSIE 7.0; Windows NT 5.1)" />
              <Header name="Accept" value="*/*" />
              <Header name="Accept-Language" value="{{$IEAcceptLanguage}}" />
              <Header name="Accept-Encoding" value="GZIP" />
            </Headers>
          </Browser>
        </WebTestRunConfiguration>
      </TestTypeSpecific>
      <AgentRule name="LocalMachineDefaultRole">
      </AgentRule>
    </Execution>
  </TestSettings>
  <Times creation="2014-11-05T18:26:14.4126071-05:00" queuing="2014-11-05T18:26:15.4926689-05:00" start="2014-11-05T18:26:15.6416774-05:00" finish="2014-11-05T18:26:22.8650905-05:00" />
  <ResultSummary outcome="Completed">
    <Counters total="15" executed="15" passed="15" error="0" failed="0" timeout="0" aborted="0" inconclusive="0" passedButRunAborted="0" notRunnable="0" notExecuted="0" disconnected="0" warning="0" completed="0" inProgress="0" pending="0" />
  </ResultSummary>
  <TestDefinitions>
    <UnitTest name="GivenNavigatorShowDeleteView" storage="d:\kevin\github\hiddenmickeyproject\hiddenmickeyproject.tests\bin\debug\hiddenmickeyproject.tests.dll" id="2eaa8788-cb2c-41ed-4ac7-a6f94226a354">
      <Execution id="9f0911e8-715a-4791-9f97-47ef172727a6" />
      <TestMethod codeBase="D:/Kevin/GitHub/HiddenMickeyProject/HiddenMickeyProject.Tests/bin/Debug/HiddenMickeyProject.Tests.DLL" adapterTypeName="Microsoft.VisualStudio.TestTools.TestTypes.Unit.UnitTestAdapter, Microsoft.VisualStudio.QualityTools.Tips.UnitTest.Adapter, Version=10.0.0.0, Culture=neutral, PublicKeyToken=b03f5f7f11d50a3a" className="HiddenMickeyProject.Tests.LocationControllerTest, HiddenMickeyProject.Tests, Version=1.0.0.0, Culture=neutral, PublicKeyToken=null" name="GivenNavigatorShowDeleteView" />
    </UnitTest>
    <UnitTest name="GetLocationsByAreaIdTest" storage="d:\kevin\github\hiddenmickeyproject\hiddenmickeyproject.tests\bin\debug\hiddenmickeyproject.tests.dll" id="0367fe5a-c6e0-4bea-ea42-4c910681d272">
      <Execution id="2ebc2f92-c501-41be-8449-62f6c7b8b0f0" />
      <TestMethod codeBase="D:/Kevin/GitHub/HiddenMickeyProject/HiddenMickeyProject.Tests/bin/Debug/HiddenMickeyProject.Tests.DLL" adapterTypeName="Microsoft.VisualStudio.TestTools.TestTypes.Unit.UnitTestAdapter, Microsoft.VisualStudio.QualityTools.Tips.UnitTest.Adapter, Version=10.0.0.0, Culture=neutral, PublicKeyToken=b03f5f7f11d50a3a" className="HiddenMickeyProject.Tests.MysqlSourceTest, HiddenMickeyProject.Tests, Version=1.0.0.0, Culture=neutral, PublicKeyToken=null" name="GetLocationsByAreaIdTest" />
    </UnitTest>
    <UnitTest name="GetRegionByIdTest" storage="d:\kevin\github\hiddenmickeyproject\hiddenmickeyproject.tests\bin\debug\hiddenmickeyproject.tests.dll" id="b017d611-ba81-c6fa-20f0-de0bf62fc559">
      <Execution id="d964b091-653c-486a-b0ac-75abd9d91b2f" />
      <TestMethod codeBase="D:/Kevin/GitHub/HiddenMickeyProject/HiddenMickeyProject.Tests/bin/Debug/HiddenMickeyProject.Tests.DLL" adapterTypeName="Microsoft.VisualStudio.TestTools.TestTypes.Unit.UnitTestAdapter, Microsoft.VisualStudio.QualityTools.Tips.UnitTest.Adapter, Version=10.0.0.0, Culture=neutral, PublicKeyToken=b03f5f7f11d50a3a" className="HiddenMickeyProject.Tests.MysqlSourceTest, HiddenMickeyProject.Tests, Version=1.0.0.0, Culture=neutral, PublicKeyToken=null" name="GetRegionByIdTest" />
    </UnitTest>
    <UnitTest name="GetLocationByIdTest" storage="d:\kevin\github\hiddenmickeyproject\hiddenmickeyproject.tests\bin\debug\hiddenmickeyproject.tests.dll" id="415b8d9f-86d9-25ec-c8ec-0816994883ed">
      <Execution id="1a95804b-e5a3-44b5-a0ad-beab9336075f" />
      <TestMethod codeBase="D:/Kevin/GitHub/HiddenMickeyProject/HiddenMickeyProject.Tests/bin/Debug/HiddenMickeyProject.Tests.DLL" adapterTypeName="Microsoft.VisualStudio.TestTools.TestTypes.Unit.UnitTestAdapter, Microsoft.VisualStudio.QualityTools.Tips.UnitTest.Adapter, Version=10.0.0.0, Culture=neutral, PublicKeyToken=b03f5f7f11d50a3a" className="HiddenMickeyProject.Tests.MysqlSourceTest, HiddenMickeyProject.Tests, Version=1.0.0.0, Culture=neutral, PublicKeyToken=null" name="GetLocationByIdTest" />
    </UnitTest>
    <UnitTest name="GivenNavigatorShowCreateView" storage="d:\kevin\github\hiddenmickeyproject\hiddenmickeyproject.tests\bin\debug\hiddenmickeyproject.tests.dll" id="566422c3-9012-901c-1e76-f0408cd400c6">
      <Execution id="bf3bd445-0759-4a50-be51-f112df450d26" />
      <TestMethod codeBase="D:/Kevin/GitHub/HiddenMickeyProject/HiddenMickeyProject.Tests/bin/Debug/HiddenMickeyProject.Tests.DLL" adapterTypeName="Microsoft.VisualStudio.TestTools.TestTypes.Unit.UnitTestAdapter, Microsoft.VisualStudio.QualityTools.Tips.UnitTest.Adapter, Version=10.0.0.0, Culture=neutral, PublicKeyToken=b03f5f7f11d50a3a" className="HiddenMickeyProject.Tests.LocationControllerTest, HiddenMickeyProject.Tests, Version=1.0.0.0, Culture=neutral, PublicKeyToken=null" name="GivenNavigatorShowCreateView" />
    </UnitTest>
    <UnitTest name="GetEntryByIdTest" storage="d:\kevin\github\hiddenmickeyproject\hiddenmickeyproject.tests\bin\debug\hiddenmickeyproject.tests.dll" id="95a5cb75-edc3-cf2d-ba16-596d68611e5c">
      <Execution id="79f2b45f-e3c2-45ea-94bf-5cbf88bd1805" />
      <TestMethod codeBase="D:/Kevin/GitHub/HiddenMickeyProject/HiddenMickeyProject.Tests/bin/Debug/HiddenMickeyProject.Tests.DLL" adapterTypeName="Microsoft.VisualStudio.TestTools.TestTypes.Unit.UnitTestAdapter, Microsoft.VisualStudio.QualityTools.Tips.UnitTest.Adapter, Version=10.0.0.0, Culture=neutral, PublicKeyToken=b03f5f7f11d50a3a" className="HiddenMickeyProject.Tests.MysqlSourceTest, HiddenMickeyProject.Tests, Version=1.0.0.0, Culture=neutral, PublicKeyToken=null" name="GetEntryByIdTest" />
    </UnitTest>
    <UnitTest name="GetAreasByRegionIdTest" storage="d:\kevin\github\hiddenmickeyproject\hiddenmickeyproject.tests\bin\debug\hiddenmickeyproject.tests.dll" id="a2ba2b3f-18b4-ff04-40cc-af30f1c0d65b">
      <Execution id="4e7bdc7b-11e5-4d41-92e4-af96d114300f" />
      <TestMethod codeBase="D:/Kevin/GitHub/HiddenMickeyProject/HiddenMickeyProject.Tests/bin/Debug/HiddenMickeyProject.Tests.DLL" adapterTypeName="Microsoft.VisualStudio.TestTools.TestTypes.Unit.UnitTestAdapter, Microsoft.VisualStudio.QualityTools.Tips.UnitTest.Adapter, Version=10.0.0.0, Culture=neutral, PublicKeyToken=b03f5f7f11d50a3a" className="HiddenMickeyProject.Tests.MysqlSourceTest, HiddenMickeyProject.Tests, Version=1.0.0.0, Culture=neutral, PublicKeyToken=null" name="GetAreasByRegionIdTest" />
    </UnitTest>
    <UnitTest name="GivenLocationViewModelUpdateLocation" storage="d:\kevin\github\hiddenmickeyproject\hiddenmickeyproject.tests\bin\debug\hiddenmickeyproject.tests.dll" id="a7f45d94-5281-26ed-d570-4f5f4db79135">
      <Execution id="5bc5c8da-645f-43ab-ac99-0d23a4c844fc" />
      <TestMethod codeBase="D:/Kevin/GitHub/HiddenMickeyProject/HiddenMickeyProject.Tests/bin/Debug/HiddenMickeyProject.Tests.DLL" adapterTypeName="Microsoft.VisualStudio.TestTools.TestTypes.Unit.UnitTestAdapter, Microsoft.VisualStudio.QualityTools.Tips.UnitTest.Adapter, Version=10.0.0.0, Culture=neutral, PublicKeyToken=b03f5f7f11d50a3a" className="HiddenMickeyProject.Tests.LocationControllerTest, HiddenMickeyProject.Tests, Version=1.0.0.0, Culture=neutral, PublicKeyToken=null" name="GivenLocationViewModelUpdateLocation" />
    </UnitTest>
    <UnitTest name="GetEntriesByLocationIdTest" storage="d:\kevin\github\hiddenmickeyproject\hiddenmickeyproject.tests\bin\debug\hiddenmickeyproject.tests.dll" id="1b2b2782-da3b-8fe0-5da6-022c49e07f31">
      <Execution id="85cc4a47-f42e-4a85-a4ed-8658c282a53b" />
      <TestMethod codeBase="D:/Kevin/GitHub/HiddenMickeyProject/HiddenMickeyProject.Tests/bin/Debug/HiddenMickeyProject.Tests.DLL" adapterTypeName="Microsoft.VisualStudio.TestTools.TestTypes.Unit.UnitTestAdapter, Microsoft.VisualStudio.QualityTools.Tips.UnitTest.Adapter, Version=10.0.0.0, Culture=neutral, PublicKeyToken=b03f5f7f11d50a3a" className="HiddenMickeyProject.Tests.MysqlSourceTest, HiddenMickeyProject.Tests, Version=1.0.0.0, Culture=neutral, PublicKeyToken=null" name="GetEntriesByLocationIdTest" />
    </UnitTest>
    <UnitTest name="GivenLocationViewModelShowDetailView" storage="d:\kevin\github\hiddenmickeyproject\hiddenmickeyproject.tests\bin\debug\hiddenmickeyproject.tests.dll" id="dbd7c734-4df5-6509-499b-00dddbab98a1">
      <Execution id="9d0e5d1a-9889-4269-b52d-5a65acdecc34" />
      <TestMethod codeBase="D:/Kevin/GitHub/HiddenMickeyProject/HiddenMickeyProject.Tests/bin/Debug/HiddenMickeyProject.Tests.DLL" adapterTypeName="Microsoft.VisualStudio.TestTools.TestTypes.Unit.UnitTestAdapter, Microsoft.VisualStudio.QualityTools.Tips.UnitTest.Adapter, Version=10.0.0.0, Culture=neutral, PublicKeyToken=b03f5f7f11d50a3a" className="HiddenMickeyProject.Tests.LocationControllerTest, HiddenMickeyProject.Tests, Version=1.0.0.0, Culture=neutral, PublicKeyToken=null" name="GivenLocationViewModelShowDetailView" />
    </UnitTest>
    <UnitTest name="RegionsTest" storage="d:\kevin\github\hiddenmickeyproject\hiddenmickeyproject.tests\bin\debug\hiddenmickeyproject.tests.dll" id="3a921523-e237-e44f-0fb7-1eba18fb4d2c">
      <Execution id="755bf59e-9036-492e-aadb-bfaaffa07aa3" />
      <TestMethod codeBase="D:/Kevin/GitHub/HiddenMickeyProject/HiddenMickeyProject.Tests/bin/Debug/HiddenMickeyProject.Tests.DLL" adapterTypeName="Microsoft.VisualStudio.TestTools.TestTypes.Unit.UnitTestAdapter, Microsoft.VisualStudio.QualityTools.Tips.UnitTest.Adapter, Version=10.0.0.0, Culture=neutral, PublicKeyToken=b03f5f7f11d50a3a" className="HiddenMickeyProject.Tests.MysqlSourceTest, HiddenMickeyProject.Tests, Version=1.0.0.0, Culture=neutral, PublicKeyToken=null" name="RegionsTest" />
    </UnitTest>
    <UnitTest name="GivenLocationViewModelDeleteLocation" storage="d:\kevin\github\hiddenmickeyproject\hiddenmickeyproject.tests\bin\debug\hiddenmickeyproject.tests.dll" id="379cd174-4fd5-7e56-d7d7-275645ab1906">
      <Execution id="d702d603-1b0e-4ecb-b362-1b8c7b95dbcf" />
      <TestMethod codeBase="D:/Kevin/GitHub/HiddenMickeyProject/HiddenMickeyProject.Tests/bin/Debug/HiddenMickeyProject.Tests.DLL" adapterTypeName="Microsoft.VisualStudio.TestTools.TestTypes.Unit.UnitTestAdapter, Microsoft.VisualStudio.QualityTools.Tips.UnitTest.Adapter, Version=10.0.0.0, Culture=neutral, PublicKeyToken=b03f5f7f11d50a3a" className="HiddenMickeyProject.Tests.LocationControllerTest, HiddenMickeyProject.Tests, Version=1.0.0.0, Culture=neutral, PublicKeyToken=null" name="GivenLocationViewModelDeleteLocation" />
    </UnitTest>
    <UnitTest name="GetAreaByIdTest" storage="d:\kevin\github\hiddenmickeyproject\hiddenmickeyproject.tests\bin\debug\hiddenmickeyproject.tests.dll" id="4bc76dca-af83-9ff5-5773-130114c7d74c">
      <Execution id="11899614-5537-4e99-9056-855f91280d9b" />
      <TestMethod codeBase="D:/Kevin/GitHub/HiddenMickeyProject/HiddenMickeyProject.Tests/bin/Debug/HiddenMickeyProject.Tests.DLL" adapterTypeName="Microsoft.VisualStudio.TestTools.TestTypes.Unit.UnitTestAdapter, Microsoft.VisualStudio.QualityTools.Tips.UnitTest.Adapter, Version=10.0.0.0, Culture=neutral, PublicKeyToken=b03f5f7f11d50a3a" className="HiddenMickeyProject.Tests.MysqlSourceTest, HiddenMickeyProject.Tests, Version=1.0.0.0, Culture=neutral, PublicKeyToken=null" name="GetAreaByIdTest" />
    </UnitTest>
    <UnitTest name="GivenNavigatorShowEditView" storage="d:\kevin\github\hiddenmickeyproject\hiddenmickeyproject.tests\bin\debug\hiddenmickeyproject.tests.dll" id="fa94d8e0-5a76-23dd-0e7d-0b9fa7c4fd83">
      <Execution id="a79a181b-f0e1-4a28-9f62-ffa82b1d20a0" />
      <TestMethod codeBase="D:/Kevin/GitHub/HiddenMickeyProject/HiddenMickeyProject.Tests/bin/Debug/HiddenMickeyProject.Tests.DLL" adapterTypeName="Microsoft.VisualStudio.TestTools.TestTypes.Unit.UnitTestAdapter, Microsoft.VisualStudio.QualityTools.Tips.UnitTest.Adapter, Version=10.0.0.0, Culture=neutral, PublicKeyToken=b03f5f7f11d50a3a" className="HiddenMickeyProject.Tests.LocationControllerTest, HiddenMickeyProject.Tests, Version=1.0.0.0, Culture=neutral, PublicKeyToken=null" name="GivenNavigatorShowEditView" />
    </UnitTest>
    <UnitTest name="GivenLocationViewModelCreateNewLocation" storage="d:\kevin\github\hiddenmickeyproject\hiddenmickeyproject.tests\bin\debug\hiddenmickeyproject.tests.dll" id="03e94dfa-2be6-c8b6-31c4-a7100364d7ae">
      <Execution id="6cb649a1-c22f-449c-8ff1-e45af2aecd81" />
      <TestMethod codeBase="D:/Kevin/GitHub/HiddenMickeyProject/HiddenMickeyProject.Tests/bin/Debug/HiddenMickeyProject.Tests.DLL" adapterTypeName="Microsoft.VisualStudio.TestTools.TestTypes.Unit.UnitTestAdapter, Microsoft.VisualStudio.QualityTools.Tips.UnitTest.Adapter, Version=10.0.0.0, Culture=neutral, PublicKeyToken=b03f5f7f11d50a3a" className="HiddenMickeyProject.Tests.LocationControllerTest, HiddenMickeyProject.Tests, Version=1.0.0.0, Culture=neutral, PublicKeyToken=null" name="GivenLocationViewModelCreateNewLocation" />
    </UnitTest>
  </TestDefinitions>
  <TestLists>
    <TestList name="Results Not in a List" id="8c84fa94-04c1-424b-9868-57a2d4851a1d" />
    <TestList name="All Loaded Results" id="19431567-8539-422a-85d7-44ee4e166bda" />
  </TestLists>
  <TestEntries>
    <TestEntry testId="0367fe5a-c6e0-4bea-ea42-4c910681d272" executionId="2ebc2f92-c501-41be-8449-62f6c7b8b0f0" testListId="8c84fa94-04c1-424b-9868-57a2d4851a1d" />
    <TestEntry testId="03e94dfa-2be6-c8b6-31c4-a7100364d7ae" executionId="6cb649a1-c22f-449c-8ff1-e45af2aecd81" testListId="8c84fa94-04c1-424b-9868-57a2d4851a1d" />
    <TestEntry testId="1b2b2782-da3b-8fe0-5da6-022c49e07f31" executionId="85cc4a47-f42e-4a85-a4ed-8658c282a53b" testListId="8c84fa94-04c1-424b-9868-57a2d4851a1d" />
    <TestEntry testId="2eaa8788-cb2c-41ed-4ac7-a6f94226a354" executionId="9f0911e8-715a-4791-9f97-47ef172727a6" testListId="8c84fa94-04c1-424b-9868-57a2d4851a1d" />
    <TestEntry testId="379cd174-4fd5-7e56-d7d7-275645ab1906" executionId="d702d603-1b0e-4ecb-b362-1b8c7b95dbcf" testListId="8c84fa94-04c1-424b-9868-57a2d4851a1d" />
    <TestEntry testId="3a921523-e237-e44f-0fb7-1eba18fb4d2c" executionId="755bf59e-9036-492e-aadb-bfaaffa07aa3" testListId="8c84fa94-04c1-424b-9868-57a2d4851a1d" />
    <TestEntry testId="415b8d9f-86d9-25ec-c8ec-0816994883ed" executionId="1a95804b-e5a3-44b5-a0ad-beab9336075f" testListId="8c84fa94-04c1-424b-9868-57a2d4851a1d" />
    <TestEntry testId="4bc76dca-af83-9ff5-5773-130114c7d74c" executionId="11899614-5537-4e99-9056-855f91280d9b" testListId="8c84fa94-04c1-424b-9868-57a2d4851a1d" />
    <TestEntry testId="566422c3-9012-901c-1e76-f0408cd400c6" executionId="bf3bd445-0759-4a50-be51-f112df450d26" testListId="8c84fa94-04c1-424b-9868-57a2d4851a1d" />
    <TestEntry testId="95a5cb75-edc3-cf2d-ba16-596d68611e5c" executionId="79f2b45f-e3c2-45ea-94bf-5cbf88bd1805" testListId="8c84fa94-04c1-424b-9868-57a2d4851a1d" />
    <TestEntry testId="a2ba2b3f-18b4-ff04-40cc-af30f1c0d65b" executionId="4e7bdc7b-11e5-4d41-92e4-af96d114300f" testListId="8c84fa94-04c1-424b-9868-57a2d4851a1d" />
    <TestEntry testId="a7f45d94-5281-26ed-d570-4f5f4db79135" executionId="5bc5c8da-645f-43ab-ac99-0d23a4c844fc" testListId="8c84fa94-04c1-424b-9868-57a2d4851a1d" />
    <TestEntry testId="b017d611-ba81-c6fa-20f0-de0bf62fc559" executionId="d964b091-653c-486a-b0ac-75abd9d91b2f" testListId="8c84fa94-04c1-424b-9868-57a2d4851a1d" />
    <TestEntry testId="dbd7c734-4df5-6509-499b-00dddbab98a1" executionId="9d0e5d1a-9889-4269-b52d-5a65acdecc34" testListId="8c84fa94-04c1-424b-9868-57a2d4851a1d" />
    <TestEntry testId="fa94d8e0-5a76-23dd-0e7d-0b9fa7c4fd83" executionId="a79a181b-f0e1-4a28-9f62-ffa82b1d20a0" testListId="8c84fa94-04c1-424b-9868-57a2d4851a1d" />
  </TestEntries>
  <Results>
    <UnitTestResult executionId="2ebc2f92-c501-41be-8449-62f6c7b8b0f0" testId="0367fe5a-c6e0-4bea-ea42-4c910681d272" testName="GetLocationsByAreaIdTest" computerName="OFFICE-DESKTOP" duration="00:00:02.6304398" startTime="2014-11-05T18:26:15.6616785-05:00" endTime="2014-11-05T18:26:18.7958578-05:00" testType="13cdc9d9-ddb5-4fa4-a97d-d965ccfc6d4b" outcome="Passed" testListId="8c84fa94-04c1-424b-9868-57a2d4851a1d" relativeResultsDirectory="2ebc2f92-c501-41be-8449-62f6c7b8b0f0">
    </UnitTestResult>
    <UnitTestResult executionId="6cb649a1-c22f-449c-8ff1-e45af2aecd81" testId="03e94dfa-2be6-c8b6-31c4-a7100364d7ae" testName="GivenLocationViewModelCreateNewLocation" computerName="OFFICE-DESKTOP" duration="00:00:00.2488054" startTime="2014-11-05T18:26:18.8018581-05:00" endTime="2014-11-05T18:26:19.0548726-05:00" testType="13cdc9d9-ddb5-4fa4-a97d-d965ccfc6d4b" outcome="Passed" testListId="8c84fa94-04c1-424b-9868-57a2d4851a1d" relativeResultsDirectory="6cb649a1-c22f-449c-8ff1-e45af2aecd81">
    </UnitTestResult>
    <UnitTestResult executionId="85cc4a47-f42e-4a85-a4ed-8658c282a53b" testId="1b2b2782-da3b-8fe0-5da6-022c49e07f31" testName="GetEntriesByLocationIdTest" computerName="OFFICE-DESKTOP" duration="00:00:00.5222095" startTime="2014-11-05T18:26:19.0688734-05:00" endTime="2014-11-05T18:26:19.5949035-05:00" testType="13cdc9d9-ddb5-4fa4-a97d-d965ccfc6d4b" outcome="Passed" testListId="8c84fa94-04c1-424b-9868-57a2d4851a1d" relativeResultsDirectory="85cc4a47-f42e-4a85-a4ed-8658c282a53b">
    </UnitTestResult>
    <UnitTestResult executionId="9f0911e8-715a-4791-9f97-47ef172727a6" testId="2eaa8788-cb2c-41ed-4ac7-a6f94226a354" testName="GivenNavigatorShowDeleteView" computerName="OFFICE-DESKTOP" duration="00:00:00.0043456" startTime="2014-11-05T18:26:19.5999038-05:00" endTime="2014-11-05T18:26:19.6079042-05:00" testType="13cdc9d9-ddb5-4fa4-a97d-d965ccfc6d4b" outcome="Passed" testListId="8c84fa94-04c1-424b-9868-57a2d4851a1d" relativeResultsDirectory="9f0911e8-715a-4791-9f97-47ef172727a6">
    </UnitTestResult>
    <UnitTestResult executionId="d702d603-1b0e-4ecb-b362-1b8c7b95dbcf" testId="379cd174-4fd5-7e56-d7d7-275645ab1906" testName="GivenLocationViewModelDeleteLocation" computerName="OFFICE-DESKTOP" duration="00:00:00.0020867" startTime="2014-11-05T18:26:19.6109044-05:00" endTime="2014-11-05T18:26:19.6159047-05:00" testType="13cdc9d9-ddb5-4fa4-a97d-d965ccfc6d4b" outcome="Passed" testListId="8c84fa94-04c1-424b-9868-57a2d4851a1d" relativeResultsDirectory="d702d603-1b0e-4ecb-b362-1b8c7b95dbcf">
    </UnitTestResult>
    <UnitTestResult executionId="755bf59e-9036-492e-aadb-bfaaffa07aa3" testId="3a921523-e237-e44f-0fb7-1eba18fb4d2c" testName="RegionsTest" computerName="OFFICE-DESKTOP" duration="00:00:00.5122923" startTime="2014-11-05T18:26:19.6179048-05:00" endTime="2014-11-05T18:26:20.1349344-05:00" testType="13cdc9d9-ddb5-4fa4-a97d-d965ccfc6d4b" outcome="Passed" testListId="8c84fa94-04c1-424b-9868-57a2d4851a1d" relativeResultsDirectory="755bf59e-9036-492e-aadb-bfaaffa07aa3">
    </UnitTestResult>
    <UnitTestResult executionId="1a95804b-e5a3-44b5-a0ad-beab9336075f" testId="415b8d9f-86d9-25ec-c8ec-0816994883ed" testName="GetLocationByIdTest" computerName="OFFICE-DESKTOP" duration="00:00:00.5071179" startTime="2014-11-05T18:26:20.1399347-05:00" endTime="2014-11-05T18:26:20.6509639-05:00" testType="13cdc9d9-ddb5-4fa4-a97d-d965ccfc6d4b" outcome="Passed" testListId="8c84fa94-04c1-424b-9868-57a2d4851a1d" relativeResultsDirectory="1a95804b-e5a3-44b5-a0ad-beab9336075f">
    </UnitTestResult>
    <UnitTestResult executionId="11899614-5537-4e99-9056-855f91280d9b" testId="4bc76dca-af83-9ff5-5773-130114c7d74c" testName="GetAreaByIdTest" computerName="OFFICE-DESKTOP" duration="00:00:00.4627603" startTime="2014-11-05T18:26:20.6559642-05:00" endTime="2014-11-05T18:26:21.1229909-05:00" testType="13cdc9d9-ddb5-4fa4-a97d-d965ccfc6d4b" outcome="Passed" testListId="8c84fa94-04c1-424b-9868-57a2d4851a1d" relativeResultsDirectory="11899614-5537-4e99-9056-855f91280d9b">
    </UnitTestResult>
    <UnitTestResult executionId="bf3bd445-0759-4a50-be51-f112df450d26" testId="566422c3-9012-901c-1e76-f0408cd400c6" testName="GivenNavigatorShowCreateView" computerName="OFFICE-DESKTOP" duration="00:00:00.0020047" startTime="2014-11-05T18:26:21.1289912-05:00" endTime="2014-11-05T18:26:21.1359916-05:00" testType="13cdc9d9-ddb5-4fa4-a97d-d965ccfc6d4b" outcome="Passed" testListId="8c84fa94-04c1-424b-9868-57a2d4851a1d" relativeResultsDirectory="bf3bd445-0759-4a50-be51-f112df450d26">
    </UnitTestResult>
    <UnitTestResult executionId="79f2b45f-e3c2-45ea-94bf-5cbf88bd1805" testId="95a5cb75-edc3-cf2d-ba16-596d68611e5c" testName="GetEntryByIdTest" computerName="OFFICE-DESKTOP" duration="00:00:00.5164274" startTime="2014-11-05T18:26:21.1389918-05:00" endTime="2014-11-05T18:26:21.6640218-05:00" testType="13cdc9d9-ddb5-4fa4-a97d-d965ccfc6d4b" outcome="Passed" testListId="8c84fa94-04c1-424b-9868-57a2d4851a1d" relativeResultsDirectory="79f2b45f-e3c2-45ea-94bf-5cbf88bd1805">
    </UnitTestResult>
    <UnitTestResult executionId="4e7bdc7b-11e5-4d41-92e4-af96d114300f" testId="a2ba2b3f-18b4-ff04-40cc-af30f1c0d65b" testName="GetAreasByRegionIdTest" computerName="OFFICE-DESKTOP" duration="00:00:00.5598568" startTime="2014-11-05T18:26:21.6690221-05:00" endTime="2014-11-05T18:26:22.2320543-05:00" testType="13cdc9d9-ddb5-4fa4-a97d-d965ccfc6d4b" outcome="Passed" testListId="8c84fa94-04c1-424b-9868-57a2d4851a1d" relativeResultsDirectory="4e7bdc7b-11e5-4d41-92e4-af96d114300f">
    </UnitTestResult>
    <UnitTestResult executionId="5bc5c8da-645f-43ab-ac99-0d23a4c844fc" testId="a7f45d94-5281-26ed-d570-4f5f4db79135" testName="GivenLocationViewModelUpdateLocation" computerName="OFFICE-DESKTOP" duration="00:00:00.0042234" startTime="2014-11-05T18:26:22.2350545-05:00" endTime="2014-11-05T18:26:22.2440550-05:00" testType="13cdc9d9-ddb5-4fa4-a97d-d965ccfc6d4b" outcome="Passed" testListId="8c84fa94-04c1-424b-9868-57a2d4851a1d" relativeResultsDirectory="5bc5c8da-645f-43ab-ac99-0d23a4c844fc">
    </UnitTestResult>
    <UnitTestResult executionId="d964b091-653c-486a-b0ac-75abd9d91b2f" testId="b017d611-ba81-c6fa-20f0-de0bf62fc559" testName="GetRegionByIdTest" computerName="OFFICE-DESKTOP" duration="00:00:00.4795484" startTime="2014-11-05T18:26:22.2480552-05:00" endTime="2014-11-05T18:26:22.7330830-05:00" testType="13cdc9d9-ddb5-4fa4-a97d-d965ccfc6d4b" outcome="Passed" testListId="8c84fa94-04c1-424b-9868-57a2d4851a1d" relativeResultsDirectory="d964b091-653c-486a-b0ac-75abd9d91b2f">
    </UnitTestResult>
    <UnitTestResult executionId="9d0e5d1a-9889-4269-b52d-5a65acdecc34" testId="dbd7c734-4df5-6509-499b-00dddbab98a1" testName="GivenLocationViewModelShowDetailView" computerName="OFFICE-DESKTOP" duration="00:00:00.0007176" startTime="2014-11-05T18:26:22.7360832-05:00" endTime="2014-11-05T18:26:22.7490839-05:00" testType="13cdc9d9-ddb5-4fa4-a97d-d965ccfc6d4b" outcome="Passed" testListId="8c84fa94-04c1-424b-9868-57a2d4851a1d" relativeResultsDirectory="9d0e5d1a-9889-4269-b52d-5a65acdecc34">
    </UnitTestResult>
    <UnitTestResult executionId="a79a181b-f0e1-4a28-9f62-ffa82b1d20a0" testId="fa94d8e0-5a76-23dd-0e7d-0b9fa7c4fd83" testName="GivenNavigatorShowEditView" computerName="OFFICE-DESKTOP" duration="00:00:00.0008056" startTime="2014-11-05T18:26:22.7520841-05:00" endTime="2014-11-05T18:26:22.7580844-05:00" testType="13cdc9d9-ddb5-4fa4-a97d-d965ccfc6d4b" outcome="Passed" testListId="8c84fa94-04c1-424b-9868-57a2d4851a1d" relativeResultsDirectory="a79a181b-f0e1-4a28-9f62-ffa82b1d20a0">
    </UnitTestResult>
  </Results>
</TestRun>