<?xml version="1.0" encoding="UTF-8"?>
<TestRun id="22bc9a12-5756-4973-9929-b51d9ced8a61" name="Kevin@OFFICE-DESKTOP 2014-11-06 08:47:15" runUser="Office-Desktop\Kevin" xmlns="http://microsoft.com/schemas/VisualStudio/TeamTest/2010">
  <TestSettings name="Local" id="f540f6a2-4815-4dba-91ef-19b03ca7f34c">
    <Description>These are default test settings for a local test run.</Description>
    <Deployment runDeploymentRoot="Kevin_OFFICE-DESKTOP 2014-11-06 08_47_15">
      <DeploymentItem filename="D:\Kevin\GitHub\HiddenMickeyProject\packages\Newtonsoft.Json.4.5.6\lib\net40\Newtonsoft.Json.dll" />
      <DeploymentItem filename="D:\Kevin\GitHub\HiddenMickeyProject\packages\dotless.1.4.1.0\lib\dotless.Core.dll" />
      <DeploymentItem filename="C:\Program Files (x86)\Microsoft ASP.NET\ASP.NET Web Pages\v2.0\Assemblies\System.Web.WebPages.Razor.dll" />
      <DeploymentItem filename="D:\Kevin\GitHub\HiddenMickeyProject\packages\WebGrease.1.1.0\lib\WebGrease.dll" />
      <DeploymentItem filename="D:\Kevin\GitHub\HiddenMickeyProject\packages\MySql.Data.6.9.3\lib\net40\MySql.Data.dll" />
      <DeploymentItem filename="C:\Program Files (x86)\Microsoft ASP.NET\ASP.NET Web Pages\v2.0\Assemblies\System.Web.Razor.dll" />
      <DeploymentItem filename="D:\Kevin\GitHub\HiddenMickeyProject\HiddenMickeyProject.Data\bin\Debug\HiddenMickeyProject.Data.dll" />
      <DeploymentItem filename="C:\Program Files (x86)\Microsoft ASP.NET\ASP.NET Web Pages\v2.0\Assemblies\System.Web.WebPages.dll" />
      <DeploymentItem filename="C:\Program Files (x86)\Microsoft ASP.NET\ASP.NET Web Pages\v2.0\Assemblies\Microsoft.Web.Infrastructure.dll" />
      <DeploymentItem filename="D:\Kevin\GitHub\HiddenMickeyProject\packages\WebGrease.1.1.0\lib\Antlr3.Runtime.dll" />
      <DeploymentItem filename="C:\Program Files (x86)\Microsoft ASP.NET\ASP.NET Web Pages\v2.0\Assemblies\System.Web.Helpers.dll" />
      <DeploymentItem filename="C:\Program Files (x86)\Microsoft ASP.NET\ASP.NET Web Pages\v2.0\Assemblies\System.Web.WebPages.Deployment.dll" />
      <DeploymentItem filename="D:\Kevin\GitHub\HiddenMickeyProject\packages\Ninject.MVC4.3.2.1.0\lib\net40-full\Ninject.Web.Mvc.dll" />
      <DeploymentItem filename="D:\Kevin\GitHub\HiddenMickeyProject\packages\Ninject.Web.Common.3.2.0.0\lib\net40-full\Ninject.Web.Common.dll" />
      <DeploymentItem filename="C:\Program Files (x86)\Microsoft ASP.NET\ASP.NET MVC 4\Assemblies\System.Net.Http.WebRequest.dll" />
      <DeploymentItem filename="D:\Kevin\GitHub\HiddenMickeyProject\HiddenMickeyProject\bin\HiddenMickeyProject.dll" />
      <DeploymentItem filename="D:\Kevin\GitHub\HiddenMickeyProject\packages\RhinoMocks.3.6.1\lib\net\Rhino.Mocks.dll" />
      <DeploymentItem filename="D:\Kevin\GitHub\HiddenMickeyProject\packages\WebActivatorEx.2.0\lib\net40\WebActivatorEx.dll" />
      <DeploymentItem filename="D:\Kevin\GitHub\HiddenMickeyProject\packages\Microsoft.AspNet.Mvc.4.0.20710.0\lib\net40\System.Web.Mvc.dll" />
      <DeploymentItem filename="D:\Kevin\GitHub\HiddenMickeyProject\packages\Ninject.3.2.0.0\lib\net40\Ninject.dll" />
      <DeploymentItem filename="D:\Kevin\GitHub\HiddenMickeyProject\packages\Microsoft.AspNet.Web.Optimization.1.0.0\lib\net40\System.Web.Optimization.dll" />
      <DeploymentItem filename="D:\Kevin\GitHub\HiddenMickeyProject\packages\MySql.Web.6.9.3\lib\net40\MySql.Web.dll" />
      <DeploymentItem filename="C:\Program Files (x86)\Microsoft ASP.NET\ASP.NET MVC 4\Assemblies\System.Net.Http.dll" />
    </Deployment>
    <Execution>
      <TestTypeSpecific>
        <UnitTestRunConfig testTypeId="13cdc9d9-ddb5-4fa4-a97d-d965ccfc6d4b">
          <AssemblyResolution>
            <TestDirectory useLoadContext="true" />
          </AssemblyResolution>
        </UnitTestRunConfig>
        <WebTestRunConfiguration testTypeId="4e7599fa-5ecb-43e9-a887-cd63cf72d207">
          <Browser name="Internet Explorer 7.0">
            <Headers>
              <Header name="User-Agent" value="Mozilla/4.0 (compatible; MSIE 7.0; Windows NT 5.1)" />
              <Header name="Accept" value="*/*" />
              <Header name="Accept-Language" value="{{$IEAcceptLanguage}}" />
              <Header name="Accept-Encoding" value="GZIP" />
            </Headers>
          </Browser>
        </WebTestRunConfiguration>
      </TestTypeSpecific>
      <AgentRule name="LocalMachineDefaultRole">
      </AgentRule>
    </Execution>
  </TestSettings>
  <Times creation="2014-11-06T08:47:15.3114404-05:00" queuing="2014-11-06T08:47:15.8304701-05:00" start="2014-11-06T08:47:15.8644720-05:00" finish="2014-11-06T08:47:22.4538489-05:00" />
  <ResultSummary outcome="Completed">
    <Counters total="23" executed="23" passed="23" error="0" failed="0" timeout="0" aborted="0" inconclusive="0" passedButRunAborted="0" notRunnable="0" notExecuted="0" disconnected="0" warning="0" completed="0" inProgress="0" pending="0" />
  </ResultSummary>
  <TestDefinitions>
    <UnitTest name="GivenNavigatorShowDeleteView" storage="d:\kevin\github\hiddenmickeyproject\hiddenmickeyproject.tests\bin\debug\hiddenmickeyproject.tests.dll" id="2eaa8788-cb2c-41ed-4ac7-a6f94226a354">
      <Execution id="795f1e71-2e5a-44ff-a599-095534d8ab80" />
      <TestMethod codeBase="D:/Kevin/GitHub/HiddenMickeyProject/HiddenMickeyProject.Tests/bin/Debug/HiddenMickeyProject.Tests.DLL" adapterTypeName="Microsoft.VisualStudio.TestTools.TestTypes.Unit.UnitTestAdapter, Microsoft.VisualStudio.QualityTools.Tips.UnitTest.Adapter, Version=10.0.0.0, Culture=neutral, PublicKeyToken=b03f5f7f11d50a3a" className="HiddenMickeyProject.Tests.LocationControllerTest, HiddenMickeyProject.Tests, Version=1.0.0.0, Culture=neutral, PublicKeyToken=null" name="GivenNavigatorShowDeleteView" />
    </UnitTest>
    <UnitTest name="GivenNavigatorShowEditView" storage="d:\kevin\github\hiddenmickeyproject\hiddenmickeyproject.tests\bin\debug\hiddenmickeyproject.tests.dll" id="fa94d8e0-5a76-23dd-0e7d-0b9fa7c4fd83">
      <Execution id="430fa70e-401b-4a4c-9019-6f5e959b65a4" />
      <TestMethod codeBase="D:/Kevin/GitHub/HiddenMickeyProject/HiddenMickeyProject.Tests/bin/Debug/HiddenMickeyProject.Tests.DLL" adapterTypeName="Microsoft.VisualStudio.TestTools.TestTypes.Unit.UnitTestAdapter, Microsoft.VisualStudio.QualityTools.Tips.UnitTest.Adapter, Version=10.0.0.0, Culture=neutral, PublicKeyToken=b03f5f7f11d50a3a" className="HiddenMickeyProject.Tests.LocationControllerTest, HiddenMickeyProject.Tests, Version=1.0.0.0, Culture=neutral, PublicKeyToken=null" name="GivenNavigatorShowEditView" />
    </UnitTest>
    <UnitTest name="RegionsTest" storage="d:\kevin\github\hiddenmickeyproject\hiddenmickeyproject.tests\bin\debug\hiddenmickeyproject.tests.dll" id="3a921523-e237-e44f-0fb7-1eba18fb4d2c">
      <Execution id="f3f1d93a-f91b-495a-a9a5-53469dacf268" />
      <TestMethod codeBase="D:/Kevin/GitHub/HiddenMickeyProject/HiddenMickeyProject.Tests/bin/Debug/HiddenMickeyProject.Tests.DLL" adapterTypeName="Microsoft.VisualStudio.TestTools.TestTypes.Unit.UnitTestAdapter, Microsoft.VisualStudio.QualityTools.Tips.UnitTest.Adapter, Version=10.0.0.0, Culture=neutral, PublicKeyToken=b03f5f7f11d50a3a" className="HiddenMickeyProject.Tests.MysqlSourceTest, HiddenMickeyProject.Tests, Version=1.0.0.0, Culture=neutral, PublicKeyToken=null" name="RegionsTest" />
    </UnitTest>
    <UnitTest name="CreateEntryTest" storage="d:\kevin\github\hiddenmickeyproject\hiddenmickeyproject.tests\bin\debug\hiddenmickeyproject.tests.dll" id="1c3f4d01-b22e-9e5f-2fc6-3e860ad3f2f8">
      <Execution id="424f55d2-a0db-4b80-81f2-0e1097fae075" />
      <TestMethod codeBase="D:/Kevin/GitHub/HiddenMickeyProject/HiddenMickeyProject.Tests/bin/Debug/HiddenMickeyProject.Tests.DLL" adapterTypeName="Microsoft.VisualStudio.TestTools.TestTypes.Unit.UnitTestAdapter, Microsoft.VisualStudio.QualityTools.Tips.UnitTest.Adapter, Version=10.0.0.0, Culture=neutral, PublicKeyToken=b03f5f7f11d50a3a" className="HiddenMickeyProject.Tests.ObjectFactoryTest, HiddenMickeyProject.Tests, Version=1.0.0.0, Culture=neutral, PublicKeyToken=null" name="CreateEntryTest" />
    </UnitTest>
    <UnitTest name="GivenLocationViewModelCreateNewLocation" storage="d:\kevin\github\hiddenmickeyproject\hiddenmickeyproject.tests\bin\debug\hiddenmickeyproject.tests.dll" id="03e94dfa-2be6-c8b6-31c4-a7100364d7ae">
      <Execution id="798ec14f-cf6b-49e3-999d-90c49a85fe4b" />
      <TestMethod codeBase="D:/Kevin/GitHub/HiddenMickeyProject/HiddenMickeyProject.Tests/bin/Debug/HiddenMickeyProject.Tests.DLL" adapterTypeName="Microsoft.VisualStudio.TestTools.TestTypes.Unit.UnitTestAdapter, Microsoft.VisualStudio.QualityTools.Tips.UnitTest.Adapter, Version=10.0.0.0, Culture=neutral, PublicKeyToken=b03f5f7f11d50a3a" className="HiddenMickeyProject.Tests.LocationControllerTest, HiddenMickeyProject.Tests, Version=1.0.0.0, Culture=neutral, PublicKeyToken=null" name="GivenLocationViewModelCreateNewLocation" />
    </UnitTest>
    <UnitTest name="GetRegionByIdTest" storage="d:\kevin\github\hiddenmickeyproject\hiddenmickeyproject.tests\bin\debug\hiddenmickeyproject.tests.dll" id="b017d611-ba81-c6fa-20f0-de0bf62fc559">
      <Execution id="7bb88729-ad3a-462e-980e-0d02c9ef27f8" />
      <TestMethod codeBase="D:/Kevin/GitHub/HiddenMickeyProject/HiddenMickeyProject.Tests/bin/Debug/HiddenMickeyProject.Tests.DLL" adapterTypeName="Microsoft.VisualStudio.TestTools.TestTypes.Unit.UnitTestAdapter, Microsoft.VisualStudio.QualityTools.Tips.UnitTest.Adapter, Version=10.0.0.0, Culture=neutral, PublicKeyToken=b03f5f7f11d50a3a" className="HiddenMickeyProject.Tests.MysqlSourceTest, HiddenMickeyProject.Tests, Version=1.0.0.0, Culture=neutral, PublicKeyToken=null" name="GetRegionByIdTest" />
    </UnitTest>
    <UnitTest name="GivenLocationViewModelDeleteLocation" storage="d:\kevin\github\hiddenmickeyproject\hiddenmickeyproject.tests\bin\debug\hiddenmickeyproject.tests.dll" id="379cd174-4fd5-7e56-d7d7-275645ab1906">
      <Execution id="ea9dd1c7-6fdd-4410-be20-a37689ba46a5" />
      <TestMethod codeBase="D:/Kevin/GitHub/HiddenMickeyProject/HiddenMickeyProject.Tests/bin/Debug/HiddenMickeyProject.Tests.DLL" adapterTypeName="Microsoft.VisualStudio.TestTools.TestTypes.Unit.UnitTestAdapter, Microsoft.VisualStudio.QualityTools.Tips.UnitTest.Adapter, Version=10.0.0.0, Culture=neutral, PublicKeyToken=b03f5f7f11d50a3a" className="HiddenMickeyProject.Tests.LocationControllerTest, HiddenMickeyProject.Tests, Version=1.0.0.0, Culture=neutral, PublicKeyToken=null" name="GivenLocationViewModelDeleteLocation" />
    </UnitTest>
    <UnitTest name="GivenNavigatorShowCreateEntryView" storage="d:\kevin\github\hiddenmickeyproject\hiddenmickeyproject.tests\bin\debug\hiddenmickeyproject.tests.dll" id="06c377e4-3f3f-b873-f56c-9f54e106e0fe">
      <Execution id="7d8a1500-6bb4-4b10-ac3f-a364b6939f1e" />
      <TestMethod codeBase="D:/Kevin/GitHub/HiddenMickeyProject/HiddenMickeyProject.Tests/bin/Debug/HiddenMickeyProject.Tests.DLL" adapterTypeName="Microsoft.VisualStudio.TestTools.TestTypes.Unit.UnitTestAdapter, Microsoft.VisualStudio.QualityTools.Tips.UnitTest.Adapter, Version=10.0.0.0, Culture=neutral, PublicKeyToken=b03f5f7f11d50a3a" className="HiddenMickeyProject.Tests.EntryControllerTest, HiddenMickeyProject.Tests, Version=1.0.0.0, Culture=neutral, PublicKeyToken=null" name="GivenNavigatorShowCreateEntryView" />
    </UnitTest>
    <UnitTest name="GivenEntryViewModelCreateNewEntry" storage="d:\kevin\github\hiddenmickeyproject\hiddenmickeyproject.tests\bin\debug\hiddenmickeyproject.tests.dll" id="519e768e-f18a-d57e-6094-182564bf588e">
      <Execution id="6b3e199e-f71c-407d-b5dd-1dc6c8c8e402" />
      <TestMethod codeBase="D:/Kevin/GitHub/HiddenMickeyProject/HiddenMickeyProject.Tests/bin/Debug/HiddenMickeyProject.Tests.DLL" adapterTypeName="Microsoft.VisualStudio.TestTools.TestTypes.Unit.UnitTestAdapter, Microsoft.VisualStudio.QualityTools.Tips.UnitTest.Adapter, Version=10.0.0.0, Culture=neutral, PublicKeyToken=b03f5f7f11d50a3a" className="HiddenMickeyProject.Tests.EntryControllerTest, HiddenMickeyProject.Tests, Version=1.0.0.0, Culture=neutral, PublicKeyToken=null" name="GivenEntryViewModelCreateNewEntry" />
    </UnitTest>
    <UnitTest name="GetEntryByIdTest" storage="d:\kevin\github\hiddenmickeyproject\hiddenmickeyproject.tests\bin\debug\hiddenmickeyproject.tests.dll" id="95a5cb75-edc3-cf2d-ba16-596d68611e5c">
      <Execution id="93f8cfa1-7840-4063-ab95-27ec149196ff" />
      <TestMethod codeBase="D:/Kevin/GitHub/HiddenMickeyProject/HiddenMickeyProject.Tests/bin/Debug/HiddenMickeyProject.Tests.DLL" adapterTypeName="Microsoft.VisualStudio.TestTools.TestTypes.Unit.UnitTestAdapter, Microsoft.VisualStudio.QualityTools.Tips.UnitTest.Adapter, Version=10.0.0.0, Culture=neutral, PublicKeyToken=b03f5f7f11d50a3a" className="HiddenMickeyProject.Tests.MysqlSourceTest, HiddenMickeyProject.Tests, Version=1.0.0.0, Culture=neutral, PublicKeyToken=null" name="GetEntryByIdTest" />
    </UnitTest>
    <UnitTest name="GetAreasByRegionIdTest" storage="d:\kevin\github\hiddenmickeyproject\hiddenmickeyproject.tests\bin\debug\hiddenmickeyproject.tests.dll" id="a2ba2b3f-18b4-ff04-40cc-af30f1c0d65b">
      <Execution id="b84970c1-e552-4eb0-884d-6ee673a94587" />
      <TestMethod codeBase="D:/Kevin/GitHub/HiddenMickeyProject/HiddenMickeyProject.Tests/bin/Debug/HiddenMickeyProject.Tests.DLL" adapterTypeName="Microsoft.VisualStudio.TestTools.TestTypes.Unit.UnitTestAdapter, Microsoft.VisualStudio.QualityTools.Tips.UnitTest.Adapter, Version=10.0.0.0, Culture=neutral, PublicKeyToken=b03f5f7f11d50a3a" className="HiddenMickeyProject.Tests.MysqlSourceTest, HiddenMickeyProject.Tests, Version=1.0.0.0, Culture=neutral, PublicKeyToken=null" name="GetAreasByRegionIdTest" />
    </UnitTest>
    <UnitTest name="GivenLocationViewModelUpdateLocation" storage="d:\kevin\github\hiddenmickeyproject\hiddenmickeyproject.tests\bin\debug\hiddenmickeyproject.tests.dll" id="a7f45d94-5281-26ed-d570-4f5f4db79135">
      <Execution id="3e483433-48c9-4bff-aa55-6ad31109602a" />
      <TestMethod codeBase="D:/Kevin/GitHub/HiddenMickeyProject/HiddenMickeyProject.Tests/bin/Debug/HiddenMickeyProject.Tests.DLL" adapterTypeName="Microsoft.VisualStudio.TestTools.TestTypes.Unit.UnitTestAdapter, Microsoft.VisualStudio.QualityTools.Tips.UnitTest.Adapter, Version=10.0.0.0, Culture=neutral, PublicKeyToken=b03f5f7f11d50a3a" className="HiddenMickeyProject.Tests.LocationControllerTest, HiddenMickeyProject.Tests, Version=1.0.0.0, Culture=neutral, PublicKeyToken=null" name="GivenLocationViewModelUpdateLocation" />
    </UnitTest>
    <UnitTest name="GetEntriesByLocationIdTest" storage="d:\kevin\github\hiddenmickeyproject\hiddenmickeyproject.tests\bin\debug\hiddenmickeyproject.tests.dll" id="1b2b2782-da3b-8fe0-5da6-022c49e07f31">
      <Execution id="9cb82c4c-fa75-407a-8f37-5ec70747eb32" />
      <TestMethod codeBase="D:/Kevin/GitHub/HiddenMickeyProject/HiddenMickeyProject.Tests/bin/Debug/HiddenMickeyProject.Tests.DLL" adapterTypeName="Microsoft.VisualStudio.TestTools.TestTypes.Unit.UnitTestAdapter, Microsoft.VisualStudio.QualityTools.Tips.UnitTest.Adapter, Version=10.0.0.0, Culture=neutral, PublicKeyToken=b03f5f7f11d50a3a" className="HiddenMickeyProject.Tests.MysqlSourceTest, HiddenMickeyProject.Tests, Version=1.0.0.0, Culture=neutral, PublicKeyToken=null" name="GetEntriesByLocationIdTest" />
    </UnitTest>
    <UnitTest name="GivenLocationViewModelShowDetailView" storage="d:\kevin\github\hiddenmickeyproject\hiddenmickeyproject.tests\bin\debug\hiddenmickeyproject.tests.dll" id="dbd7c734-4df5-6509-499b-00dddbab98a1">
      <Execution id="8198a1b6-4d44-49ce-a2f2-0d667a645037" />
      <TestMethod codeBase="D:/Kevin/GitHub/HiddenMickeyProject/HiddenMickeyProject.Tests/bin/Debug/HiddenMickeyProject.Tests.DLL" adapterTypeName="Microsoft.VisualStudio.TestTools.TestTypes.Unit.UnitTestAdapter, Microsoft.VisualStudio.QualityTools.Tips.UnitTest.Adapter, Version=10.0.0.0, Culture=neutral, PublicKeyToken=b03f5f7f11d50a3a" className="HiddenMickeyProject.Tests.LocationControllerTest, HiddenMickeyProject.Tests, Version=1.0.0.0, Culture=neutral, PublicKeyToken=null" name="GivenLocationViewModelShowDetailView" />
    </UnitTest>
    <UnitTest name="GetLocationByIdTest" storage="d:\kevin\github\hiddenmickeyproject\hiddenmickeyproject.tests\bin\debug\hiddenmickeyproject.tests.dll" id="415b8d9f-86d9-25ec-c8ec-0816994883ed">
      <Execution id="5aa4d362-ab81-4e45-8cb8-4df45b67ed5c" />
      <TestMethod codeBase="D:/Kevin/GitHub/HiddenMickeyProject/HiddenMickeyProject.Tests/bin/Debug/HiddenMickeyProject.Tests.DLL" adapterTypeName="Microsoft.VisualStudio.TestTools.TestTypes.Unit.UnitTestAdapter, Microsoft.VisualStudio.QualityTools.Tips.UnitTest.Adapter, Version=10.0.0.0, Culture=neutral, PublicKeyToken=b03f5f7f11d50a3a" className="HiddenMickeyProject.Tests.MysqlSourceTest, HiddenMickeyProject.Tests, Version=1.0.0.0, Culture=neutral, PublicKeyToken=null" name="GetLocationByIdTest" />
    </UnitTest>
    <UnitTest name="GivenNavigatorShowEditEntryView" storage="d:\kevin\github\hiddenmickeyproject\hiddenmickeyproject.tests\bin\debug\hiddenmickeyproject.tests.dll" id="4d1f4949-166a-1fb7-febd-2aa192b1c3d2">
      <Execution id="bcdfc9ff-01b1-408c-b414-e2a5f7ba4bfb" />
      <TestMethod codeBase="D:/Kevin/GitHub/HiddenMickeyProject/HiddenMickeyProject.Tests/bin/Debug/HiddenMickeyProject.Tests.DLL" adapterTypeName="Microsoft.VisualStudio.TestTools.TestTypes.Unit.UnitTestAdapter, Microsoft.VisualStudio.QualityTools.Tips.UnitTest.Adapter, Version=10.0.0.0, Culture=neutral, PublicKeyToken=b03f5f7f11d50a3a" className="HiddenMickeyProject.Tests.EntryControllerTest, HiddenMickeyProject.Tests, Version=1.0.0.0, Culture=neutral, PublicKeyToken=null" name="GivenNavigatorShowEditEntryView" />
    </UnitTest>
    <UnitTest name="GetAreaByIdTest" storage="d:\kevin\github\hiddenmickeyproject\hiddenmickeyproject.tests\bin\debug\hiddenmickeyproject.tests.dll" id="4bc76dca-af83-9ff5-5773-130114c7d74c">
      <Execution id="7000679c-ea8c-44ad-ae31-0eeab6bc98bb" />
      <TestMethod codeBase="D:/Kevin/GitHub/HiddenMickeyProject/HiddenMickeyProject.Tests/bin/Debug/HiddenMickeyProject.Tests.DLL" adapterTypeName="Microsoft.VisualStudio.TestTools.TestTypes.Unit.UnitTestAdapter, Microsoft.VisualStudio.QualityTools.Tips.UnitTest.Adapter, Version=10.0.0.0, Culture=neutral, PublicKeyToken=b03f5f7f11d50a3a" className="HiddenMickeyProject.Tests.MysqlSourceTest, HiddenMickeyProject.Tests, Version=1.0.0.0, Culture=neutral, PublicKeyToken=null" name="GetAreaByIdTest" />
    </UnitTest>
    <UnitTest name="GivenEntryViewModelUpdateEntry" storage="d:\kevin\github\hiddenmickeyproject\hiddenmickeyproject.tests\bin\debug\hiddenmickeyproject.tests.dll" id="5625c407-9a34-81ef-4f92-42a6527a3977">
      <Execution id="ba29dbaf-84a7-4178-b55e-bf526afdf119" />
      <TestMethod codeBase="D:/Kevin/GitHub/HiddenMickeyProject/HiddenMickeyProject.Tests/bin/Debug/HiddenMickeyProject.Tests.DLL" adapterTypeName="Microsoft.VisualStudio.TestTools.TestTypes.Unit.UnitTestAdapter, Microsoft.VisualStudio.QualityTools.Tips.UnitTest.Adapter, Version=10.0.0.0, Culture=neutral, PublicKeyToken=b03f5f7f11d50a3a" className="HiddenMickeyProject.Tests.EntryControllerTest, HiddenMickeyProject.Tests, Version=1.0.0.0, Culture=neutral, PublicKeyToken=null" name="GivenEntryViewModelUpdateEntry" />
    </UnitTest>
    <UnitTest name="GivenNavigatorShowCreateLocationView" storage="d:\kevin\github\hiddenmickeyproject\hiddenmickeyproject.tests\bin\debug\hiddenmickeyproject.tests.dll" id="b1aac841-2201-1e84-3962-fe3b596c1f46">
      <Execution id="9cf508f0-bf0f-4371-85f6-b0f36fa1cd32" />
      <TestMethod codeBase="D:/Kevin/GitHub/HiddenMickeyProject/HiddenMickeyProject.Tests/bin/Debug/HiddenMickeyProject.Tests.DLL" adapterTypeName="Microsoft.VisualStudio.TestTools.TestTypes.Unit.UnitTestAdapter, Microsoft.VisualStudio.QualityTools.Tips.UnitTest.Adapter, Version=10.0.0.0, Culture=neutral, PublicKeyToken=b03f5f7f11d50a3a" className="HiddenMickeyProject.Tests.LocationControllerTest, HiddenMickeyProject.Tests, Version=1.0.0.0, Culture=neutral, PublicKeyToken=null" name="GivenNavigatorShowCreateLocationView" />
    </UnitTest>
    <UnitTest name="GivenEntryViewModelDeleteEntry" storage="d:\kevin\github\hiddenmickeyproject\hiddenmickeyproject.tests\bin\debug\hiddenmickeyproject.tests.dll" id="d5a8a52b-4990-b9e5-0bf0-f383cbe38637">
      <Execution id="0cd1f281-8759-4a38-aa02-f89482d7e536" />
      <TestMethod codeBase="D:/Kevin/GitHub/HiddenMickeyProject/HiddenMickeyProject.Tests/bin/Debug/HiddenMickeyProject.Tests.DLL" adapterTypeName="Microsoft.VisualStudio.TestTools.TestTypes.Unit.UnitTestAdapter, Microsoft.VisualStudio.QualityTools.Tips.UnitTest.Adapter, Version=10.0.0.0, Culture=neutral, PublicKeyToken=b03f5f7f11d50a3a" className="HiddenMickeyProject.Tests.EntryControllerTest, HiddenMickeyProject.Tests, Version=1.0.0.0, Culture=neutral, PublicKeyToken=null" name="GivenEntryViewModelDeleteEntry" />
    </UnitTest>
    <UnitTest name="GivenNavigatorShowDeleteEntryView" storage="d:\kevin\github\hiddenmickeyproject\hiddenmickeyproject.tests\bin\debug\hiddenmickeyproject.tests.dll" id="e9980d03-cacf-5425-fe9f-12092f962f4c">
      <Execution id="e4160e6d-ebf8-43d0-8721-9fbbbc23b774" />
      <TestMethod codeBase="D:/Kevin/GitHub/HiddenMickeyProject/HiddenMickeyProject.Tests/bin/Debug/HiddenMickeyProject.Tests.DLL" adapterTypeName="Microsoft.VisualStudio.TestTools.TestTypes.Unit.UnitTestAdapter, Microsoft.VisualStudio.QualityTools.Tips.UnitTest.Adapter, Version=10.0.0.0, Culture=neutral, PublicKeyToken=b03f5f7f11d50a3a" className="HiddenMickeyProject.Tests.EntryControllerTest, HiddenMickeyProject.Tests, Version=1.0.0.0, Culture=neutral, PublicKeyToken=null" name="GivenNavigatorShowDeleteEntryView" />
    </UnitTest>
    <UnitTest name="GetLocationsByAreaIdTest" storage="d:\kevin\github\hiddenmickeyproject\hiddenmickeyproject.tests\bin\debug\hiddenmickeyproject.tests.dll" id="0367fe5a-c6e0-4bea-ea42-4c910681d272">
      <Execution id="9080477e-13b1-45f2-ace4-310a7a7e842f" />
      <TestMethod codeBase="D:/Kevin/GitHub/HiddenMickeyProject/HiddenMickeyProject.Tests/bin/Debug/HiddenMickeyProject.Tests.DLL" adapterTypeName="Microsoft.VisualStudio.TestTools.TestTypes.Unit.UnitTestAdapter, Microsoft.VisualStudio.QualityTools.Tips.UnitTest.Adapter, Version=10.0.0.0, Culture=neutral, PublicKeyToken=b03f5f7f11d50a3a" className="HiddenMickeyProject.Tests.MysqlSourceTest, HiddenMickeyProject.Tests, Version=1.0.0.0, Culture=neutral, PublicKeyToken=null" name="GetLocationsByAreaIdTest" />
    </UnitTest>
    <UnitTest name="GivenNavigatorShowEntryDetailsView" storage="d:\kevin\github\hiddenmickeyproject\hiddenmickeyproject.tests\bin\debug\hiddenmickeyproject.tests.dll" id="4f6bbc7b-4aad-45a4-ec8c-343e77eaa49d">
      <Execution id="095619cc-f6bd-467e-abd2-3c3f48ca08a1" />
      <TestMethod codeBase="D:/Kevin/GitHub/HiddenMickeyProject/HiddenMickeyProject.Tests/bin/Debug/HiddenMickeyProject.Tests.DLL" adapterTypeName="Microsoft.VisualStudio.TestTools.TestTypes.Unit.UnitTestAdapter, Microsoft.VisualStudio.QualityTools.Tips.UnitTest.Adapter, Version=10.0.0.0, Culture=neutral, PublicKeyToken=b03f5f7f11d50a3a" className="HiddenMickeyProject.Tests.EntryControllerTest, HiddenMickeyProject.Tests, Version=1.0.0.0, Culture=neutral, PublicKeyToken=null" name="GivenNavigatorShowEntryDetailsView" />
    </UnitTest>
  </TestDefinitions>
  <TestLists>
    <TestList name="Results Not in a List" id="8c84fa94-04c1-424b-9868-57a2d4851a1d" />
    <TestList name="All Loaded Results" id="19431567-8539-422a-85d7-44ee4e166bda" />
  </TestLists>
  <TestEntries>
    <TestEntry testId="0367fe5a-c6e0-4bea-ea42-4c910681d272" executionId="9080477e-13b1-45f2-ace4-310a7a7e842f" testListId="8c84fa94-04c1-424b-9868-57a2d4851a1d" />
    <TestEntry testId="03e94dfa-2be6-c8b6-31c4-a7100364d7ae" executionId="798ec14f-cf6b-49e3-999d-90c49a85fe4b" testListId="8c84fa94-04c1-424b-9868-57a2d4851a1d" />
    <TestEntry testId="06c377e4-3f3f-b873-f56c-9f54e106e0fe" executionId="7d8a1500-6bb4-4b10-ac3f-a364b6939f1e" testListId="8c84fa94-04c1-424b-9868-57a2d4851a1d" />
    <TestEntry testId="1b2b2782-da3b-8fe0-5da6-022c49e07f31" executionId="9cb82c4c-fa75-407a-8f37-5ec70747eb32" testListId="8c84fa94-04c1-424b-9868-57a2d4851a1d" />
    <TestEntry testId="1c3f4d01-b22e-9e5f-2fc6-3e860ad3f2f8" executionId="424f55d2-a0db-4b80-81f2-0e1097fae075" testListId="8c84fa94-04c1-424b-9868-57a2d4851a1d" />
    <TestEntry testId="2eaa8788-cb2c-41ed-4ac7-a6f94226a354" executionId="795f1e71-2e5a-44ff-a599-095534d8ab80" testListId="8c84fa94-04c1-424b-9868-57a2d4851a1d" />
    <TestEntry testId="379cd174-4fd5-7e56-d7d7-275645ab1906" executionId="ea9dd1c7-6fdd-4410-be20-a37689ba46a5" testListId="8c84fa94-04c1-424b-9868-57a2d4851a1d" />
    <TestEntry testId="3a921523-e237-e44f-0fb7-1eba18fb4d2c" executionId="f3f1d93a-f91b-495a-a9a5-53469dacf268" testListId="8c84fa94-04c1-424b-9868-57a2d4851a1d" />
    <TestEntry testId="415b8d9f-86d9-25ec-c8ec-0816994883ed" executionId="5aa4d362-ab81-4e45-8cb8-4df45b67ed5c" testListId="8c84fa94-04c1-424b-9868-57a2d4851a1d" />
    <TestEntry testId="4bc76dca-af83-9ff5-5773-130114c7d74c" executionId="7000679c-ea8c-44ad-ae31-0eeab6bc98bb" testListId="8c84fa94-04c1-424b-9868-57a2d4851a1d" />
    <TestEntry testId="4d1f4949-166a-1fb7-febd-2aa192b1c3d2" executionId="bcdfc9ff-01b1-408c-b414-e2a5f7ba4bfb" testListId="8c84fa94-04c1-424b-9868-57a2d4851a1d" />
    <TestEntry testId="4f6bbc7b-4aad-45a4-ec8c-343e77eaa49d" executionId="095619cc-f6bd-467e-abd2-3c3f48ca08a1" testListId="8c84fa94-04c1-424b-9868-57a2d4851a1d" />
    <TestEntry testId="519e768e-f18a-d57e-6094-182564bf588e" executionId="6b3e199e-f71c-407d-b5dd-1dc6c8c8e402" testListId="8c84fa94-04c1-424b-9868-57a2d4851a1d" />
    <TestEntry testId="5625c407-9a34-81ef-4f92-42a6527a3977" executionId="ba29dbaf-84a7-4178-b55e-bf526afdf119" testListId="8c84fa94-04c1-424b-9868-57a2d4851a1d" />
    <TestEntry testId="95a5cb75-edc3-cf2d-ba16-596d68611e5c" executionId="93f8cfa1-7840-4063-ab95-27ec149196ff" testListId="8c84fa94-04c1-424b-9868-57a2d4851a1d" />
    <TestEntry testId="a2ba2b3f-18b4-ff04-40cc-af30f1c0d65b" executionId="b84970c1-e552-4eb0-884d-6ee673a94587" testListId="8c84fa94-04c1-424b-9868-57a2d4851a1d" />
    <TestEntry testId="a7f45d94-5281-26ed-d570-4f5f4db79135" executionId="3e483433-48c9-4bff-aa55-6ad31109602a" testListId="8c84fa94-04c1-424b-9868-57a2d4851a1d" />
    <TestEntry testId="b017d611-ba81-c6fa-20f0-de0bf62fc559" executionId="7bb88729-ad3a-462e-980e-0d02c9ef27f8" testListId="8c84fa94-04c1-424b-9868-57a2d4851a1d" />
    <TestEntry testId="b1aac841-2201-1e84-3962-fe3b596c1f46" executionId="9cf508f0-bf0f-4371-85f6-b0f36fa1cd32" testListId="8c84fa94-04c1-424b-9868-57a2d4851a1d" />
    <TestEntry testId="d5a8a52b-4990-b9e5-0bf0-f383cbe38637" executionId="0cd1f281-8759-4a38-aa02-f89482d7e536" testListId="8c84fa94-04c1-424b-9868-57a2d4851a1d" />
    <TestEntry testId="dbd7c734-4df5-6509-499b-00dddbab98a1" executionId="8198a1b6-4d44-49ce-a2f2-0d667a645037" testListId="8c84fa94-04c1-424b-9868-57a2d4851a1d" />
    <TestEntry testId="e9980d03-cacf-5425-fe9f-12092f962f4c" executionId="e4160e6d-ebf8-43d0-8721-9fbbbc23b774" testListId="8c84fa94-04c1-424b-9868-57a2d4851a1d" />
    <TestEntry testId="fa94d8e0-5a76-23dd-0e7d-0b9fa7c4fd83" executionId="430fa70e-401b-4a4c-9019-6f5e959b65a4" testListId="8c84fa94-04c1-424b-9868-57a2d4851a1d" />
  </TestEntries>
  <Results>
    <UnitTestResult executionId="9080477e-13b1-45f2-ace4-310a7a7e842f" testId="0367fe5a-c6e0-4bea-ea42-4c910681d272" testName="GetLocationsByAreaIdTest" computerName="OFFICE-DESKTOP" duration="00:00:02.1313910" startTime="2014-11-06T08:47:15.8774727-05:00" endTime="2014-11-06T08:47:18.2626092-05:00" testType="13cdc9d9-ddb5-4fa4-a97d-d965ccfc6d4b" outcome="Passed" testListId="8c84fa94-04c1-424b-9868-57a2d4851a1d" relativeResultsDirectory="9080477e-13b1-45f2-ace4-310a7a7e842f">
    </UnitTestResult>
    <UnitTestResult executionId="798ec14f-cf6b-49e3-999d-90c49a85fe4b" testId="03e94dfa-2be6-c8b6-31c4-a7100364d7ae" testName="GivenLocationViewModelCreateNewLocation" computerName="OFFICE-DESKTOP" duration="00:00:00.2219605" startTime="2014-11-06T08:47:18.2646093-05:00" endTime="2014-11-06T08:47:18.4906222-05:00" testType="13cdc9d9-ddb5-4fa4-a97d-d965ccfc6d4b" outcome="Passed" testListId="8c84fa94-04c1-424b-9868-57a2d4851a1d" relativeResultsDirectory="798ec14f-cf6b-49e3-999d-90c49a85fe4b">
    </UnitTestResult>
    <UnitTestResult executionId="7d8a1500-6bb4-4b10-ac3f-a364b6939f1e" testId="06c377e4-3f3f-b873-f56c-9f54e106e0fe" testName="GivenNavigatorShowCreateEntryView" computerName="OFFICE-DESKTOP" duration="00:00:00.0050825" startTime="2014-11-06T08:47:18.4946224-05:00" endTime="2014-11-06T08:47:18.5026229-05:00" testType="13cdc9d9-ddb5-4fa4-a97d-d965ccfc6d4b" outcome="Passed" testListId="8c84fa94-04c1-424b-9868-57a2d4851a1d" relativeResultsDirectory="7d8a1500-6bb4-4b10-ac3f-a364b6939f1e">
    </UnitTestResult>
    <UnitTestResult executionId="9cb82c4c-fa75-407a-8f37-5ec70747eb32" testId="1b2b2782-da3b-8fe0-5da6-022c49e07f31" testName="GetEntriesByLocationIdTest" computerName="OFFICE-DESKTOP" duration="00:00:00.5968486" startTime="2014-11-06T08:47:18.5056231-05:00" endTime="2014-11-06T08:47:19.1056574-05:00" testType="13cdc9d9-ddb5-4fa4-a97d-d965ccfc6d4b" outcome="Passed" testListId="8c84fa94-04c1-424b-9868-57a2d4851a1d" relativeResultsDirectory="9cb82c4c-fa75-407a-8f37-5ec70747eb32">
    </UnitTestResult>
    <UnitTestResult executionId="424f55d2-a0db-4b80-81f2-0e1097fae075" testId="1c3f4d01-b22e-9e5f-2fc6-3e860ad3f2f8" testName="CreateEntryTest" computerName="OFFICE-DESKTOP" duration="00:00:00.0013683" startTime="2014-11-06T08:47:19.1076575-05:00" endTime="2014-11-06T08:47:19.1136578-05:00" testType="13cdc9d9-ddb5-4fa4-a97d-d965ccfc6d4b" outcome="Passed" testListId="8c84fa94-04c1-424b-9868-57a2d4851a1d" relativeResultsDirectory="424f55d2-a0db-4b80-81f2-0e1097fae075">
    </UnitTestResult>
    <UnitTestResult executionId="795f1e71-2e5a-44ff-a599-095534d8ab80" testId="2eaa8788-cb2c-41ed-4ac7-a6f94226a354" testName="GivenNavigatorShowDeleteView" computerName="OFFICE-DESKTOP" duration="00:00:00.0009201" startTime="2014-11-06T08:47:19.1176581-05:00" endTime="2014-11-06T08:47:19.1216583-05:00" testType="13cdc9d9-ddb5-4fa4-a97d-d965ccfc6d4b" outcome="Passed" testListId="8c84fa94-04c1-424b-9868-57a2d4851a1d" relativeResultsDirectory="795f1e71-2e5a-44ff-a599-095534d8ab80">
    </UnitTestResult>
    <UnitTestResult executionId="ea9dd1c7-6fdd-4410-be20-a37689ba46a5" testId="379cd174-4fd5-7e56-d7d7-275645ab1906" testName="GivenLocationViewModelDeleteLocation" computerName="OFFICE-DESKTOP" duration="00:00:00.0020822" startTime="2014-11-06T08:47:19.1246585-05:00" endTime="2014-11-06T08:47:19.1296588-05:00" testType="13cdc9d9-ddb5-4fa4-a97d-d965ccfc6d4b" outcome="Passed" testListId="8c84fa94-04c1-424b-9868-57a2d4851a1d" relativeResultsDirectory="ea9dd1c7-6fdd-4410-be20-a37689ba46a5">
    </UnitTestResult>
    <UnitTestResult executionId="f3f1d93a-f91b-495a-a9a5-53469dacf268" testId="3a921523-e237-e44f-0fb7-1eba18fb4d2c" testName="RegionsTest" computerName="OFFICE-DESKTOP" duration="00:00:00.5132910" startTime="2014-11-06T08:47:19.1326589-05:00" endTime="2014-11-06T08:47:19.6496885-05:00" testType="13cdc9d9-ddb5-4fa4-a97d-d965ccfc6d4b" outcome="Passed" testListId="8c84fa94-04c1-424b-9868-57a2d4851a1d" relativeResultsDirectory="f3f1d93a-f91b-495a-a9a5-53469dacf268">
    </UnitTestResult>
    <UnitTestResult executionId="5aa4d362-ab81-4e45-8cb8-4df45b67ed5c" testId="415b8d9f-86d9-25ec-c8ec-0816994883ed" testName="GetLocationByIdTest" computerName="OFFICE-DESKTOP" duration="00:00:00.5479105" startTime="2014-11-06T08:47:19.6516886-05:00" endTime="2014-11-06T08:47:20.2037202-05:00" testType="13cdc9d9-ddb5-4fa4-a97d-d965ccfc6d4b" outcome="Passed" testListId="8c84fa94-04c1-424b-9868-57a2d4851a1d" relativeResultsDirectory="5aa4d362-ab81-4e45-8cb8-4df45b67ed5c">
    </UnitTestResult>
    <UnitTestResult executionId="7000679c-ea8c-44ad-ae31-0eeab6bc98bb" testId="4bc76dca-af83-9ff5-5773-130114c7d74c" testName="GetAreaByIdTest" computerName="OFFICE-DESKTOP" duration="00:00:00.5041494" startTime="2014-11-06T08:47:20.2067204-05:00" endTime="2014-11-06T08:47:20.7157495-05:00" testType="13cdc9d9-ddb5-4fa4-a97d-d965ccfc6d4b" outcome="Passed" testListId="8c84fa94-04c1-424b-9868-57a2d4851a1d" relativeResultsDirectory="7000679c-ea8c-44ad-ae31-0eeab6bc98bb">
    </UnitTestResult>
    <UnitTestResult executionId="bcdfc9ff-01b1-408c-b414-e2a5f7ba4bfb" testId="4d1f4949-166a-1fb7-febd-2aa192b1c3d2" testName="GivenNavigatorShowEditEntryView" computerName="OFFICE-DESKTOP" duration="00:00:00.0006524" startTime="2014-11-06T08:47:20.7177496-05:00" endTime="2014-11-06T08:47:20.7217498-05:00" testType="13cdc9d9-ddb5-4fa4-a97d-d965ccfc6d4b" outcome="Passed" testListId="8c84fa94-04c1-424b-9868-57a2d4851a1d" relativeResultsDirectory="bcdfc9ff-01b1-408c-b414-e2a5f7ba4bfb">
    </UnitTestResult>
    <UnitTestResult executionId="095619cc-f6bd-467e-abd2-3c3f48ca08a1" testId="4f6bbc7b-4aad-45a4-ec8c-343e77eaa49d" testName="GivenNavigatorShowEntryDetailsView" computerName="OFFICE-DESKTOP" duration="00:00:00.0006957" startTime="2014-11-06T08:47:20.7257500-05:00" endTime="2014-11-06T08:47:20.7287502-05:00" testType="13cdc9d9-ddb5-4fa4-a97d-d965ccfc6d4b" outcome="Passed" testListId="8c84fa94-04c1-424b-9868-57a2d4851a1d" relativeResultsDirectory="095619cc-f6bd-467e-abd2-3c3f48ca08a1">
    </UnitTestResult>
    <UnitTestResult executionId="6b3e199e-f71c-407d-b5dd-1dc6c8c8e402" testId="519e768e-f18a-d57e-6094-182564bf588e" testName="GivenEntryViewModelCreateNewEntry" computerName="OFFICE-DESKTOP" duration="00:00:00.0020099" startTime="2014-11-06T08:47:20.7327504-05:00" endTime="2014-11-06T08:47:20.7377507-05:00" testType="13cdc9d9-ddb5-4fa4-a97d-d965ccfc6d4b" outcome="Passed" testListId="8c84fa94-04c1-424b-9868-57a2d4851a1d" relativeResultsDirectory="6b3e199e-f71c-407d-b5dd-1dc6c8c8e402">
    </UnitTestResult>
    <UnitTestResult executionId="ba29dbaf-84a7-4178-b55e-bf526afdf119" testId="5625c407-9a34-81ef-4f92-42a6527a3977" testName="GivenEntryViewModelUpdateEntry" computerName="OFFICE-DESKTOP" duration="00:00:00.0023258" startTime="2014-11-06T08:47:20.7417510-05:00" endTime="2014-11-06T08:47:20.7477513-05:00" testType="13cdc9d9-ddb5-4fa4-a97d-d965ccfc6d4b" outcome="Passed" testListId="8c84fa94-04c1-424b-9868-57a2d4851a1d" relativeResultsDirectory="ba29dbaf-84a7-4178-b55e-bf526afdf119">
    </UnitTestResult>
    <UnitTestResult executionId="93f8cfa1-7840-4063-ab95-27ec149196ff" testId="95a5cb75-edc3-cf2d-ba16-596d68611e5c" testName="GetEntryByIdTest" computerName="OFFICE-DESKTOP" duration="00:00:00.5494485" startTime="2014-11-06T08:47:20.7507515-05:00" endTime="2014-11-06T08:47:21.3037831-05:00" testType="13cdc9d9-ddb5-4fa4-a97d-d965ccfc6d4b" outcome="Passed" testListId="8c84fa94-04c1-424b-9868-57a2d4851a1d" relativeResultsDirectory="93f8cfa1-7840-4063-ab95-27ec149196ff">
    </UnitTestResult>
    <UnitTestResult executionId="b84970c1-e552-4eb0-884d-6ee673a94587" testId="a2ba2b3f-18b4-ff04-40cc-af30f1c0d65b" testName="GetAreasByRegionIdTest" computerName="OFFICE-DESKTOP" duration="00:00:00.5381709" startTime="2014-11-06T08:47:21.3087834-05:00" endTime="2014-11-06T08:47:21.8498143-05:00" testType="13cdc9d9-ddb5-4fa4-a97d-d965ccfc6d4b" outcome="Passed" testListId="8c84fa94-04c1-424b-9868-57a2d4851a1d" relativeResultsDirectory="b84970c1-e552-4eb0-884d-6ee673a94587">
    </UnitTestResult>
    <UnitTestResult executionId="3e483433-48c9-4bff-aa55-6ad31109602a" testId="a7f45d94-5281-26ed-d570-4f5f4db79135" testName="GivenLocationViewModelUpdateLocation" computerName="OFFICE-DESKTOP" duration="00:00:00.0015055" startTime="2014-11-06T08:47:21.8528145-05:00" endTime="2014-11-06T08:47:21.8598149-05:00" testType="13cdc9d9-ddb5-4fa4-a97d-d965ccfc6d4b" outcome="Passed" testListId="8c84fa94-04c1-424b-9868-57a2d4851a1d" relativeResultsDirectory="3e483433-48c9-4bff-aa55-6ad31109602a">
    </UnitTestResult>
    <UnitTestResult executionId="7bb88729-ad3a-462e-980e-0d02c9ef27f8" testId="b017d611-ba81-c6fa-20f0-de0bf62fc559" testName="GetRegionByIdTest" computerName="OFFICE-DESKTOP" duration="00:00:00.5061290" startTime="2014-11-06T08:47:21.8648152-05:00" endTime="2014-11-06T08:47:22.3748444-05:00" testType="13cdc9d9-ddb5-4fa4-a97d-d965ccfc6d4b" outcome="Passed" testListId="8c84fa94-04c1-424b-9868-57a2d4851a1d" relativeResultsDirectory="7bb88729-ad3a-462e-980e-0d02c9ef27f8">
    </UnitTestResult>
    <UnitTestResult executionId="9cf508f0-bf0f-4371-85f6-b0f36fa1cd32" testId="b1aac841-2201-1e84-3962-fe3b596c1f46" testName="GivenNavigatorShowCreateLocationView" computerName="OFFICE-DESKTOP" duration="00:00:00.0007229" startTime="2014-11-06T08:47:22.3768445-05:00" endTime="2014-11-06T08:47:22.3858450-05:00" testType="13cdc9d9-ddb5-4fa4-a97d-d965ccfc6d4b" outcome="Passed" testListId="8c84fa94-04c1-424b-9868-57a2d4851a1d" relativeResultsDirectory="9cf508f0-bf0f-4371-85f6-b0f36fa1cd32">
    </UnitTestResult>
    <UnitTestResult executionId="0cd1f281-8759-4a38-aa02-f89482d7e536" testId="d5a8a52b-4990-b9e5-0bf0-f383cbe38637" testName="GivenEntryViewModelDeleteEntry" computerName="OFFICE-DESKTOP" duration="00:00:00.0027821" startTime="2014-11-06T08:47:22.3878451-05:00" endTime="2014-11-06T08:47:22.3978457-05:00" testType="13cdc9d9-ddb5-4fa4-a97d-d965ccfc6d4b" outcome="Passed" testListId="8c84fa94-04c1-424b-9868-57a2d4851a1d" relativeResultsDirectory="0cd1f281-8759-4a38-aa02-f89482d7e536">
    </UnitTestResult>
    <UnitTestResult executionId="8198a1b6-4d44-49ce-a2f2-0d667a645037" testId="dbd7c734-4df5-6509-499b-00dddbab98a1" testName="GivenLocationViewModelShowDetailView" computerName="OFFICE-DESKTOP" duration="00:00:00.0007142" startTime="2014-11-06T08:47:22.4008459-05:00" endTime="2014-11-06T08:47:22.4058461-05:00" testType="13cdc9d9-ddb5-4fa4-a97d-d965ccfc6d4b" outcome="Passed" testListId="8c84fa94-04c1-424b-9868-57a2d4851a1d" relativeResultsDirectory="8198a1b6-4d44-49ce-a2f2-0d667a645037">
    </UnitTestResult>
    <UnitTestResult executionId="e4160e6d-ebf8-43d0-8721-9fbbbc23b774" testId="e9980d03-cacf-5425-fe9f-12092f962f4c" testName="GivenNavigatorShowDeleteEntryView" computerName="OFFICE-DESKTOP" duration="00:00:00.0006719" startTime="2014-11-06T08:47:22.4098464-05:00" endTime="2014-11-06T08:47:22.4168468-05:00" testType="13cdc9d9-ddb5-4fa4-a97d-d965ccfc6d4b" outcome="Passed" testListId="8c84fa94-04c1-424b-9868-57a2d4851a1d" relativeResultsDirectory="e4160e6d-ebf8-43d0-8721-9fbbbc23b774">
    </UnitTestResult>
    <UnitTestResult executionId="430fa70e-401b-4a4c-9019-6f5e959b65a4" testId="fa94d8e0-5a76-23dd-0e7d-0b9fa7c4fd83" testName="GivenNavigatorShowEditView" computerName="OFFICE-DESKTOP" duration="00:00:00.0008046" startTime="2014-11-06T08:47:22.4188469-05:00" endTime="2014-11-06T08:47:22.4278474-05:00" testType="13cdc9d9-ddb5-4fa4-a97d-d965ccfc6d4b" outcome="Passed" testListId="8c84fa94-04c1-424b-9868-57a2d4851a1d" relativeResultsDirectory="430fa70e-401b-4a4c-9019-6f5e959b65a4">
    </UnitTestResult>
  </Results>
</TestRun>