<?xml version="1.0" encoding="UTF-8"?>
<TestRun id="e0dc6050-379a-4362-9ffc-d5873e0b10fe" name="Kevin@OFFICE-DESKTOP 2014-11-06 08:46:33" runUser="Office-Desktop\Kevin" xmlns="http://microsoft.com/schemas/VisualStudio/TeamTest/2010">
  <TestSettings name="Local" id="f540f6a2-4815-4dba-91ef-19b03ca7f34c">
    <Description>These are default test settings for a local test run.</Description>
    <Deployment userDeploymentRoot="D:\Kevin\GitHub\HiddenMickeyProject\TestResults" useDefaultDeploymentRoot="false" runDeploymentRoot="Kevin_OFFICE-DESKTOP 2014-11-06 08_46_33">
      <DeploymentItem filename="D:\Kevin\GitHub\HiddenMickeyProject\packages\Newtonsoft.Json.4.5.6\lib\net40\Newtonsoft.Json.dll" />
      <DeploymentItem filename="D:\Kevin\GitHub\HiddenMickeyProject\packages\dotless.1.4.1.0\lib\dotless.Core.dll" />
      <DeploymentItem filename="C:\Program Files (x86)\Microsoft ASP.NET\ASP.NET Web Pages\v2.0\Assemblies\System.Web.WebPages.Razor.dll" />
      <DeploymentItem filename="D:\Kevin\GitHub\HiddenMickeyProject\packages\WebGrease.1.1.0\lib\WebGrease.dll" />
      <DeploymentItem filename="D:\Kevin\GitHub\HiddenMickeyProject\packages\MySql.Data.6.9.3\lib\net40\MySql.Data.dll" />
      <DeploymentItem filename="D:\Kevin\GitHub\HiddenMickeyProject\HiddenMickeyProject.Data\bin\Debug\HiddenMickeyProject.Data.dll" />
      <DeploymentItem filename="C:\Program Files (x86)\Microsoft ASP.NET\ASP.NET Web Pages\v2.0\Assemblies\System.Web.WebPages.dll" />
      <DeploymentItem filename="C:\Program Files (x86)\Microsoft ASP.NET\ASP.NET Web Pages\v2.0\Assemblies\Microsoft.Web.Infrastructure.dll" />
      <DeploymentItem filename="D:\Kevin\GitHub\HiddenMickeyProject\packages\WebGrease.1.1.0\lib\Antlr3.Runtime.dll" />
      <DeploymentItem filename="C:\Program Files (x86)\Microsoft ASP.NET\ASP.NET Web Pages\v2.0\Assemblies\System.Web.Helpers.dll" />
      <DeploymentItem filename="C:\Program Files (x86)\Microsoft ASP.NET\ASP.NET Web Pages\v2.0\Assemblies\System.Web.WebPages.Deployment.dll" />
      <DeploymentItem filename="D:\Kevin\GitHub\HiddenMickeyProject\packages\Ninject.Web.Common.3.2.0.0\lib\net40-full\Ninject.Web.Common.dll" />
      <DeploymentItem filename="C:\Program Files (x86)\Microsoft ASP.NET\ASP.NET Web Pages\v2.0\Assemblies\System.Web.Razor.dll" />
      <DeploymentItem filename="D:\Kevin\GitHub\HiddenMickeyProject\HiddenMickeyProject\bin\HiddenMickeyProject.dll" />
      <DeploymentItem filename="D:\Kevin\GitHub\HiddenMickeyProject\packages\RhinoMocks.3.6.1\lib\net\Rhino.Mocks.dll" />
      <DeploymentItem filename="D:\Kevin\GitHub\HiddenMickeyProject\packages\WebActivatorEx.2.0\lib\net40\WebActivatorEx.dll" />
      <DeploymentItem filename="D:\Kevin\GitHub\HiddenMickeyProject\packages\Microsoft.AspNet.Mvc.4.0.20710.0\lib\net40\System.Web.Mvc.dll" />
      <DeploymentItem filename="D:\Kevin\GitHub\HiddenMickeyProject\packages\Ninject.3.2.0.0\lib\net40\Ninject.dll" />
      <DeploymentItem filename="C:\Program Files (x86)\Microsoft ASP.NET\ASP.NET MVC 4\Assemblies\System.Net.Http.WebRequest.dll" />
      <DeploymentItem filename="D:\Kevin\GitHub\HiddenMickeyProject\packages\Microsoft.AspNet.Web.Optimization.1.0.0\lib\net40\System.Web.Optimization.dll" />
      <DeploymentItem filename="D:\Kevin\GitHub\HiddenMickeyProject\packages\Ninject.MVC4.3.2.1.0\lib\net40-full\Ninject.Web.Mvc.dll" />
      <DeploymentItem filename="D:\Kevin\GitHub\HiddenMickeyProject\packages\MySql.Web.6.9.3\lib\net40\MySql.Web.dll" />
      <DeploymentItem filename="C:\Program Files (x86)\Microsoft ASP.NET\ASP.NET MVC 4\Assemblies\System.Net.Http.dll" />
    </Deployment>
    <Execution>
      <TestTypeSpecific>
        <UnitTestRunConfig testTypeId="13cdc9d9-ddb5-4fa4-a97d-d965ccfc6d4b">
          <AssemblyResolution>
            <TestDirectory useLoadContext="true" />
          </AssemblyResolution>
        </UnitTestRunConfig>
        <WebTestRunConfiguration testTypeId="4e7599fa-5ecb-43e9-a887-cd63cf72d207">
          <Browser name="Internet Explorer 7.0">
            <Headers>
              <Header name="User-Agent" value="Mozilla/4.0 (compatible; MSIE 7.0; Windows NT 5.1)" />
              <Header name="Accept" value="*/*" />
              <Header name="Accept-Language" value="{{$IEAcceptLanguage}}" />
              <Header name="Accept-Encoding" value="GZIP" />
            </Headers>
          </Browser>
        </WebTestRunConfiguration>
      </TestTypeSpecific>
      <AgentRule name="LocalMachineDefaultRole">
      </AgentRule>
    </Execution>
  </TestSettings>
  <Times creation="2014-11-06T08:46:33.8030662-05:00" queuing="2014-11-06T08:46:39.8394115-05:00" start="2014-11-06T08:46:40.1314282-05:00" finish="2014-11-06T08:46:59.3925299-05:00" />
  <ResultSummary outcome="Error">
    <Counters total="3" executed="2" error="0" failed="1" timeout="0" aborted="1" inconclusive="0" passedButRunAborted="0" notRunnable="0" notExecuted="1" disconnected="0" warning="0" passed="0" completed="0" inProgress="0" pending="0" />
    <RunInfos>
      <RunInfo computerName="OFFICE-DESKTOP" outcome="Error" timestamp="2014-11-06T08:46:59.3895297-05:00">
        <Text>Test host process exited unexpectedly.</Text>
      </RunInfo>
    </RunInfos>
  </ResultSummary>
  <TestDefinitions>
    <UnitTest name="GivenEntryViewModelCreateNewEntry" storage="d:\kevin\github\hiddenmickeyproject\hiddenmickeyproject.tests\bin\debug\hiddenmickeyproject.tests.dll" id="519e768e-f18a-d57e-6094-182564bf588e">
      <Execution id="7d9b515d-bf0b-4491-8a47-eae7e58c6f0c" />
      <TestMethod codeBase="D:/Kevin/GitHub/HiddenMickeyProject/HiddenMickeyProject.Tests/bin/Debug/HiddenMickeyProject.Tests.DLL" adapterTypeName="Microsoft.VisualStudio.TestTools.TestTypes.Unit.UnitTestAdapter, Microsoft.VisualStudio.QualityTools.Tips.UnitTest.Adapter, Version=10.0.0.0, Culture=neutral, PublicKeyToken=b03f5f7f11d50a3a" className="HiddenMickeyProject.Tests.EntryControllerTest, HiddenMickeyProject.Tests, Version=1.0.0.0, Culture=neutral, PublicKeyToken=null" name="GivenEntryViewModelCreateNewEntry" />
    </UnitTest>
    <UnitTest name="GivenEntryViewModelDeleteEntry" storage="d:\kevin\github\hiddenmickeyproject\hiddenmickeyproject.tests\bin\debug\hiddenmickeyproject.tests.dll" id="d5a8a52b-4990-b9e5-0bf0-f383cbe38637">
      <Execution id="f3dcc090-7f9c-42af-a0ff-8bb04ddf6a27" />
      <TestMethod codeBase="D:/Kevin/GitHub/HiddenMickeyProject/HiddenMickeyProject.Tests/bin/Debug/HiddenMickeyProject.Tests.DLL" adapterTypeName="Microsoft.VisualStudio.TestTools.TestTypes.Unit.UnitTestAdapter, Microsoft.VisualStudio.QualityTools.Tips.UnitTest.Adapter, Version=10.0.0.0, Culture=neutral, PublicKeyToken=b03f5f7f11d50a3a" className="HiddenMickeyProject.Tests.EntryControllerTest, HiddenMickeyProject.Tests, Version=1.0.0.0, Culture=neutral, PublicKeyToken=null" name="GivenEntryViewModelDeleteEntry" />
    </UnitTest>
    <UnitTest name="GivenEntryViewModelUpdateEntry" storage="d:\kevin\github\hiddenmickeyproject\hiddenmickeyproject.tests\bin\debug\hiddenmickeyproject.tests.dll" id="5625c407-9a34-81ef-4f92-42a6527a3977">
      <Execution id="57faf509-9e4c-43e2-9450-eb226c84c481" />
      <TestMethod codeBase="D:/Kevin/GitHub/HiddenMickeyProject/HiddenMickeyProject.Tests/bin/Debug/HiddenMickeyProject.Tests.DLL" adapterTypeName="Microsoft.VisualStudio.TestTools.TestTypes.Unit.UnitTestAdapter, Microsoft.VisualStudio.QualityTools.Tips.UnitTest.Adapter, Version=10.0.0.0, Culture=neutral, PublicKeyToken=b03f5f7f11d50a3a" className="HiddenMickeyProject.Tests.EntryControllerTest, HiddenMickeyProject.Tests, Version=1.0.0.0, Culture=neutral, PublicKeyToken=null" name="GivenEntryViewModelUpdateEntry" />
    </UnitTest>
  </TestDefinitions>
  <TestLists>
    <TestList name="Results Not in a List" id="8c84fa94-04c1-424b-9868-57a2d4851a1d" />
    <TestList name="All Loaded Results" id="19431567-8539-422a-85d7-44ee4e166bda" />
  </TestLists>
  <TestEntries>
    <TestEntry testId="519e768e-f18a-d57e-6094-182564bf588e" executionId="7d9b515d-bf0b-4491-8a47-eae7e58c6f0c" testListId="8c84fa94-04c1-424b-9868-57a2d4851a1d" />
    <TestEntry testId="5625c407-9a34-81ef-4f92-42a6527a3977" executionId="57faf509-9e4c-43e2-9450-eb226c84c481" testListId="8c84fa94-04c1-424b-9868-57a2d4851a1d" />
    <TestEntry testId="d5a8a52b-4990-b9e5-0bf0-f383cbe38637" executionId="f3dcc090-7f9c-42af-a0ff-8bb04ddf6a27" testListId="8c84fa94-04c1-424b-9868-57a2d4851a1d" />
  </TestEntries>
  <Results>
    <UnitTestResult executionId="7d9b515d-bf0b-4491-8a47-eae7e58c6f0c" testId="519e768e-f18a-d57e-6094-182564bf588e" testName="GivenEntryViewModelCreateNewEntry" computerName="OFFICE-DESKTOP" duration="00:00:12.1738706" startTime="2014-11-06T08:46:40.3784423-05:00" endTime="2014-11-06T08:46:56.1953470-05:00" testType="13cdc9d9-ddb5-4fa4-a97d-d965ccfc6d4b" outcome="Failed" testListId="8c84fa94-04c1-424b-9868-57a2d4851a1d" relativeResultsDirectory="7d9b515d-bf0b-4491-8a47-eae7e58c6f0c">
      <Output>
        <ErrorInfo>
          <Message>Assert.AreEqual failed. Expected:&lt;Test Region&gt;. Actual:&lt;(null)&gt;. </Message>
          <StackTrace>   at HiddenMickeyProject.Tests.EntryControllerTest.GivenEntryViewModelCreateNewEntry() in D:\Kevin\GitHub\HiddenMickeyProject\HiddenMickeyProject.Tests\EntryControllerTest.cs:line 115
</StackTrace>
        </ErrorInfo>
      </Output>
    </UnitTestResult>
    <UnitTestResult executionId="57faf509-9e4c-43e2-9450-eb226c84c481" testId="5625c407-9a34-81ef-4f92-42a6527a3977" testName="GivenEntryViewModelUpdateEntry" computerName="OFFICE-DESKTOP" duration="00:00:03.1691813" startTime="2014-11-06T08:46:56.2233486-05:00" endTime="2014-11-06T08:46:59.3925299-05:00" testType="13cdc9d9-ddb5-4fa4-a97d-d965ccfc6d4b" outcome="Aborted" testListId="8c84fa94-04c1-424b-9868-57a2d4851a1d" relativeResultsDirectory="57faf509-9e4c-43e2-9450-eb226c84c481">
    </UnitTestResult>
    <UnitTestResult executionId="f3dcc090-7f9c-42af-a0ff-8bb04ddf6a27" testId="d5a8a52b-4990-b9e5-0bf0-f383cbe38637" testName="GivenEntryViewModelDeleteEntry" computerName="OFFICE-DESKTOP" testType="13cdc9d9-ddb5-4fa4-a97d-d965ccfc6d4b" outcome="NotExecuted" testListId="8c84fa94-04c1-424b-9868-57a2d4851a1d" relativeResultsDirectory="f3dcc090-7f9c-42af-a0ff-8bb04ddf6a27">
    </UnitTestResult>
  </Results>
</TestRun>