<?xml version="1.0" encoding="UTF-8"?>
<TestRun id="62553066-44fe-409e-b7dc-e21b3edb133c" name="Kevin@OFFICE-DESKTOP 2014-11-05 20:06:51" runUser="Office-Desktop\Kevin" xmlns="http://microsoft.com/schemas/VisualStudio/TeamTest/2010">
  <TestSettings name="Local" id="f540f6a2-4815-4dba-91ef-19b03ca7f34c">
    <Description>These are default test settings for a local test run.</Description>
    <Deployment userDeploymentRoot="D:\Kevin\GitHub\HiddenMickeyProject\TestResults" useDefaultDeploymentRoot="false" runDeploymentRoot="Kevin_OFFICE-DESKTOP 2014-11-05 20_06_51">
      <DeploymentItem filename="D:\Kevin\GitHub\HiddenMickeyProject\HiddenMickeyProject.Data\bin\Debug\HiddenMickeyProject.Data.dll" />
      <DeploymentItem filename="D:\Kevin\GitHub\HiddenMickeyProject\packages\dotless.1.4.1.0\lib\dotless.Core.dll" />
      <DeploymentItem filename="C:\Program Files (x86)\Microsoft ASP.NET\ASP.NET Web Pages\v2.0\Assemblies\System.Web.WebPages.Razor.dll" />
      <DeploymentItem filename="D:\Kevin\GitHub\HiddenMickeyProject\packages\WebGrease.1.1.0\lib\WebGrease.dll" />
      <DeploymentItem filename="D:\Kevin\GitHub\HiddenMickeyProject\packages\MySql.Data.6.9.3\lib\net40\MySql.Data.dll" />
      <DeploymentItem filename="D:\Kevin\GitHub\HiddenMickeyProject\packages\Newtonsoft.Json.4.5.6\lib\net40\Newtonsoft.Json.dll" />
      <DeploymentItem filename="C:\Program Files (x86)\Microsoft ASP.NET\ASP.NET Web Pages\v2.0\Assemblies\System.Web.WebPages.dll" />
      <DeploymentItem filename="C:\Program Files (x86)\Microsoft ASP.NET\ASP.NET Web Pages\v2.0\Assemblies\Microsoft.Web.Infrastructure.dll" />
      <DeploymentItem filename="D:\Kevin\GitHub\HiddenMickeyProject\packages\WebGrease.1.1.0\lib\Antlr3.Runtime.dll" />
      <DeploymentItem filename="C:\Program Files (x86)\Microsoft ASP.NET\ASP.NET Web Pages\v2.0\Assemblies\System.Web.Helpers.dll" />
      <DeploymentItem filename="C:\Program Files (x86)\Microsoft ASP.NET\ASP.NET Web Pages\v2.0\Assemblies\System.Web.WebPages.Deployment.dll" />
      <DeploymentItem filename="D:\Kevin\GitHub\HiddenMickeyProject\packages\Ninject.Web.Common.3.2.0.0\lib\net40-full\Ninject.Web.Common.dll" />
      <DeploymentItem filename="C:\Program Files (x86)\Microsoft ASP.NET\ASP.NET Web Pages\v2.0\Assemblies\System.Web.Razor.dll" />
      <DeploymentItem filename="D:\Kevin\GitHub\HiddenMickeyProject\HiddenMickeyProject\bin\HiddenMickeyProject.dll" />
      <DeploymentItem filename="D:\Kevin\GitHub\HiddenMickeyProject\packages\RhinoMocks.3.6.1\lib\net\Rhino.Mocks.dll" />
      <DeploymentItem filename="D:\Kevin\GitHub\HiddenMickeyProject\packages\WebActivatorEx.2.0\lib\net40\WebActivatorEx.dll" />
      <DeploymentItem filename="D:\Kevin\GitHub\HiddenMickeyProject\packages\Microsoft.AspNet.Mvc.4.0.20710.0\lib\net40\System.Web.Mvc.dll" />
      <DeploymentItem filename="D:\Kevin\GitHub\HiddenMickeyProject\packages\Ninject.3.2.0.0\lib\net40\Ninject.dll" />
      <DeploymentItem filename="C:\Program Files (x86)\Microsoft ASP.NET\ASP.NET MVC 4\Assemblies\System.Net.Http.WebRequest.dll" />
      <DeploymentItem filename="D:\Kevin\GitHub\HiddenMickeyProject\packages\Microsoft.AspNet.Web.Optimization.1.0.0\lib\net40\System.Web.Optimization.dll" />
      <DeploymentItem filename="D:\Kevin\GitHub\HiddenMickeyProject\packages\Ninject.MVC4.3.2.1.0\lib\net40-full\Ninject.Web.Mvc.dll" />
      <DeploymentItem filename="D:\Kevin\GitHub\HiddenMickeyProject\packages\MySql.Web.6.9.3\lib\net40\MySql.Web.dll" />
      <DeploymentItem filename="C:\Program Files (x86)\Microsoft ASP.NET\ASP.NET MVC 4\Assemblies\System.Net.Http.dll" />
    </Deployment>
    <Execution>
      <TestTypeSpecific>
        <UnitTestRunConfig testTypeId="13cdc9d9-ddb5-4fa4-a97d-d965ccfc6d4b">
          <AssemblyResolution>
            <TestDirectory useLoadContext="true" />
          </AssemblyResolution>
        </UnitTestRunConfig>
        <WebTestRunConfiguration testTypeId="4e7599fa-5ecb-43e9-a887-cd63cf72d207">
          <Browser name="Internet Explorer 7.0">
            <Headers>
              <Header name="User-Agent" value="Mozilla/4.0 (compatible; MSIE 7.0; Windows NT 5.1)" />
              <Header name="Accept" value="*/*" />
              <Header name="Accept-Language" value="{{$IEAcceptLanguage}}" />
              <Header name="Accept-Encoding" value="GZIP" />
            </Headers>
          </Browser>
        </WebTestRunConfiguration>
      </TestTypeSpecific>
      <AgentRule name="LocalMachineDefaultRole">
      </AgentRule>
    </Execution>
  </TestSettings>
  <Times creation="2014-11-05T20:06:51.7209214-05:00" queuing="2014-11-05T20:06:52.4219615-05:00" start="2014-11-05T20:06:52.5129667-05:00" finish="2014-11-05T20:06:53.1990059-05:00" />
  <ResultSummary outcome="Inconclusive">
    <Counters total="7" executed="7" error="0" failed="0" timeout="0" aborted="0" inconclusive="7" passedButRunAborted="0" notRunnable="0" notExecuted="0" disconnected="0" warning="0" passed="0" completed="0" inProgress="0" pending="0" />
  </ResultSummary>
  <TestDefinitions>
    <UnitTest name="GivenNavigatorShowDeleteEntryView" storage="d:\kevin\github\hiddenmickeyproject\hiddenmickeyproject.tests\bin\debug\hiddenmickeyproject.tests.dll" id="e9980d03-cacf-5425-fe9f-12092f962f4c">
      <Execution id="61a42037-3746-45bd-ab47-30e172188afc" />
      <TestMethod codeBase="D:/Kevin/GitHub/HiddenMickeyProject/HiddenMickeyProject.Tests/bin/Debug/HiddenMickeyProject.Tests.DLL" adapterTypeName="Microsoft.VisualStudio.TestTools.TestTypes.Unit.UnitTestAdapter, Microsoft.VisualStudio.QualityTools.Tips.UnitTest.Adapter, Version=10.0.0.0, Culture=neutral, PublicKeyToken=b03f5f7f11d50a3a" className="HiddenMickeyProject.Tests.EntryControllerTest, HiddenMickeyProject.Tests, Version=1.0.0.0, Culture=neutral, PublicKeyToken=null" name="GivenNavigatorShowDeleteEntryView" />
    </UnitTest>
    <UnitTest name="GivenEntryViewModelCreateNewEntry" storage="d:\kevin\github\hiddenmickeyproject\hiddenmickeyproject.tests\bin\debug\hiddenmickeyproject.tests.dll" id="519e768e-f18a-d57e-6094-182564bf588e">
      <Execution id="36adc6c7-29ac-470f-9e27-f520f1b7cf17" />
      <TestMethod codeBase="D:/Kevin/GitHub/HiddenMickeyProject/HiddenMickeyProject.Tests/bin/Debug/HiddenMickeyProject.Tests.DLL" adapterTypeName="Microsoft.VisualStudio.TestTools.TestTypes.Unit.UnitTestAdapter, Microsoft.VisualStudio.QualityTools.Tips.UnitTest.Adapter, Version=10.0.0.0, Culture=neutral, PublicKeyToken=b03f5f7f11d50a3a" className="HiddenMickeyProject.Tests.EntryControllerTest, HiddenMickeyProject.Tests, Version=1.0.0.0, Culture=neutral, PublicKeyToken=null" name="GivenEntryViewModelCreateNewEntry" />
    </UnitTest>
    <UnitTest name="GivenNavigatorShowCreateEntryView" storage="d:\kevin\github\hiddenmickeyproject\hiddenmickeyproject.tests\bin\debug\hiddenmickeyproject.tests.dll" id="06c377e4-3f3f-b873-f56c-9f54e106e0fe">
      <Execution id="56cca7c9-28e0-4d96-9e1c-eb9e1d6c7f59" />
      <TestMethod codeBase="D:/Kevin/GitHub/HiddenMickeyProject/HiddenMickeyProject.Tests/bin/Debug/HiddenMickeyProject.Tests.DLL" adapterTypeName="Microsoft.VisualStudio.TestTools.TestTypes.Unit.UnitTestAdapter, Microsoft.VisualStudio.QualityTools.Tips.UnitTest.Adapter, Version=10.0.0.0, Culture=neutral, PublicKeyToken=b03f5f7f11d50a3a" className="HiddenMickeyProject.Tests.EntryControllerTest, HiddenMickeyProject.Tests, Version=1.0.0.0, Culture=neutral, PublicKeyToken=null" name="GivenNavigatorShowCreateEntryView" />
    </UnitTest>
    <UnitTest name="GivenEntryViewModelUpdateEntry" storage="d:\kevin\github\hiddenmickeyproject\hiddenmickeyproject.tests\bin\debug\hiddenmickeyproject.tests.dll" id="5625c407-9a34-81ef-4f92-42a6527a3977">
      <Execution id="a7d3f6d7-0821-4c5b-a8da-f620a9d43aee" />
      <TestMethod codeBase="D:/Kevin/GitHub/HiddenMickeyProject/HiddenMickeyProject.Tests/bin/Debug/HiddenMickeyProject.Tests.DLL" adapterTypeName="Microsoft.VisualStudio.TestTools.TestTypes.Unit.UnitTestAdapter, Microsoft.VisualStudio.QualityTools.Tips.UnitTest.Adapter, Version=10.0.0.0, Culture=neutral, PublicKeyToken=b03f5f7f11d50a3a" className="HiddenMickeyProject.Tests.EntryControllerTest, HiddenMickeyProject.Tests, Version=1.0.0.0, Culture=neutral, PublicKeyToken=null" name="GivenEntryViewModelUpdateEntry" />
    </UnitTest>
    <UnitTest name="GivenNavigatorShowEditEntryView" storage="d:\kevin\github\hiddenmickeyproject\hiddenmickeyproject.tests\bin\debug\hiddenmickeyproject.tests.dll" id="4d1f4949-166a-1fb7-febd-2aa192b1c3d2">
      <Execution id="bffb10ea-65a4-4298-961b-dc6ba4300f3b" />
      <TestMethod codeBase="D:/Kevin/GitHub/HiddenMickeyProject/HiddenMickeyProject.Tests/bin/Debug/HiddenMickeyProject.Tests.DLL" adapterTypeName="Microsoft.VisualStudio.TestTools.TestTypes.Unit.UnitTestAdapter, Microsoft.VisualStudio.QualityTools.Tips.UnitTest.Adapter, Version=10.0.0.0, Culture=neutral, PublicKeyToken=b03f5f7f11d50a3a" className="HiddenMickeyProject.Tests.EntryControllerTest, HiddenMickeyProject.Tests, Version=1.0.0.0, Culture=neutral, PublicKeyToken=null" name="GivenNavigatorShowEditEntryView" />
    </UnitTest>
    <UnitTest name="GivenEntryViewModelDeleteEntry" storage="d:\kevin\github\hiddenmickeyproject\hiddenmickeyproject.tests\bin\debug\hiddenmickeyproject.tests.dll" id="d5a8a52b-4990-b9e5-0bf0-f383cbe38637">
      <Execution id="bb5e7008-62c9-41fb-a6f2-c45dbb857ed7" />
      <TestMethod codeBase="D:/Kevin/GitHub/HiddenMickeyProject/HiddenMickeyProject.Tests/bin/Debug/HiddenMickeyProject.Tests.DLL" adapterTypeName="Microsoft.VisualStudio.TestTools.TestTypes.Unit.UnitTestAdapter, Microsoft.VisualStudio.QualityTools.Tips.UnitTest.Adapter, Version=10.0.0.0, Culture=neutral, PublicKeyToken=b03f5f7f11d50a3a" className="HiddenMickeyProject.Tests.EntryControllerTest, HiddenMickeyProject.Tests, Version=1.0.0.0, Culture=neutral, PublicKeyToken=null" name="GivenEntryViewModelDeleteEntry" />
    </UnitTest>
    <UnitTest name="GivenNavigatorShowEntryDetailsView" storage="d:\kevin\github\hiddenmickeyproject\hiddenmickeyproject.tests\bin\debug\hiddenmickeyproject.tests.dll" id="4f6bbc7b-4aad-45a4-ec8c-343e77eaa49d">
      <Execution id="cc044272-6e76-4d24-978d-2867d46e4d5d" />
      <TestMethod codeBase="D:/Kevin/GitHub/HiddenMickeyProject/HiddenMickeyProject.Tests/bin/Debug/HiddenMickeyProject.Tests.DLL" adapterTypeName="Microsoft.VisualStudio.TestTools.TestTypes.Unit.UnitTestAdapter, Microsoft.VisualStudio.QualityTools.Tips.UnitTest.Adapter, Version=10.0.0.0, Culture=neutral, PublicKeyToken=b03f5f7f11d50a3a" className="HiddenMickeyProject.Tests.EntryControllerTest, HiddenMickeyProject.Tests, Version=1.0.0.0, Culture=neutral, PublicKeyToken=null" name="GivenNavigatorShowEntryDetailsView" />
    </UnitTest>
  </TestDefinitions>
  <TestLists>
    <TestList name="Results Not in a List" id="8c84fa94-04c1-424b-9868-57a2d4851a1d" />
    <TestList name="All Loaded Results" id="19431567-8539-422a-85d7-44ee4e166bda" />
  </TestLists>
  <TestEntries>
    <TestEntry testId="06c377e4-3f3f-b873-f56c-9f54e106e0fe" executionId="56cca7c9-28e0-4d96-9e1c-eb9e1d6c7f59" testListId="8c84fa94-04c1-424b-9868-57a2d4851a1d" />
    <TestEntry testId="4d1f4949-166a-1fb7-febd-2aa192b1c3d2" executionId="bffb10ea-65a4-4298-961b-dc6ba4300f3b" testListId="8c84fa94-04c1-424b-9868-57a2d4851a1d" />
    <TestEntry testId="e9980d03-cacf-5425-fe9f-12092f962f4c" executionId="61a42037-3746-45bd-ab47-30e172188afc" testListId="8c84fa94-04c1-424b-9868-57a2d4851a1d" />
    <TestEntry testId="5625c407-9a34-81ef-4f92-42a6527a3977" executionId="a7d3f6d7-0821-4c5b-a8da-f620a9d43aee" testListId="8c84fa94-04c1-424b-9868-57a2d4851a1d" />
    <TestEntry testId="519e768e-f18a-d57e-6094-182564bf588e" executionId="36adc6c7-29ac-470f-9e27-f520f1b7cf17" testListId="8c84fa94-04c1-424b-9868-57a2d4851a1d" />
    <TestEntry testId="4f6bbc7b-4aad-45a4-ec8c-343e77eaa49d" executionId="cc044272-6e76-4d24-978d-2867d46e4d5d" testListId="8c84fa94-04c1-424b-9868-57a2d4851a1d" />
    <TestEntry testId="d5a8a52b-4990-b9e5-0bf0-f383cbe38637" executionId="bb5e7008-62c9-41fb-a6f2-c45dbb857ed7" testListId="8c84fa94-04c1-424b-9868-57a2d4851a1d" />
  </TestEntries>
  <Results>
    <UnitTestResult executionId="56cca7c9-28e0-4d96-9e1c-eb9e1d6c7f59" testId="06c377e4-3f3f-b873-f56c-9f54e106e0fe" testName="GivenNavigatorShowCreateEntryView" computerName="OFFICE-DESKTOP" duration="00:00:00.2523087" startTime="2014-11-05T20:06:52.5139667-05:00" endTime="2014-11-05T20:06:53.0329964-05:00" testType="13cdc9d9-ddb5-4fa4-a97d-d965ccfc6d4b" outcome="Inconclusive" testListId="8c84fa94-04c1-424b-9868-57a2d4851a1d" relativeResultsDirectory="56cca7c9-28e0-4d96-9e1c-eb9e1d6c7f59">
      <Output>
        <ErrorInfo>
          <Message>Assert.Inconclusive failed. Verify the correctness of this test method.</Message>
          <StackTrace>   at HiddenMickeyProject.Tests.EntryControllerTest.GivenNavigatorShowCreateEntryView() in D:\Kevin\GitHub\HiddenMickeyProject\HiddenMickeyProject.Tests\EntryControllerTest.cs:line 123
</StackTrace>
        </ErrorInfo>
      </Output>
    </UnitTestResult>
    <UnitTestResult executionId="bffb10ea-65a4-4298-961b-dc6ba4300f3b" testId="4d1f4949-166a-1fb7-febd-2aa192b1c3d2" testName="GivenNavigatorShowEditEntryView" computerName="OFFICE-DESKTOP" duration="00:00:00.0093824" startTime="2014-11-05T20:06:53.0459972-05:00" endTime="2014-11-05T20:06:53.0729987-05:00" testType="13cdc9d9-ddb5-4fa4-a97d-d965ccfc6d4b" outcome="Inconclusive" testListId="8c84fa94-04c1-424b-9868-57a2d4851a1d" relativeResultsDirectory="bffb10ea-65a4-4298-961b-dc6ba4300f3b">
      <Output>
        <ErrorInfo>
          <Message>Assert.Inconclusive failed. Verify the correctness of this test method.</Message>
          <StackTrace>   at HiddenMickeyProject.Tests.EntryControllerTest.GivenNavigatorShowEditEntryView() in D:\Kevin\GitHub\HiddenMickeyProject\HiddenMickeyProject.Tests\EntryControllerTest.cs:line 193
</StackTrace>
        </ErrorInfo>
      </Output>
    </UnitTestResult>
    <UnitTestResult executionId="61a42037-3746-45bd-ab47-30e172188afc" testId="e9980d03-cacf-5425-fe9f-12092f962f4c" testName="GivenNavigatorShowDeleteEntryView" computerName="OFFICE-DESKTOP" duration="00:00:00.0013558" startTime="2014-11-05T20:06:53.0859994-05:00" endTime="2014-11-05T20:06:53.0909997-05:00" testType="13cdc9d9-ddb5-4fa4-a97d-d965ccfc6d4b" outcome="Inconclusive" testListId="8c84fa94-04c1-424b-9868-57a2d4851a1d" relativeResultsDirectory="61a42037-3746-45bd-ab47-30e172188afc">
      <Output>
        <ErrorInfo>
          <Message>Assert.Inconclusive failed. Verify the correctness of this test method.</Message>
          <StackTrace>   at HiddenMickeyProject.Tests.EntryControllerTest.GivenNavigatorShowDeleteEntryView() in D:\Kevin\GitHub\HiddenMickeyProject\HiddenMickeyProject.Tests\EntryControllerTest.cs:line 137
</StackTrace>
        </ErrorInfo>
      </Output>
    </UnitTestResult>
    <UnitTestResult executionId="a7d3f6d7-0821-4c5b-a8da-f620a9d43aee" testId="5625c407-9a34-81ef-4f92-42a6527a3977" testName="GivenEntryViewModelUpdateEntry" computerName="OFFICE-DESKTOP" duration="00:00:00.0014294" startTime="2014-11-05T20:06:53.1010003-05:00" endTime="2014-11-05T20:06:53.1080007-05:00" testType="13cdc9d9-ddb5-4fa4-a97d-d965ccfc6d4b" outcome="Inconclusive" testListId="8c84fa94-04c1-424b-9868-57a2d4851a1d" relativeResultsDirectory="a7d3f6d7-0821-4c5b-a8da-f620a9d43aee">
      <Output>
        <ErrorInfo>
          <Message>Assert.Inconclusive failed. Verify the correctness of this test method.</Message>
          <StackTrace>   at HiddenMickeyProject.Tests.EntryControllerTest.GivenEntryViewModelUpdateEntry() in D:\Kevin\GitHub\HiddenMickeyProject\HiddenMickeyProject.Tests\EntryControllerTest.cs:line 179
</StackTrace>
        </ErrorInfo>
      </Output>
    </UnitTestResult>
    <UnitTestResult executionId="36adc6c7-29ac-470f-9e27-f520f1b7cf17" testId="519e768e-f18a-d57e-6094-182564bf588e" testName="GivenEntryViewModelCreateNewEntry" computerName="OFFICE-DESKTOP" duration="00:00:00.0015198" startTime="2014-11-05T20:06:53.1180013-05:00" endTime="2014-11-05T20:06:53.1240016-05:00" testType="13cdc9d9-ddb5-4fa4-a97d-d965ccfc6d4b" outcome="Inconclusive" testListId="8c84fa94-04c1-424b-9868-57a2d4851a1d" relativeResultsDirectory="36adc6c7-29ac-470f-9e27-f520f1b7cf17">
      <Output>
        <ErrorInfo>
          <Message>Assert.Inconclusive failed. Verify the correctness of this test method.</Message>
          <StackTrace>   at HiddenMickeyProject.Tests.EntryControllerTest.GivenEntryViewModelCreateNewEntry() in D:\Kevin\GitHub\HiddenMickeyProject\HiddenMickeyProject.Tests\EntryControllerTest.cs:line 109
</StackTrace>
        </ErrorInfo>
      </Output>
    </UnitTestResult>
    <UnitTestResult executionId="cc044272-6e76-4d24-978d-2867d46e4d5d" testId="4f6bbc7b-4aad-45a4-ec8c-343e77eaa49d" testName="GivenNavigatorShowEntryDetailsView" computerName="OFFICE-DESKTOP" duration="00:00:00.0021705" startTime="2014-11-05T20:06:53.1280019-05:00" endTime="2014-11-05T20:06:53.1360023-05:00" testType="13cdc9d9-ddb5-4fa4-a97d-d965ccfc6d4b" outcome="Inconclusive" testListId="8c84fa94-04c1-424b-9868-57a2d4851a1d" relativeResultsDirectory="cc044272-6e76-4d24-978d-2867d46e4d5d">
      <Output>
        <ErrorInfo>
          <Message>Assert.Inconclusive failed. Verify the correctness of this test method.</Message>
          <StackTrace>   at HiddenMickeyProject.Tests.EntryControllerTest.GivenNavigatorShowEntryDetailsView() in D:\Kevin\GitHub\HiddenMickeyProject\HiddenMickeyProject.Tests\EntryControllerTest.cs:line 165
</StackTrace>
        </ErrorInfo>
      </Output>
    </UnitTestResult>
    <UnitTestResult executionId="bb5e7008-62c9-41fb-a6f2-c45dbb857ed7" testId="d5a8a52b-4990-b9e5-0bf0-f383cbe38637" testName="GivenEntryViewModelDeleteEntry" computerName="OFFICE-DESKTOP" duration="00:00:00.0015114" startTime="2014-11-05T20:06:53.1470029-05:00" endTime="2014-11-05T20:06:53.1560035-05:00" testType="13cdc9d9-ddb5-4fa4-a97d-d965ccfc6d4b" outcome="Inconclusive" testListId="8c84fa94-04c1-424b-9868-57a2d4851a1d" relativeResultsDirectory="bb5e7008-62c9-41fb-a6f2-c45dbb857ed7">
      <Output>
        <ErrorInfo>
          <Message>Assert.Inconclusive failed. Verify the correctness of this test method.</Message>
          <StackTrace>   at HiddenMickeyProject.Tests.EntryControllerTest.GivenEntryViewModelDeleteEntry() in D:\Kevin\GitHub\HiddenMickeyProject\HiddenMickeyProject.Tests\EntryControllerTest.cs:line 151
</StackTrace>
        </ErrorInfo>
      </Output>
    </UnitTestResult>
  </Results>
</TestRun>