<?xml version="1.0" encoding="UTF-8"?>
<TestRun id="c3024144-a49b-4e6d-97dd-8ad31b74f2f2" name="Kevin@OFFICE-DESKTOP 2014-11-05 08:44:07" runUser="Office-Desktop\Kevin" xmlns="http://microsoft.com/schemas/VisualStudio/TeamTest/2010">
  <TestSettings name="Local" id="f540f6a2-4815-4dba-91ef-19b03ca7f34c">
    <Description>These are default test settings for a local test run.</Description>
    <Deployment enabled="false" runDeploymentRoot="Kevin_OFFICE-DESKTOP 2014-11-05 08_44_07">
      <DeploymentItem filename="D:\Kevin\GitHub\HiddenMickeyProject\HiddenMickeyProject.Data\bin\Debug\HiddenMickeyProject.Data.dll" />
      <DeploymentItem filename="D:\Kevin\GitHub\HiddenMickeyProject\packages\MySql.Data.6.9.3\lib\net40\MySql.Data.dll" />
    </Deployment>
    <Execution>
      <TestTypeSpecific />
      <AgentRule name="Execution Agents">
      </AgentRule>
    </Execution>
  </TestSettings>
  <Times creation="2014-11-05T08:44:07.4528993-05:00" queuing="2014-11-05T08:44:09.6670259-05:00" start="2014-11-05T08:44:09.7760321-05:00" finish="2014-11-05T08:44:16.2023997-05:00" />
  <ResultSummary outcome="Failed">
    <Counters total="8" executed="8" passed="6" error="0" failed="2" timeout="0" aborted="0" inconclusive="0" passedButRunAborted="0" notRunnable="0" notExecuted="0" disconnected="0" warning="0" completed="0" inProgress="0" pending="0" />
  </ResultSummary>
  <TestDefinitions>
    <UnitTest name="GetRegionByIdTest" storage="d:\kevin\github\hiddenmickeyproject\hiddenmickeyproject.tests\bin\debug\hiddenmickeyproject.tests.dll" id="b017d611-ba81-c6fa-20f0-de0bf62fc559">
      <Execution id="09ccc8c8-7b0e-4375-9a27-e01a9a5ae54d" />
      <TestMethod codeBase="D:/Kevin/GitHub/HiddenMickeyProject/HiddenMickeyProject.Tests/bin/Debug/HiddenMickeyProject.Tests.DLL" adapterTypeName="Microsoft.VisualStudio.TestTools.TestTypes.Unit.UnitTestAdapter, Microsoft.VisualStudio.QualityTools.Tips.UnitTest.Adapter, Version=10.0.0.0, Culture=neutral, PublicKeyToken=b03f5f7f11d50a3a" className="HiddenMickeyProject.Tests.MysqlSourceTest, HiddenMickeyProject.Tests, Version=1.0.0.0, Culture=neutral, PublicKeyToken=null" name="GetRegionByIdTest" />
    </UnitTest>
    <UnitTest name="RegionsTest" storage="d:\kevin\github\hiddenmickeyproject\hiddenmickeyproject.tests\bin\debug\hiddenmickeyproject.tests.dll" id="3a921523-e237-e44f-0fb7-1eba18fb4d2c">
      <Execution id="4d3670b1-33e5-4100-ba2f-4d95efb2abb2" />
      <TestMethod codeBase="D:/Kevin/GitHub/HiddenMickeyProject/HiddenMickeyProject.Tests/bin/Debug/HiddenMickeyProject.Tests.DLL" adapterTypeName="Microsoft.VisualStudio.TestTools.TestTypes.Unit.UnitTestAdapter, Microsoft.VisualStudio.QualityTools.Tips.UnitTest.Adapter, Version=10.0.0.0, Culture=neutral, PublicKeyToken=b03f5f7f11d50a3a" className="HiddenMickeyProject.Tests.MysqlSourceTest, HiddenMickeyProject.Tests, Version=1.0.0.0, Culture=neutral, PublicKeyToken=null" name="RegionsTest" />
    </UnitTest>
    <UnitTest name="GetEntriesByLocationIdTest" storage="d:\kevin\github\hiddenmickeyproject\hiddenmickeyproject.tests\bin\debug\hiddenmickeyproject.tests.dll" id="1b2b2782-da3b-8fe0-5da6-022c49e07f31">
      <Execution id="d9fcd8e0-17c8-44d0-9fb5-762b502a213a" />
      <TestMethod codeBase="D:/Kevin/GitHub/HiddenMickeyProject/HiddenMickeyProject.Tests/bin/Debug/HiddenMickeyProject.Tests.DLL" adapterTypeName="Microsoft.VisualStudio.TestTools.TestTypes.Unit.UnitTestAdapter, Microsoft.VisualStudio.QualityTools.Tips.UnitTest.Adapter, Version=10.0.0.0, Culture=neutral, PublicKeyToken=b03f5f7f11d50a3a" className="HiddenMickeyProject.Tests.MysqlSourceTest, HiddenMickeyProject.Tests, Version=1.0.0.0, Culture=neutral, PublicKeyToken=null" name="GetEntriesByLocationIdTest" />
    </UnitTest>
    <UnitTest name="GetLocationsByAreaIdTest" storage="d:\kevin\github\hiddenmickeyproject\hiddenmickeyproject.tests\bin\debug\hiddenmickeyproject.tests.dll" id="0367fe5a-c6e0-4bea-ea42-4c910681d272">
      <Execution id="0b470394-42a3-40da-9afb-aaf4b76ead98" />
      <TestMethod codeBase="D:/Kevin/GitHub/HiddenMickeyProject/HiddenMickeyProject.Tests/bin/Debug/HiddenMickeyProject.Tests.DLL" adapterTypeName="Microsoft.VisualStudio.TestTools.TestTypes.Unit.UnitTestAdapter, Microsoft.VisualStudio.QualityTools.Tips.UnitTest.Adapter, Version=10.0.0.0, Culture=neutral, PublicKeyToken=b03f5f7f11d50a3a" className="HiddenMickeyProject.Tests.MysqlSourceTest, HiddenMickeyProject.Tests, Version=1.0.0.0, Culture=neutral, PublicKeyToken=null" name="GetLocationsByAreaIdTest" />
    </UnitTest>
    <UnitTest name="GetLocationByIdTest" storage="d:\kevin\github\hiddenmickeyproject\hiddenmickeyproject.tests\bin\debug\hiddenmickeyproject.tests.dll" id="415b8d9f-86d9-25ec-c8ec-0816994883ed">
      <Execution id="f92fe351-3c2c-4733-a3a1-6f31b24b6802" />
      <TestMethod codeBase="D:/Kevin/GitHub/HiddenMickeyProject/HiddenMickeyProject.Tests/bin/Debug/HiddenMickeyProject.Tests.DLL" adapterTypeName="Microsoft.VisualStudio.TestTools.TestTypes.Unit.UnitTestAdapter, Microsoft.VisualStudio.QualityTools.Tips.UnitTest.Adapter, Version=10.0.0.0, Culture=neutral, PublicKeyToken=b03f5f7f11d50a3a" className="HiddenMickeyProject.Tests.MysqlSourceTest, HiddenMickeyProject.Tests, Version=1.0.0.0, Culture=neutral, PublicKeyToken=null" name="GetLocationByIdTest" />
    </UnitTest>
    <UnitTest name="GetEntryByIdTest" storage="d:\kevin\github\hiddenmickeyproject\hiddenmickeyproject.tests\bin\debug\hiddenmickeyproject.tests.dll" id="95a5cb75-edc3-cf2d-ba16-596d68611e5c">
      <Execution id="8ea540d4-3e32-4d05-97cf-e00c4e0ce6ff" />
      <TestMethod codeBase="D:/Kevin/GitHub/HiddenMickeyProject/HiddenMickeyProject.Tests/bin/Debug/HiddenMickeyProject.Tests.DLL" adapterTypeName="Microsoft.VisualStudio.TestTools.TestTypes.Unit.UnitTestAdapter, Microsoft.VisualStudio.QualityTools.Tips.UnitTest.Adapter, Version=10.0.0.0, Culture=neutral, PublicKeyToken=b03f5f7f11d50a3a" className="HiddenMickeyProject.Tests.MysqlSourceTest, HiddenMickeyProject.Tests, Version=1.0.0.0, Culture=neutral, PublicKeyToken=null" name="GetEntryByIdTest" />
    </UnitTest>
    <UnitTest name="GetAreasByRegionIdTest" storage="d:\kevin\github\hiddenmickeyproject\hiddenmickeyproject.tests\bin\debug\hiddenmickeyproject.tests.dll" id="a2ba2b3f-18b4-ff04-40cc-af30f1c0d65b">
      <Execution id="8a812121-0ab7-4912-8984-2bc2dce1aef2" />
      <TestMethod codeBase="D:/Kevin/GitHub/HiddenMickeyProject/HiddenMickeyProject.Tests/bin/Debug/HiddenMickeyProject.Tests.DLL" adapterTypeName="Microsoft.VisualStudio.TestTools.TestTypes.Unit.UnitTestAdapter, Microsoft.VisualStudio.QualityTools.Tips.UnitTest.Adapter, Version=10.0.0.0, Culture=neutral, PublicKeyToken=b03f5f7f11d50a3a" className="HiddenMickeyProject.Tests.MysqlSourceTest, HiddenMickeyProject.Tests, Version=1.0.0.0, Culture=neutral, PublicKeyToken=null" name="GetAreasByRegionIdTest" />
    </UnitTest>
    <UnitTest name="GetAreaByIdTest" storage="d:\kevin\github\hiddenmickeyproject\hiddenmickeyproject.tests\bin\debug\hiddenmickeyproject.tests.dll" id="4bc76dca-af83-9ff5-5773-130114c7d74c">
      <Execution id="8bfe20d2-fe7d-4091-af11-1ecad27479ed" />
      <TestMethod codeBase="D:/Kevin/GitHub/HiddenMickeyProject/HiddenMickeyProject.Tests/bin/Debug/HiddenMickeyProject.Tests.DLL" adapterTypeName="Microsoft.VisualStudio.TestTools.TestTypes.Unit.UnitTestAdapter, Microsoft.VisualStudio.QualityTools.Tips.UnitTest.Adapter, Version=10.0.0.0, Culture=neutral, PublicKeyToken=b03f5f7f11d50a3a" className="HiddenMickeyProject.Tests.MysqlSourceTest, HiddenMickeyProject.Tests, Version=1.0.0.0, Culture=neutral, PublicKeyToken=null" name="GetAreaByIdTest" />
    </UnitTest>
  </TestDefinitions>
  <TestLists>
    <TestList name="Results Not in a List" id="8c84fa94-04c1-424b-9868-57a2d4851a1d" />
    <TestList name="All Loaded Results" id="19431567-8539-422a-85d7-44ee4e166bda" />
  </TestLists>
  <TestEntries>
    <TestEntry testId="0367fe5a-c6e0-4bea-ea42-4c910681d272" executionId="0b470394-42a3-40da-9afb-aaf4b76ead98" testListId="8c84fa94-04c1-424b-9868-57a2d4851a1d" />
    <TestEntry testId="1b2b2782-da3b-8fe0-5da6-022c49e07f31" executionId="d9fcd8e0-17c8-44d0-9fb5-762b502a213a" testListId="8c84fa94-04c1-424b-9868-57a2d4851a1d" />
    <TestEntry testId="3a921523-e237-e44f-0fb7-1eba18fb4d2c" executionId="4d3670b1-33e5-4100-ba2f-4d95efb2abb2" testListId="8c84fa94-04c1-424b-9868-57a2d4851a1d" />
    <TestEntry testId="415b8d9f-86d9-25ec-c8ec-0816994883ed" executionId="f92fe351-3c2c-4733-a3a1-6f31b24b6802" testListId="8c84fa94-04c1-424b-9868-57a2d4851a1d" />
    <TestEntry testId="4bc76dca-af83-9ff5-5773-130114c7d74c" executionId="8bfe20d2-fe7d-4091-af11-1ecad27479ed" testListId="8c84fa94-04c1-424b-9868-57a2d4851a1d" />
    <TestEntry testId="95a5cb75-edc3-cf2d-ba16-596d68611e5c" executionId="8ea540d4-3e32-4d05-97cf-e00c4e0ce6ff" testListId="8c84fa94-04c1-424b-9868-57a2d4851a1d" />
    <TestEntry testId="a2ba2b3f-18b4-ff04-40cc-af30f1c0d65b" executionId="8a812121-0ab7-4912-8984-2bc2dce1aef2" testListId="8c84fa94-04c1-424b-9868-57a2d4851a1d" />
    <TestEntry testId="b017d611-ba81-c6fa-20f0-de0bf62fc559" executionId="09ccc8c8-7b0e-4375-9a27-e01a9a5ae54d" testListId="8c84fa94-04c1-424b-9868-57a2d4851a1d" />
  </TestEntries>
  <Results>
    <UnitTestResult executionId="0b470394-42a3-40da-9afb-aaf4b76ead98" testId="0367fe5a-c6e0-4bea-ea42-4c910681d272" testName="GetLocationsByAreaIdTest" computerName="OFFICE-DESKTOP" duration="00:00:02.0859268" startTime="2014-11-05T08:44:09.8770379-05:00" endTime="2014-11-05T08:44:12.6001937-05:00" testType="13cdc9d9-ddb5-4fa4-a97d-d965ccfc6d4b" outcome="Passed" testListId="8c84fa94-04c1-424b-9868-57a2d4851a1d" relativeResultsDirectory="0b470394-42a3-40da-9afb-aaf4b76ead98">
    </UnitTestResult>
    <UnitTestResult executionId="d9fcd8e0-17c8-44d0-9fb5-762b502a213a" testId="1b2b2782-da3b-8fe0-5da6-022c49e07f31" testName="GetEntriesByLocationIdTest" computerName="OFFICE-DESKTOP" duration="00:00:00.2971481" startTime="2014-11-05T08:44:12.6021938-05:00" endTime="2014-11-05T08:44:12.9082113-05:00" testType="13cdc9d9-ddb5-4fa4-a97d-d965ccfc6d4b" outcome="Failed" testListId="8c84fa94-04c1-424b-9868-57a2d4851a1d" relativeResultsDirectory="d9fcd8e0-17c8-44d0-9fb5-762b502a213a">
      <Output>
        <ErrorInfo>
          <Message>Assert.IsTrue failed. </Message>
          <StackTrace>   at HiddenMickeyProject.Tests.MysqlSourceTest.GetEntriesByLocationIdTest() in D:\Kevin\GitHub\HiddenMickeyProject\HiddenMickeyProject.Tests\MysqlSourceTest.cs:line 107
</StackTrace>
        </ErrorInfo>
      </Output>
    </UnitTestResult>
    <UnitTestResult executionId="4d3670b1-33e5-4100-ba2f-4d95efb2abb2" testId="3a921523-e237-e44f-0fb7-1eba18fb4d2c" testName="RegionsTest" computerName="OFFICE-DESKTOP" duration="00:00:00.5705979" startTime="2014-11-05T08:44:12.9112115-05:00" endTime="2014-11-05T08:44:13.4892445-05:00" testType="13cdc9d9-ddb5-4fa4-a97d-d965ccfc6d4b" outcome="Passed" testListId="8c84fa94-04c1-424b-9868-57a2d4851a1d" relativeResultsDirectory="4d3670b1-33e5-4100-ba2f-4d95efb2abb2">
    </UnitTestResult>
    <UnitTestResult executionId="f92fe351-3c2c-4733-a3a1-6f31b24b6802" testId="415b8d9f-86d9-25ec-c8ec-0816994883ed" testName="GetLocationByIdTest" computerName="OFFICE-DESKTOP" duration="00:00:00.4934401" startTime="2014-11-05T08:44:13.4922447-05:00" endTime="2014-11-05T08:44:13.9952735-05:00" testType="13cdc9d9-ddb5-4fa4-a97d-d965ccfc6d4b" outcome="Passed" testListId="8c84fa94-04c1-424b-9868-57a2d4851a1d" relativeResultsDirectory="f92fe351-3c2c-4733-a3a1-6f31b24b6802">
    </UnitTestResult>
    <UnitTestResult executionId="8bfe20d2-fe7d-4091-af11-1ecad27479ed" testId="4bc76dca-af83-9ff5-5773-130114c7d74c" testName="GetAreaByIdTest" computerName="OFFICE-DESKTOP" duration="00:00:00.5021831" startTime="2014-11-05T08:44:13.9972736-05:00" endTime="2014-11-05T08:44:14.5043026-05:00" testType="13cdc9d9-ddb5-4fa4-a97d-d965ccfc6d4b" outcome="Passed" testListId="8c84fa94-04c1-424b-9868-57a2d4851a1d" relativeResultsDirectory="8bfe20d2-fe7d-4091-af11-1ecad27479ed">
    </UnitTestResult>
    <UnitTestResult executionId="8ea540d4-3e32-4d05-97cf-e00c4e0ce6ff" testId="95a5cb75-edc3-cf2d-ba16-596d68611e5c" testName="GetEntryByIdTest" computerName="OFFICE-DESKTOP" duration="00:00:00.5899782" startTime="2014-11-05T08:44:14.5063027-05:00" endTime="2014-11-05T08:44:15.1013367-05:00" testType="13cdc9d9-ddb5-4fa4-a97d-d965ccfc6d4b" outcome="Failed" testListId="8c84fa94-04c1-424b-9868-57a2d4851a1d" relativeResultsDirectory="8ea540d4-3e32-4d05-97cf-e00c4e0ce6ff">
      <Output>
        <ErrorInfo>
          <Message>Assert.IsNotNull failed. </Message>
          <StackTrace>   at HiddenMickeyProject.Tests.MysqlSourceTest.GetEntryByIdTest() in D:\Kevin\GitHub\HiddenMickeyProject\HiddenMickeyProject.Tests\MysqlSourceTest.cs:line 120
</StackTrace>
        </ErrorInfo>
      </Output>
    </UnitTestResult>
    <UnitTestResult executionId="8a812121-0ab7-4912-8984-2bc2dce1aef2" testId="a2ba2b3f-18b4-ff04-40cc-af30f1c0d65b" testName="GetAreasByRegionIdTest" computerName="OFFICE-DESKTOP" duration="00:00:00.4859661" startTime="2014-11-05T08:44:15.1033368-05:00" endTime="2014-11-05T08:44:15.5943649-05:00" testType="13cdc9d9-ddb5-4fa4-a97d-d965ccfc6d4b" outcome="Passed" testListId="8c84fa94-04c1-424b-9868-57a2d4851a1d" relativeResultsDirectory="8a812121-0ab7-4912-8984-2bc2dce1aef2">
    </UnitTestResult>
    <UnitTestResult executionId="09ccc8c8-7b0e-4375-9a27-e01a9a5ae54d" testId="b017d611-ba81-c6fa-20f0-de0bf62fc559" testName="GetRegionByIdTest" computerName="OFFICE-DESKTOP" duration="00:00:00.5088284" startTime="2014-11-05T08:44:15.6043655-05:00" endTime="2014-11-05T08:44:16.1193950-05:00" testType="13cdc9d9-ddb5-4fa4-a97d-d965ccfc6d4b" outcome="Passed" testListId="8c84fa94-04c1-424b-9868-57a2d4851a1d" relativeResultsDirectory="09ccc8c8-7b0e-4375-9a27-e01a9a5ae54d">
    </UnitTestResult>
  </Results>
</TestRun>