<?xml version="1.0" encoding="UTF-8"?>
<TestRun id="6e34ad40-5c21-4aee-afdd-66b0a7b9d7dc" name="Kevin@OFFICE-DESKTOP 2014-11-05 08:41:41" runUser="Office-Desktop\Kevin" xmlns="http://microsoft.com/schemas/VisualStudio/TeamTest/2010">
  <TestSettings name="Local" id="f540f6a2-4815-4dba-91ef-19b03ca7f34c">
    <Description>These are default test settings for a local test run.</Description>
    <Deployment userDeploymentRoot="D:\Kevin\GitHub\HiddenMickeyProject\TestResults" useDefaultDeploymentRoot="false" enabled="false" runDeploymentRoot="Kevin_OFFICE-DESKTOP 2014-11-05 08_41_41">
      <DeploymentItem filename="D:\Kevin\GitHub\HiddenMickeyProject\HiddenMickeyProject.Data\bin\Debug\HiddenMickeyProject.Data.dll" />
      <DeploymentItem filename="D:\Kevin\GitHub\HiddenMickeyProject\packages\MySql.Data.6.9.3\lib\net40\MySql.Data.dll" />
    </Deployment>
    <Execution>
      <TestTypeSpecific />
      <AgentRule name="Execution Agents">
      </AgentRule>
    </Execution>
  </TestSettings>
  <Times creation="2014-11-05T08:41:41.4605490-05:00" queuing="2014-11-05T08:41:41.5115519-05:00" start="2014-11-05T08:41:41.5205524-05:00" finish="2014-11-05T08:41:45.1017572-05:00" />
  <ResultSummary outcome="Failed">
    <Counters total="4" executed="4" passed="1" error="0" failed="3" timeout="0" aborted="0" inconclusive="0" passedButRunAborted="0" notRunnable="0" notExecuted="0" disconnected="0" warning="0" completed="0" inProgress="0" pending="0" />
  </ResultSummary>
  <TestDefinitions>
    <UnitTest name="GetEntryByIdTest" storage="d:\kevin\github\hiddenmickeyproject\hiddenmickeyproject.tests\bin\debug\hiddenmickeyproject.tests.dll" id="95a5cb75-edc3-cf2d-ba16-596d68611e5c">
      <Execution id="5c04ba96-40de-40cd-9de9-592663c8f973" />
      <TestMethod codeBase="D:/Kevin/GitHub/HiddenMickeyProject/HiddenMickeyProject.Tests/bin/Debug/HiddenMickeyProject.Tests.DLL" adapterTypeName="Microsoft.VisualStudio.TestTools.TestTypes.Unit.UnitTestAdapter, Microsoft.VisualStudio.QualityTools.Tips.UnitTest.Adapter, Version=10.0.0.0, Culture=neutral, PublicKeyToken=b03f5f7f11d50a3a" className="HiddenMickeyProject.Tests.MysqlSourceTest, HiddenMickeyProject.Tests, Version=1.0.0.0, Culture=neutral, PublicKeyToken=null" name="GetEntryByIdTest" />
    </UnitTest>
    <UnitTest name="GetLocationsByAreaIdTest" storage="d:\kevin\github\hiddenmickeyproject\hiddenmickeyproject.tests\bin\debug\hiddenmickeyproject.tests.dll" id="0367fe5a-c6e0-4bea-ea42-4c910681d272">
      <Execution id="c5711574-9bbd-486b-a90c-51315fc3efc6" />
      <TestMethod codeBase="D:/Kevin/GitHub/HiddenMickeyProject/HiddenMickeyProject.Tests/bin/Debug/HiddenMickeyProject.Tests.DLL" adapterTypeName="Microsoft.VisualStudio.TestTools.TestTypes.Unit.UnitTestAdapter, Microsoft.VisualStudio.QualityTools.Tips.UnitTest.Adapter, Version=10.0.0.0, Culture=neutral, PublicKeyToken=b03f5f7f11d50a3a" className="HiddenMickeyProject.Tests.MysqlSourceTest, HiddenMickeyProject.Tests, Version=1.0.0.0, Culture=neutral, PublicKeyToken=null" name="GetLocationsByAreaIdTest" />
    </UnitTest>
    <UnitTest name="GetAreaByIdTest" storage="d:\kevin\github\hiddenmickeyproject\hiddenmickeyproject.tests\bin\debug\hiddenmickeyproject.tests.dll" id="4bc76dca-af83-9ff5-5773-130114c7d74c">
      <Execution id="70f45c66-6d39-4eca-9a55-3ab1f92f282a" />
      <TestMethod codeBase="D:/Kevin/GitHub/HiddenMickeyProject/HiddenMickeyProject.Tests/bin/Debug/HiddenMickeyProject.Tests.DLL" adapterTypeName="Microsoft.VisualStudio.TestTools.TestTypes.Unit.UnitTestAdapter, Microsoft.VisualStudio.QualityTools.Tips.UnitTest.Adapter, Version=10.0.0.0, Culture=neutral, PublicKeyToken=b03f5f7f11d50a3a" className="HiddenMickeyProject.Tests.MysqlSourceTest, HiddenMickeyProject.Tests, Version=1.0.0.0, Culture=neutral, PublicKeyToken=null" name="GetAreaByIdTest" />
    </UnitTest>
    <UnitTest name="GetEntriesByLocationIdTest" storage="d:\kevin\github\hiddenmickeyproject\hiddenmickeyproject.tests\bin\debug\hiddenmickeyproject.tests.dll" id="1b2b2782-da3b-8fe0-5da6-022c49e07f31">
      <Execution id="8e53dda1-e2a8-45f2-8930-3a5de5fc3584" />
      <TestMethod codeBase="D:/Kevin/GitHub/HiddenMickeyProject/HiddenMickeyProject.Tests/bin/Debug/HiddenMickeyProject.Tests.DLL" adapterTypeName="Microsoft.VisualStudio.TestTools.TestTypes.Unit.UnitTestAdapter, Microsoft.VisualStudio.QualityTools.Tips.UnitTest.Adapter, Version=10.0.0.0, Culture=neutral, PublicKeyToken=b03f5f7f11d50a3a" className="HiddenMickeyProject.Tests.MysqlSourceTest, HiddenMickeyProject.Tests, Version=1.0.0.0, Culture=neutral, PublicKeyToken=null" name="GetEntriesByLocationIdTest" />
    </UnitTest>
  </TestDefinitions>
  <TestLists>
    <TestList name="Results Not in a List" id="8c84fa94-04c1-424b-9868-57a2d4851a1d" />
    <TestList name="All Loaded Results" id="19431567-8539-422a-85d7-44ee4e166bda" />
  </TestLists>
  <TestEntries>
    <TestEntry testId="1b2b2782-da3b-8fe0-5da6-022c49e07f31" executionId="8e53dda1-e2a8-45f2-8930-3a5de5fc3584" testListId="8c84fa94-04c1-424b-9868-57a2d4851a1d" />
    <TestEntry testId="4bc76dca-af83-9ff5-5773-130114c7d74c" executionId="70f45c66-6d39-4eca-9a55-3ab1f92f282a" testListId="8c84fa94-04c1-424b-9868-57a2d4851a1d" />
    <TestEntry testId="0367fe5a-c6e0-4bea-ea42-4c910681d272" executionId="c5711574-9bbd-486b-a90c-51315fc3efc6" testListId="8c84fa94-04c1-424b-9868-57a2d4851a1d" />
    <TestEntry testId="95a5cb75-edc3-cf2d-ba16-596d68611e5c" executionId="5c04ba96-40de-40cd-9de9-592663c8f973" testListId="8c84fa94-04c1-424b-9868-57a2d4851a1d" />
  </TestEntries>
  <Results>
    <UnitTestResult executionId="8e53dda1-e2a8-45f2-8930-3a5de5fc3584" testId="1b2b2782-da3b-8fe0-5da6-022c49e07f31" testName="GetEntriesByLocationIdTest" computerName="OFFICE-DESKTOP" duration="00:00:01.7049267" startTime="2014-11-05T08:41:41.5245526-05:00" endTime="2014-11-05T08:41:43.7206782-05:00" testType="13cdc9d9-ddb5-4fa4-a97d-d965ccfc6d4b" outcome="Failed" testListId="8c84fa94-04c1-424b-9868-57a2d4851a1d" relativeResultsDirectory="8e53dda1-e2a8-45f2-8930-3a5de5fc3584">
      <Output>
        <ErrorInfo>
          <Message>Test method HiddenMickeyProject.Tests.MysqlSourceTest.GetEntriesByLocationIdTest threw exception: 
System.ArgumentException: Parameter 'Area_Id' not found in the collection.</Message>
          <StackTrace>    at MySql.Data.MySqlClient.MySqlParameterCollection.GetParameterFlexible(String parameterName, Boolean throwOnNotFound)
   at MySql.Data.MySqlClient.StoredProcedure.GetAndFixParameter(String spName, MySqlSchemaRow param, Boolean realAsFloat, MySqlParameter returnParameter)
   at MySql.Data.MySqlClient.StoredProcedure.CheckParameters(String spName)
   at MySql.Data.MySqlClient.StoredProcedure.Resolve(Boolean preparing)
   at MySql.Data.MySqlClient.MySqlCommand.ExecuteReader(CommandBehavior behavior)
   at HiddenMickeyProject.Data.MysqlSource.GetEntriesByLocationId(Int32 locationId) in D:\Kevin\GitHub\HiddenMickeyProject\HiddenMickeyProject.Data\MysqlSource.cs:line 135
   at HiddenMickeyProject.Tests.MysqlSourceTest.GetEntriesByLocationIdTest() in D:\Kevin\GitHub\HiddenMickeyProject\HiddenMickeyProject.Tests\MysqlSourceTest.cs:line 105
</StackTrace>
        </ErrorInfo>
      </Output>
    </UnitTestResult>
    <UnitTestResult executionId="70f45c66-6d39-4eca-9a55-3ab1f92f282a" testId="4bc76dca-af83-9ff5-5773-130114c7d74c" testName="GetAreaByIdTest" computerName="OFFICE-DESKTOP" duration="00:00:00.4007695" startTime="2014-11-05T08:41:43.7246785-05:00" endTime="2014-11-05T08:41:44.1427024-05:00" testType="13cdc9d9-ddb5-4fa4-a97d-d965ccfc6d4b" outcome="Failed" testListId="8c84fa94-04c1-424b-9868-57a2d4851a1d" relativeResultsDirectory="70f45c66-6d39-4eca-9a55-3ab1f92f282a">
      <Output>
        <ErrorInfo>
          <Message>Test method HiddenMickeyProject.Tests.MysqlSourceTest.GetAreaByIdTest threw exception: 
System.ArgumentException: Parameter 'Area_Id' not found in the collection.</Message>
          <StackTrace>    at MySql.Data.MySqlClient.MySqlParameterCollection.GetParameterFlexible(String parameterName, Boolean throwOnNotFound)
   at MySql.Data.MySqlClient.StoredProcedure.GetAndFixParameter(String spName, MySqlSchemaRow param, Boolean realAsFloat, MySqlParameter returnParameter)
   at MySql.Data.MySqlClient.StoredProcedure.CheckParameters(String spName)
   at MySql.Data.MySqlClient.StoredProcedure.Resolve(Boolean preparing)
   at MySql.Data.MySqlClient.MySqlCommand.ExecuteReader(CommandBehavior behavior)
   at HiddenMickeyProject.Data.MysqlSource.GetAreaById(Int32 areaId) in D:\Kevin\GitHub\HiddenMickeyProject\HiddenMickeyProject.Data\MysqlSource.cs:line 95
   at HiddenMickeyProject.Tests.MysqlSourceTest.GetAreaByIdTest() in D:\Kevin\GitHub\HiddenMickeyProject\HiddenMickeyProject.Tests\MysqlSourceTest.cs:line 78
</StackTrace>
        </ErrorInfo>
      </Output>
    </UnitTestResult>
    <UnitTestResult executionId="c5711574-9bbd-486b-a90c-51315fc3efc6" testId="0367fe5a-c6e0-4bea-ea42-4c910681d272" testName="GetLocationsByAreaIdTest" computerName="OFFICE-DESKTOP" duration="00:00:00.2952582" startTime="2014-11-05T08:41:44.1497028-05:00" endTime="2014-11-05T08:41:44.4587205-05:00" testType="13cdc9d9-ddb5-4fa4-a97d-d965ccfc6d4b" outcome="Passed" testListId="8c84fa94-04c1-424b-9868-57a2d4851a1d" relativeResultsDirectory="c5711574-9bbd-486b-a90c-51315fc3efc6">
    </UnitTestResult>
    <UnitTestResult executionId="5c04ba96-40de-40cd-9de9-592663c8f973" testId="95a5cb75-edc3-cf2d-ba16-596d68611e5c" testName="GetEntryByIdTest" computerName="OFFICE-DESKTOP" duration="00:00:00.5334291" startTime="2014-11-05T08:41:44.4627207-05:00" endTime="2014-11-05T08:41:45.0037516-05:00" testType="13cdc9d9-ddb5-4fa4-a97d-d965ccfc6d4b" outcome="Failed" testListId="8c84fa94-04c1-424b-9868-57a2d4851a1d" relativeResultsDirectory="5c04ba96-40de-40cd-9de9-592663c8f973">
      <Output>
        <ErrorInfo>
          <Message>Assert.IsNotNull failed. </Message>
          <StackTrace>   at HiddenMickeyProject.Tests.MysqlSourceTest.GetEntryByIdTest() in D:\Kevin\GitHub\HiddenMickeyProject\HiddenMickeyProject.Tests\MysqlSourceTest.cs:line 120
</StackTrace>
        </ErrorInfo>
      </Output>
    </UnitTestResult>
  </Results>
</TestRun>