<?xml version="1.0" encoding="UTF-8"?>
<TestRun id="1256c857-ceb2-4046-94d9-163458512b4d" name="Kevin@OFFICE-DESKTOP 2014-11-05 18:12:13" runUser="Office-Desktop\Kevin" xmlns="http://microsoft.com/schemas/VisualStudio/TeamTest/2010">
  <TestSettings name="Local" id="f540f6a2-4815-4dba-91ef-19b03ca7f34c">
    <Description>These are default test settings for a local test run.</Description>
    <Deployment userDeploymentRoot="D:\Kevin\GitHub\HiddenMickeyProject\TestResults" useDefaultDeploymentRoot="false" runDeploymentRoot="Kevin_OFFICE-DESKTOP 2014-11-05 18_12_13">
      <DeploymentItem filename="D:\Kevin\GitHub\HiddenMickeyProject\HiddenMickeyProject.Data\bin\Debug\HiddenMickeyProject.Data.dll" />
      <DeploymentItem filename="D:\Kevin\GitHub\HiddenMickeyProject\packages\dotless.1.4.1.0\lib\dotless.Core.dll" />
      <DeploymentItem filename="C:\Program Files (x86)\Microsoft ASP.NET\ASP.NET Web Pages\v2.0\Assemblies\System.Web.WebPages.Razor.dll" />
      <DeploymentItem filename="D:\Kevin\GitHub\HiddenMickeyProject\packages\WebGrease.1.1.0\lib\WebGrease.dll" />
      <DeploymentItem filename="D:\Kevin\GitHub\HiddenMickeyProject\packages\MySql.Data.6.9.3\lib\net40\MySql.Data.dll" />
      <DeploymentItem filename="D:\Kevin\GitHub\HiddenMickeyProject\packages\Newtonsoft.Json.4.5.6\lib\net40\Newtonsoft.Json.dll" />
      <DeploymentItem filename="C:\Program Files (x86)\Microsoft ASP.NET\ASP.NET Web Pages\v2.0\Assemblies\System.Web.WebPages.dll" />
      <DeploymentItem filename="C:\Program Files (x86)\Microsoft ASP.NET\ASP.NET Web Pages\v2.0\Assemblies\Microsoft.Web.Infrastructure.dll" />
      <DeploymentItem filename="D:\Kevin\GitHub\HiddenMickeyProject\packages\WebGrease.1.1.0\lib\Antlr3.Runtime.dll" />
      <DeploymentItem filename="C:\Program Files (x86)\Microsoft ASP.NET\ASP.NET Web Pages\v2.0\Assemblies\System.Web.Helpers.dll" />
      <DeploymentItem filename="C:\Program Files (x86)\Microsoft ASP.NET\ASP.NET Web Pages\v2.0\Assemblies\System.Web.WebPages.Deployment.dll" />
      <DeploymentItem filename="D:\Kevin\GitHub\HiddenMickeyProject\packages\Ninject.Web.Common.3.2.0.0\lib\net40-full\Ninject.Web.Common.dll" />
      <DeploymentItem filename="C:\Program Files (x86)\Microsoft ASP.NET\ASP.NET Web Pages\v2.0\Assemblies\System.Web.Razor.dll" />
      <DeploymentItem filename="D:\Kevin\GitHub\HiddenMickeyProject\HiddenMickeyProject\bin\HiddenMickeyProject.dll" />
      <DeploymentItem filename="D:\Kevin\GitHub\HiddenMickeyProject\packages\RhinoMocks.3.6.1\lib\net\Rhino.Mocks.dll" />
      <DeploymentItem filename="D:\Kevin\GitHub\HiddenMickeyProject\packages\WebActivatorEx.2.0\lib\net40\WebActivatorEx.dll" />
      <DeploymentItem filename="D:\Kevin\GitHub\HiddenMickeyProject\packages\Microsoft.AspNet.Mvc.4.0.20710.0\lib\net40\System.Web.Mvc.dll" />
      <DeploymentItem filename="D:\Kevin\GitHub\HiddenMickeyProject\packages\Ninject.3.2.0.0\lib\net40\Ninject.dll" />
      <DeploymentItem filename="C:\Program Files (x86)\Microsoft ASP.NET\ASP.NET MVC 4\Assemblies\System.Net.Http.WebRequest.dll" />
      <DeploymentItem filename="D:\Kevin\GitHub\HiddenMickeyProject\packages\Microsoft.AspNet.Web.Optimization.1.0.0\lib\net40\System.Web.Optimization.dll" />
      <DeploymentItem filename="D:\Kevin\GitHub\HiddenMickeyProject\packages\Ninject.MVC4.3.2.1.0\lib\net40-full\Ninject.Web.Mvc.dll" />
      <DeploymentItem filename="D:\Kevin\GitHub\HiddenMickeyProject\packages\MySql.Web.6.9.3\lib\net40\MySql.Web.dll" />
      <DeploymentItem filename="C:\Program Files (x86)\Microsoft ASP.NET\ASP.NET MVC 4\Assemblies\System.Net.Http.dll" />
    </Deployment>
    <Execution>
      <TestTypeSpecific>
        <UnitTestRunConfig testTypeId="13cdc9d9-ddb5-4fa4-a97d-d965ccfc6d4b">
          <AssemblyResolution>
            <TestDirectory useLoadContext="true" />
          </AssemblyResolution>
        </UnitTestRunConfig>
        <WebTestRunConfiguration testTypeId="4e7599fa-5ecb-43e9-a887-cd63cf72d207">
          <Browser name="Internet Explorer 7.0">
            <Headers>
              <Header name="User-Agent" value="Mozilla/4.0 (compatible; MSIE 7.0; Windows NT 5.1)" />
              <Header name="Accept" value="*/*" />
              <Header name="Accept-Language" value="{{$IEAcceptLanguage}}" />
              <Header name="Accept-Encoding" value="GZIP" />
            </Headers>
          </Browser>
        </WebTestRunConfiguration>
      </TestTypeSpecific>
      <AgentRule name="LocalMachineDefaultRole">
        <DataCollectors>
          <DataCollector uri="datacollector://microsoft/CodeCoverage/1.0" assemblyQualifiedName="Microsoft.VisualStudio.TestTools.CodeCoverage.CoveragePlugIn, Microsoft.VisualStudio.QualityTools.Plugins.CodeCoverage, Version=10.0.0.0, Culture=neutral, PublicKeyToken=b03f5f7f11d50a3a" friendlyName="Code Coverage">
            <Configuration>
              <CodeCoverage xmlns="">
                <Regular>
                  <CodeCoverageItem binaryFile="D:\Kevin\GitHub\HiddenMickeyProject\HiddenMickeyProject\bin\HiddenMickeyProject.Data.dll" pdbFile="D:\Kevin\GitHub\HiddenMickeyProject\HiddenMickeyProject\bin\HiddenMickeyProject.Data.instr.pdb" instrumentInPlace="true" outputDirectory="HiddenMickeyProject\Bin" />
                  <CodeCoverageItem binaryFile="D:\Kevin\GitHub\HiddenMickeyProject\HiddenMickeyProject\bin\HiddenMickeyProject.dll" pdbFile="D:\Kevin\GitHub\HiddenMickeyProject\HiddenMickeyProject\bin\HiddenMickeyProject.instr.pdb" instrumentInPlace="true" outputDirectory="HiddenMickeyProject\Bin" />
                  <CodeCoverageItem binaryFile="D:\Kevin\GitHub\HiddenMickeyProject\HiddenMickeyProject.Data\bin\Debug\HiddenMickeyProject.Data.dll" pdbFile="D:\Kevin\GitHub\HiddenMickeyProject\HiddenMickeyProject.Data\bin\Debug\HiddenMickeyProject.Data.instr.pdb" instrumentInPlace="true" />
                </Regular>
                <AspNet>
                  <AspNetCodeCoverageItem id="1e468adf-578e-4f9f-8814-7a39145150a8" name="HiddenMickeyProject" applicationRoot="/" url="http://localhost:0/" />
                </AspNet>
              </CodeCoverage>
            </Configuration>
          </DataCollector>
        </DataCollectors>
      </AgentRule>
    </Execution>
  </TestSettings>
  <Times creation="2014-11-05T18:12:13.8785313-05:00" queuing="2014-11-05T18:12:20.2118935-05:00" start="2014-11-05T18:12:20.4509072-05:00" finish="2014-11-05T18:12:34.1456905-05:00" />
  <ResultSummary outcome="Failed">
    <Counters total="5" executed="5" error="0" failed="5" timeout="0" aborted="0" inconclusive="0" passedButRunAborted="0" notRunnable="0" notExecuted="0" disconnected="0" warning="0" passed="0" completed="0" inProgress="0" pending="0" />
    <RunInfos>
      <RunInfo computerName="OFFICE-DESKTOP" outcome="Warning" timestamp="2014-11-05T18:12:20.1758915-05:00">
        <Text>Warning: conflict during test run deployment: deployment item 'd:\kevin\github\hiddenmickeyproject\hiddenmickeyproject.tests\bin\debug\HiddenMickeyProject.dll' directly or indirectly referenced by the test container 'd:\kevin\github\hiddenmickeyproject\hiddenmickeyproject.tests\bin\debug\hiddenmickeyproject.tests.dll' cannot be deployed to 'HiddenMickeyProject.dll' because otherwise the file 'd:\kevin\github\hiddenmickeyproject\hiddenmickeyproject.tests\bin\debug\HiddenMickeyProject.dll' would overwrite deployment item 'D:\Kevin\GitHub\HiddenMickeyProject\HiddenMickeyProject\bin\HiddenMickeyProject.dll' directly or indirectly referenced by D:\Kevin\GitHub\HiddenMickeyProject\HiddenMickeyProject.Tests\bin\Debug\HiddenMickeyProject.Tests.dll.</Text>
      </RunInfo>
    </RunInfos>
    <ResultFiles>
      <ResultFile path="OFFICE-DESKTOP\data.coverage" />
    </ResultFiles>
  </ResultSummary>
  <TestDefinitions>
    <UnitTest name="GivenLocationViewModelUpdateLocation" storage="d:\kevin\github\hiddenmickeyproject\hiddenmickeyproject.tests\bin\debug\hiddenmickeyproject.tests.dll" id="a7f45d94-5281-26ed-d570-4f5f4db79135">
      <Execution id="d4eaab22-1262-4e09-8577-26a28046c38d" />
      <TestMethod codeBase="D:/Kevin/GitHub/HiddenMickeyProject/HiddenMickeyProject.Tests/bin/Debug/HiddenMickeyProject.Tests.DLL" adapterTypeName="Microsoft.VisualStudio.TestTools.TestTypes.Unit.UnitTestAdapter, Microsoft.VisualStudio.QualityTools.Tips.UnitTest.Adapter, Version=10.0.0.0, Culture=neutral, PublicKeyToken=b03f5f7f11d50a3a" className="HiddenMickeyProject.Tests.LocationControllerTest, HiddenMickeyProject.Tests, Version=1.0.0.0, Culture=neutral, PublicKeyToken=null" name="GivenLocationViewModelUpdateLocation" />
    </UnitTest>
    <UnitTest name="GivenLocationViewModelShowDetailView" storage="d:\kevin\github\hiddenmickeyproject\hiddenmickeyproject.tests\bin\debug\hiddenmickeyproject.tests.dll" id="dbd7c734-4df5-6509-499b-00dddbab98a1">
      <Execution id="c98676bf-914d-4fce-b6a9-89affe6e00cc" />
      <TestMethod codeBase="D:/Kevin/GitHub/HiddenMickeyProject/HiddenMickeyProject.Tests/bin/Debug/HiddenMickeyProject.Tests.DLL" adapterTypeName="Microsoft.VisualStudio.TestTools.TestTypes.Unit.UnitTestAdapter, Microsoft.VisualStudio.QualityTools.Tips.UnitTest.Adapter, Version=10.0.0.0, Culture=neutral, PublicKeyToken=b03f5f7f11d50a3a" className="HiddenMickeyProject.Tests.LocationControllerTest, HiddenMickeyProject.Tests, Version=1.0.0.0, Culture=neutral, PublicKeyToken=null" name="GivenLocationViewModelShowDetailView" />
    </UnitTest>
    <UnitTest name="GivenLocationViewModelDeleteLocation" storage="d:\kevin\github\hiddenmickeyproject\hiddenmickeyproject.tests\bin\debug\hiddenmickeyproject.tests.dll" id="379cd174-4fd5-7e56-d7d7-275645ab1906">
      <Execution id="f572c4ad-25bd-40fd-8ddc-1b4cf1eac510" />
      <TestMethod codeBase="D:/Kevin/GitHub/HiddenMickeyProject/HiddenMickeyProject.Tests/bin/Debug/HiddenMickeyProject.Tests.DLL" adapterTypeName="Microsoft.VisualStudio.TestTools.TestTypes.Unit.UnitTestAdapter, Microsoft.VisualStudio.QualityTools.Tips.UnitTest.Adapter, Version=10.0.0.0, Culture=neutral, PublicKeyToken=b03f5f7f11d50a3a" className="HiddenMickeyProject.Tests.LocationControllerTest, HiddenMickeyProject.Tests, Version=1.0.0.0, Culture=neutral, PublicKeyToken=null" name="GivenLocationViewModelDeleteLocation" />
    </UnitTest>
    <UnitTest name="GivenNavigatorShowEditView" storage="d:\kevin\github\hiddenmickeyproject\hiddenmickeyproject.tests\bin\debug\hiddenmickeyproject.tests.dll" id="fa94d8e0-5a76-23dd-0e7d-0b9fa7c4fd83">
      <Execution id="33cb8239-3e9d-4ea7-8eca-f9bf1f342d36" />
      <TestMethod codeBase="D:/Kevin/GitHub/HiddenMickeyProject/HiddenMickeyProject.Tests/bin/Debug/HiddenMickeyProject.Tests.DLL" adapterTypeName="Microsoft.VisualStudio.TestTools.TestTypes.Unit.UnitTestAdapter, Microsoft.VisualStudio.QualityTools.Tips.UnitTest.Adapter, Version=10.0.0.0, Culture=neutral, PublicKeyToken=b03f5f7f11d50a3a" className="HiddenMickeyProject.Tests.LocationControllerTest, HiddenMickeyProject.Tests, Version=1.0.0.0, Culture=neutral, PublicKeyToken=null" name="GivenNavigatorShowEditView" />
    </UnitTest>
    <UnitTest name="GivenNavigatorShowDeleteView" storage="d:\kevin\github\hiddenmickeyproject\hiddenmickeyproject.tests\bin\debug\hiddenmickeyproject.tests.dll" id="2eaa8788-cb2c-41ed-4ac7-a6f94226a354">
      <Execution id="888088ef-8c69-4170-a6d3-57367cf02acc" />
      <TestMethod codeBase="D:/Kevin/GitHub/HiddenMickeyProject/HiddenMickeyProject.Tests/bin/Debug/HiddenMickeyProject.Tests.DLL" adapterTypeName="Microsoft.VisualStudio.TestTools.TestTypes.Unit.UnitTestAdapter, Microsoft.VisualStudio.QualityTools.Tips.UnitTest.Adapter, Version=10.0.0.0, Culture=neutral, PublicKeyToken=b03f5f7f11d50a3a" className="HiddenMickeyProject.Tests.LocationControllerTest, HiddenMickeyProject.Tests, Version=1.0.0.0, Culture=neutral, PublicKeyToken=null" name="GivenNavigatorShowDeleteView" />
    </UnitTest>
  </TestDefinitions>
  <TestLists>
    <TestList name="Results Not in a List" id="8c84fa94-04c1-424b-9868-57a2d4851a1d" />
    <TestList name="All Loaded Results" id="19431567-8539-422a-85d7-44ee4e166bda" />
  </TestLists>
  <TestEntries>
    <TestEntry testId="a7f45d94-5281-26ed-d570-4f5f4db79135" executionId="d4eaab22-1262-4e09-8577-26a28046c38d" testListId="8c84fa94-04c1-424b-9868-57a2d4851a1d" />
    <TestEntry testId="379cd174-4fd5-7e56-d7d7-275645ab1906" executionId="f572c4ad-25bd-40fd-8ddc-1b4cf1eac510" testListId="8c84fa94-04c1-424b-9868-57a2d4851a1d" />
    <TestEntry testId="fa94d8e0-5a76-23dd-0e7d-0b9fa7c4fd83" executionId="33cb8239-3e9d-4ea7-8eca-f9bf1f342d36" testListId="8c84fa94-04c1-424b-9868-57a2d4851a1d" />
    <TestEntry testId="2eaa8788-cb2c-41ed-4ac7-a6f94226a354" executionId="888088ef-8c69-4170-a6d3-57367cf02acc" testListId="8c84fa94-04c1-424b-9868-57a2d4851a1d" />
    <TestEntry testId="dbd7c734-4df5-6509-499b-00dddbab98a1" executionId="c98676bf-914d-4fce-b6a9-89affe6e00cc" testListId="8c84fa94-04c1-424b-9868-57a2d4851a1d" />
  </TestEntries>
  <Results>
    <UnitTestResult executionId="d4eaab22-1262-4e09-8577-26a28046c38d" testId="a7f45d94-5281-26ed-d570-4f5f4db79135" testName="GivenLocationViewModelUpdateLocation" computerName="OFFICE-DESKTOP" duration="00:00:00.3891823" startTime="2014-11-05T18:12:31.5095397-05:00" endTime="2014-11-05T18:12:32.2325811-05:00" testType="13cdc9d9-ddb5-4fa4-a97d-d965ccfc6d4b" outcome="Failed" testListId="8c84fa94-04c1-424b-9868-57a2d4851a1d" relativeResultsDirectory="d4eaab22-1262-4e09-8577-26a28046c38d">
      <Output>
        <ErrorInfo>
          <Message>Assert.AreEqual failed. Expected:&lt;location_default&gt;. Actual:&lt;area_default&gt;. </Message>
          <StackTrace>   at HiddenMickeyProject.Tests.LocationControllerTest.GivenLocationViewModelUpdateLocation() in D:\Kevin\GitHub\HiddenMickeyProject\HiddenMickeyProject.Tests\LocationControllerTest.cs:line 214
</StackTrace>
        </ErrorInfo>
      </Output>
    </UnitTestResult>
    <UnitTestResult executionId="f572c4ad-25bd-40fd-8ddc-1b4cf1eac510" testId="379cd174-4fd5-7e56-d7d7-275645ab1906" testName="GivenLocationViewModelDeleteLocation" computerName="OFFICE-DESKTOP" duration="00:00:00.0042583" startTime="2014-11-05T18:12:32.2465819-05:00" endTime="2014-11-05T18:12:32.2575825-05:00" testType="13cdc9d9-ddb5-4fa4-a97d-d965ccfc6d4b" outcome="Failed" testListId="8c84fa94-04c1-424b-9868-57a2d4851a1d" relativeResultsDirectory="f572c4ad-25bd-40fd-8ddc-1b4cf1eac510">
      <Output>
        <ErrorInfo>
          <Message>Assert.AreEqual failed. Expected:&lt;(null)&gt;. Actual:&lt;System.Web.Mvc.RedirectToRouteResult&gt;. </Message>
          <StackTrace>   at HiddenMickeyProject.Tests.LocationControllerTest.GivenLocationViewModelDeleteLocation() in D:\Kevin\GitHub\HiddenMickeyProject\HiddenMickeyProject.Tests\LocationControllerTest.cs:line 179
</StackTrace>
        </ErrorInfo>
      </Output>
    </UnitTestResult>
    <UnitTestResult executionId="33cb8239-3e9d-4ea7-8eca-f9bf1f342d36" testId="fa94d8e0-5a76-23dd-0e7d-0b9fa7c4fd83" testName="GivenNavigatorShowEditView" computerName="OFFICE-DESKTOP" duration="00:00:00.0064481" startTime="2014-11-05T18:12:32.2665830-05:00" endTime="2014-11-05T18:12:32.2775837-05:00" testType="13cdc9d9-ddb5-4fa4-a97d-d965ccfc6d4b" outcome="Failed" testListId="8c84fa94-04c1-424b-9868-57a2d4851a1d" relativeResultsDirectory="33cb8239-3e9d-4ea7-8eca-f9bf1f342d36">
      <Output>
        <ErrorInfo>
          <Message>Assert.AreEqual failed. Expected:&lt;Edit&gt;. Actual:&lt;Create&gt;. </Message>
          <StackTrace>   at HiddenMickeyProject.Tests.LocationControllerTest.GivenNavigatorShowEditView() in D:\Kevin\GitHub\HiddenMickeyProject\HiddenMickeyProject.Tests\LocationControllerTest.cs:line 236
</StackTrace>
        </ErrorInfo>
      </Output>
    </UnitTestResult>
    <UnitTestResult executionId="888088ef-8c69-4170-a6d3-57367cf02acc" testId="2eaa8788-cb2c-41ed-4ac7-a6f94226a354" testName="GivenNavigatorShowDeleteView" computerName="OFFICE-DESKTOP" duration="00:00:00.0032725" startTime="2014-11-05T18:12:32.2865842-05:00" endTime="2014-11-05T18:12:32.2935846-05:00" testType="13cdc9d9-ddb5-4fa4-a97d-d965ccfc6d4b" outcome="Failed" testListId="8c84fa94-04c1-424b-9868-57a2d4851a1d" relativeResultsDirectory="888088ef-8c69-4170-a6d3-57367cf02acc">
      <Output>
        <ErrorInfo>
          <Message>Assert.AreEqual failed. Expected:&lt;(null)&gt;. Actual:&lt;System.Web.Mvc.ViewResult&gt;. </Message>
          <StackTrace>   at HiddenMickeyProject.Tests.LocationControllerTest.GivenNavigatorShowDeleteView() in D:\Kevin\GitHub\HiddenMickeyProject\HiddenMickeyProject.Tests\LocationControllerTest.cs:line 163
</StackTrace>
        </ErrorInfo>
      </Output>
    </UnitTestResult>
    <UnitTestResult executionId="c98676bf-914d-4fce-b6a9-89affe6e00cc" testId="dbd7c734-4df5-6509-499b-00dddbab98a1" testName="GivenLocationViewModelShowDetailView" computerName="OFFICE-DESKTOP" duration="00:00:00.0033095" startTime="2014-11-05T18:12:32.2975848-05:00" endTime="2014-11-05T18:12:32.3165859-05:00" testType="13cdc9d9-ddb5-4fa4-a97d-d965ccfc6d4b" outcome="Failed" testListId="8c84fa94-04c1-424b-9868-57a2d4851a1d" relativeResultsDirectory="c98676bf-914d-4fce-b6a9-89affe6e00cc">
      <Output>
        <ErrorInfo>
          <Message>Assert.AreEqual failed. Expected:&lt;(null)&gt;. Actual:&lt;System.Web.Mvc.ViewResult&gt;. </Message>
          <StackTrace>   at HiddenMickeyProject.Tests.LocationControllerTest.GivenLocationViewModelShowDetailView() in D:\Kevin\GitHub\HiddenMickeyProject\HiddenMickeyProject.Tests\LocationControllerTest.cs:line 195
</StackTrace>
        </ErrorInfo>
      </Output>
    </UnitTestResult>
  </Results>
</TestRun>