<?xml version="1.0" encoding="UTF-8"?>
<TestRun id="7e49428d-19f0-4673-b3e5-53359f0253b0" name="Kevin@OFFICE-DESKTOP 2014-11-05 08:47:46" runUser="Office-Desktop\Kevin" xmlns="http://microsoft.com/schemas/VisualStudio/TeamTest/2010">
  <TestSettings name="Local" id="f540f6a2-4815-4dba-91ef-19b03ca7f34c">
    <Description>These are default test settings for a local test run.</Description>
    <Deployment userDeploymentRoot="D:\Kevin\GitHub\HiddenMickeyProject\TestResults" useDefaultDeploymentRoot="false" enabled="false" runDeploymentRoot="Kevin_OFFICE-DESKTOP 2014-11-05 08_47_46">
      <DeploymentItem filename="D:\Kevin\GitHub\HiddenMickeyProject\HiddenMickeyProject.Data\bin\Debug\HiddenMickeyProject.Data.dll" />
      <DeploymentItem filename="D:\Kevin\GitHub\HiddenMickeyProject\packages\MySql.Data.6.9.3\lib\net40\MySql.Data.dll" />
    </Deployment>
    <Execution>
      <TestTypeSpecific />
      <AgentRule name="Execution Agents">
      </AgentRule>
    </Execution>
  </TestSettings>
  <Times creation="2014-11-05T08:47:46.2814155-05:00" queuing="2014-11-05T08:47:48.5475452-05:00" start="2014-11-05T08:47:48.6855530-05:00" finish="2014-11-05T08:47:51.6417221-05:00" />
  <ResultSummary outcome="Completed">
    <Counters total="1" executed="1" passed="1" error="0" failed="0" timeout="0" aborted="0" inconclusive="0" passedButRunAborted="0" notRunnable="0" notExecuted="0" disconnected="0" warning="0" completed="0" inProgress="0" pending="0" />
  </ResultSummary>
  <TestDefinitions>
    <UnitTest name="GetEntriesByLocationIdTest" storage="d:\kevin\github\hiddenmickeyproject\hiddenmickeyproject.tests\bin\debug\hiddenmickeyproject.tests.dll" id="1b2b2782-da3b-8fe0-5da6-022c49e07f31">
      <Execution id="2ca54712-c9e1-4dde-953b-2c47549d8776" />
      <TestMethod codeBase="D:/Kevin/GitHub/HiddenMickeyProject/HiddenMickeyProject.Tests/bin/Debug/HiddenMickeyProject.Tests.DLL" adapterTypeName="Microsoft.VisualStudio.TestTools.TestTypes.Unit.UnitTestAdapter, Microsoft.VisualStudio.QualityTools.Tips.UnitTest.Adapter, Version=10.0.0.0, Culture=neutral, PublicKeyToken=b03f5f7f11d50a3a" className="HiddenMickeyProject.Tests.MysqlSourceTest, HiddenMickeyProject.Tests, Version=1.0.0.0, Culture=neutral, PublicKeyToken=null" name="GetEntriesByLocationIdTest" />
    </UnitTest>
  </TestDefinitions>
  <TestLists>
    <TestList name="Results Not in a List" id="8c84fa94-04c1-424b-9868-57a2d4851a1d" />
    <TestList name="All Loaded Results" id="19431567-8539-422a-85d7-44ee4e166bda" />
  </TestLists>
  <TestEntries>
    <TestEntry testId="1b2b2782-da3b-8fe0-5da6-022c49e07f31" executionId="2ca54712-c9e1-4dde-953b-2c47549d8776" testListId="8c84fa94-04c1-424b-9868-57a2d4851a1d" />
  </TestEntries>
  <Results>
    <UnitTestResult executionId="2ca54712-c9e1-4dde-953b-2c47549d8776" testId="1b2b2782-da3b-8fe0-5da6-022c49e07f31" testName="GetEntriesByLocationIdTest" computerName="OFFICE-DESKTOP" duration="00:00:02.1229874" startTime="2014-11-05T08:47:48.7705579-05:00" endTime="2014-11-05T08:47:51.5967196-05:00" testType="13cdc9d9-ddb5-4fa4-a97d-d965ccfc6d4b" outcome="Passed" testListId="8c84fa94-04c1-424b-9868-57a2d4851a1d" relativeResultsDirectory="2ca54712-c9e1-4dde-953b-2c47549d8776">
    </UnitTestResult>
  </Results>
</TestRun>