<?xml version="1.0" encoding="UTF-8"?>
<TestRun id="7c6339ac-954d-4314-9b92-969ac4d8c68c" name="Kevin@OFFICE-DESKTOP 2014-11-05 20:05:32" runUser="Office-Desktop\Kevin" xmlns="http://microsoft.com/schemas/VisualStudio/TeamTest/2010">
  <TestSettings name="Local" id="f540f6a2-4815-4dba-91ef-19b03ca7f34c">
    <Description>These are default test settings for a local test run.</Description>
    <Deployment userDeploymentRoot="D:\Kevin\GitHub\HiddenMickeyProject\TestResults" useDefaultDeploymentRoot="false" runDeploymentRoot="Kevin_OFFICE-DESKTOP 2014-11-05 20_05_32">
      <DeploymentItem filename="D:\Kevin\GitHub\HiddenMickeyProject\HiddenMickeyProject.Data\bin\Debug\HiddenMickeyProject.Data.dll" />
      <DeploymentItem filename="D:\Kevin\GitHub\HiddenMickeyProject\packages\dotless.1.4.1.0\lib\dotless.Core.dll" />
      <DeploymentItem filename="C:\Program Files (x86)\Microsoft ASP.NET\ASP.NET Web Pages\v2.0\Assemblies\System.Web.WebPages.Razor.dll" />
      <DeploymentItem filename="D:\Kevin\GitHub\HiddenMickeyProject\packages\WebGrease.1.1.0\lib\WebGrease.dll" />
      <DeploymentItem filename="D:\Kevin\GitHub\HiddenMickeyProject\packages\MySql.Data.6.9.3\lib\net40\MySql.Data.dll" />
      <DeploymentItem filename="D:\Kevin\GitHub\HiddenMickeyProject\packages\Newtonsoft.Json.4.5.6\lib\net40\Newtonsoft.Json.dll" />
      <DeploymentItem filename="C:\Program Files (x86)\Microsoft ASP.NET\ASP.NET Web Pages\v2.0\Assemblies\System.Web.WebPages.dll" />
      <DeploymentItem filename="C:\Program Files (x86)\Microsoft ASP.NET\ASP.NET Web Pages\v2.0\Assemblies\Microsoft.Web.Infrastructure.dll" />
      <DeploymentItem filename="D:\Kevin\GitHub\HiddenMickeyProject\packages\WebGrease.1.1.0\lib\Antlr3.Runtime.dll" />
      <DeploymentItem filename="C:\Program Files (x86)\Microsoft ASP.NET\ASP.NET Web Pages\v2.0\Assemblies\System.Web.Helpers.dll" />
      <DeploymentItem filename="C:\Program Files (x86)\Microsoft ASP.NET\ASP.NET Web Pages\v2.0\Assemblies\System.Web.WebPages.Deployment.dll" />
      <DeploymentItem filename="D:\Kevin\GitHub\HiddenMickeyProject\packages\RhinoMocks.3.6.1\lib\net\Rhino.Mocks.dll" />
      <DeploymentItem filename="D:\Kevin\GitHub\HiddenMickeyProject\packages\Ninject.Web.Common.3.2.0.0\lib\net40-full\Ninject.Web.Common.dll" />
      <DeploymentItem filename="C:\Program Files (x86)\Microsoft ASP.NET\ASP.NET Web Pages\v2.0\Assemblies\System.Web.Razor.dll" />
      <DeploymentItem filename="D:\Kevin\GitHub\HiddenMickeyProject\HiddenMickeyProject\bin\HiddenMickeyProject.dll" />
      <DeploymentItem filename="C:\Program Files (x86)\Microsoft ASP.NET\ASP.NET MVC 4\Assemblies\System.Net.Http.WebRequest.dll" />
      <DeploymentItem filename="D:\Kevin\GitHub\HiddenMickeyProject\packages\WebActivatorEx.2.0\lib\net40\WebActivatorEx.dll" />
      <DeploymentItem filename="D:\Kevin\GitHub\HiddenMickeyProject\packages\Microsoft.AspNet.Mvc.4.0.20710.0\lib\net40\System.Web.Mvc.dll" />
      <DeploymentItem filename="D:\Kevin\GitHub\HiddenMickeyProject\packages\Ninject.3.2.0.0\lib\net40\Ninject.dll" />
      <DeploymentItem filename="D:\Kevin\GitHub\HiddenMickeyProject\packages\Microsoft.AspNet.Web.Optimization.1.0.0\lib\net40\System.Web.Optimization.dll" />
      <DeploymentItem filename="D:\Kevin\GitHub\HiddenMickeyProject\packages\Ninject.MVC4.3.2.1.0\lib\net40-full\Ninject.Web.Mvc.dll" />
      <DeploymentItem filename="D:\Kevin\GitHub\HiddenMickeyProject\packages\MySql.Web.6.9.3\lib\net40\MySql.Web.dll" />
      <DeploymentItem filename="C:\Program Files (x86)\Microsoft ASP.NET\ASP.NET MVC 4\Assemblies\System.Net.Http.dll" />
    </Deployment>
    <Execution>
      <TestTypeSpecific>
        <UnitTestRunConfig testTypeId="13cdc9d9-ddb5-4fa4-a97d-d965ccfc6d4b">
          <AssemblyResolution>
            <TestDirectory useLoadContext="true" />
          </AssemblyResolution>
        </UnitTestRunConfig>
        <WebTestRunConfiguration testTypeId="4e7599fa-5ecb-43e9-a887-cd63cf72d207">
          <Browser name="Internet Explorer 7.0">
            <Headers>
              <Header name="User-Agent" value="Mozilla/4.0 (compatible; MSIE 7.0; Windows NT 5.1)" />
              <Header name="Accept" value="*/*" />
              <Header name="Accept-Language" value="{{$IEAcceptLanguage}}" />
              <Header name="Accept-Encoding" value="GZIP" />
            </Headers>
          </Browser>
        </WebTestRunConfiguration>
      </TestTypeSpecific>
      <AgentRule name="LocalMachineDefaultRole">
      </AgentRule>
    </Execution>
  </TestSettings>
  <Times creation="2014-11-05T20:05:32.2983787-05:00" queuing="2014-11-05T20:05:32.6443985-05:00" start="2014-11-05T20:05:32.6904011-05:00" finish="2014-11-05T20:05:33.4144425-05:00" />
  <ResultSummary outcome="Failed">
    <Counters total="7" executed="7" error="0" failed="7" timeout="0" aborted="0" inconclusive="0" passedButRunAborted="0" notRunnable="0" notExecuted="0" disconnected="0" warning="0" passed="0" completed="0" inProgress="0" pending="0" />
  </ResultSummary>
  <TestDefinitions>
    <UnitTest name="GivenNavigatorShowDeleteEntryView" storage="d:\kevin\github\hiddenmickeyproject\hiddenmickeyproject.tests\bin\debug\hiddenmickeyproject.tests.dll" id="e9980d03-cacf-5425-fe9f-12092f962f4c">
      <Execution id="d57efb5d-66b0-4717-ae9d-6120662d49d5" />
      <TestMethod codeBase="D:/Kevin/GitHub/HiddenMickeyProject/HiddenMickeyProject.Tests/bin/Debug/HiddenMickeyProject.Tests.DLL" adapterTypeName="Microsoft.VisualStudio.TestTools.TestTypes.Unit.UnitTestAdapter, Microsoft.VisualStudio.QualityTools.Tips.UnitTest.Adapter, Version=10.0.0.0, Culture=neutral, PublicKeyToken=b03f5f7f11d50a3a" className="HiddenMickeyProject.Tests.EntryControllerTest, HiddenMickeyProject.Tests, Version=1.0.0.0, Culture=neutral, PublicKeyToken=null" name="GivenNavigatorShowDeleteEntryView" />
    </UnitTest>
    <UnitTest name="GivenEntryViewModelCreateNewEntry" storage="d:\kevin\github\hiddenmickeyproject\hiddenmickeyproject.tests\bin\debug\hiddenmickeyproject.tests.dll" id="519e768e-f18a-d57e-6094-182564bf588e">
      <Execution id="4a5effc8-5c85-4555-aac4-3c7ab16f90ce" />
      <TestMethod codeBase="D:/Kevin/GitHub/HiddenMickeyProject/HiddenMickeyProject.Tests/bin/Debug/HiddenMickeyProject.Tests.DLL" adapterTypeName="Microsoft.VisualStudio.TestTools.TestTypes.Unit.UnitTestAdapter, Microsoft.VisualStudio.QualityTools.Tips.UnitTest.Adapter, Version=10.0.0.0, Culture=neutral, PublicKeyToken=b03f5f7f11d50a3a" className="HiddenMickeyProject.Tests.EntryControllerTest, HiddenMickeyProject.Tests, Version=1.0.0.0, Culture=neutral, PublicKeyToken=null" name="GivenEntryViewModelCreateNewEntry" />
    </UnitTest>
    <UnitTest name="GivenNavigatorShowCreateEntryView" storage="d:\kevin\github\hiddenmickeyproject\hiddenmickeyproject.tests\bin\debug\hiddenmickeyproject.tests.dll" id="06c377e4-3f3f-b873-f56c-9f54e106e0fe">
      <Execution id="c74c3002-4e8e-4048-b565-8cd14b3fbf38" />
      <TestMethod codeBase="D:/Kevin/GitHub/HiddenMickeyProject/HiddenMickeyProject.Tests/bin/Debug/HiddenMickeyProject.Tests.DLL" adapterTypeName="Microsoft.VisualStudio.TestTools.TestTypes.Unit.UnitTestAdapter, Microsoft.VisualStudio.QualityTools.Tips.UnitTest.Adapter, Version=10.0.0.0, Culture=neutral, PublicKeyToken=b03f5f7f11d50a3a" className="HiddenMickeyProject.Tests.EntryControllerTest, HiddenMickeyProject.Tests, Version=1.0.0.0, Culture=neutral, PublicKeyToken=null" name="GivenNavigatorShowCreateEntryView" />
    </UnitTest>
    <UnitTest name="GivenEntryViewModelUpdateEntry" storage="d:\kevin\github\hiddenmickeyproject\hiddenmickeyproject.tests\bin\debug\hiddenmickeyproject.tests.dll" id="5625c407-9a34-81ef-4f92-42a6527a3977">
      <Execution id="f771cf5d-ed8c-4111-8181-a0d2344d8a3c" />
      <TestMethod codeBase="D:/Kevin/GitHub/HiddenMickeyProject/HiddenMickeyProject.Tests/bin/Debug/HiddenMickeyProject.Tests.DLL" adapterTypeName="Microsoft.VisualStudio.TestTools.TestTypes.Unit.UnitTestAdapter, Microsoft.VisualStudio.QualityTools.Tips.UnitTest.Adapter, Version=10.0.0.0, Culture=neutral, PublicKeyToken=b03f5f7f11d50a3a" className="HiddenMickeyProject.Tests.EntryControllerTest, HiddenMickeyProject.Tests, Version=1.0.0.0, Culture=neutral, PublicKeyToken=null" name="GivenEntryViewModelUpdateEntry" />
    </UnitTest>
    <UnitTest name="GivenNavigatorShowEditEntryView" storage="d:\kevin\github\hiddenmickeyproject\hiddenmickeyproject.tests\bin\debug\hiddenmickeyproject.tests.dll" id="4d1f4949-166a-1fb7-febd-2aa192b1c3d2">
      <Execution id="e066ee62-88bc-4a16-bf98-5444e08e86ad" />
      <TestMethod codeBase="D:/Kevin/GitHub/HiddenMickeyProject/HiddenMickeyProject.Tests/bin/Debug/HiddenMickeyProject.Tests.DLL" adapterTypeName="Microsoft.VisualStudio.TestTools.TestTypes.Unit.UnitTestAdapter, Microsoft.VisualStudio.QualityTools.Tips.UnitTest.Adapter, Version=10.0.0.0, Culture=neutral, PublicKeyToken=b03f5f7f11d50a3a" className="HiddenMickeyProject.Tests.EntryControllerTest, HiddenMickeyProject.Tests, Version=1.0.0.0, Culture=neutral, PublicKeyToken=null" name="GivenNavigatorShowEditEntryView" />
    </UnitTest>
    <UnitTest name="GivenEntryViewModelDeleteEntry" storage="d:\kevin\github\hiddenmickeyproject\hiddenmickeyproject.tests\bin\debug\hiddenmickeyproject.tests.dll" id="d5a8a52b-4990-b9e5-0bf0-f383cbe38637">
      <Execution id="91dc6f25-0a54-400a-ba39-e95e2a40ce10" />
      <TestMethod codeBase="D:/Kevin/GitHub/HiddenMickeyProject/HiddenMickeyProject.Tests/bin/Debug/HiddenMickeyProject.Tests.DLL" adapterTypeName="Microsoft.VisualStudio.TestTools.TestTypes.Unit.UnitTestAdapter, Microsoft.VisualStudio.QualityTools.Tips.UnitTest.Adapter, Version=10.0.0.0, Culture=neutral, PublicKeyToken=b03f5f7f11d50a3a" className="HiddenMickeyProject.Tests.EntryControllerTest, HiddenMickeyProject.Tests, Version=1.0.0.0, Culture=neutral, PublicKeyToken=null" name="GivenEntryViewModelDeleteEntry" />
    </UnitTest>
    <UnitTest name="GivenNavigatorShowEntryDetailsView" storage="d:\kevin\github\hiddenmickeyproject\hiddenmickeyproject.tests\bin\debug\hiddenmickeyproject.tests.dll" id="4f6bbc7b-4aad-45a4-ec8c-343e77eaa49d">
      <Execution id="5fb5fabf-d71f-4f8c-9e80-f8063a931d3c" />
      <TestMethod codeBase="D:/Kevin/GitHub/HiddenMickeyProject/HiddenMickeyProject.Tests/bin/Debug/HiddenMickeyProject.Tests.DLL" adapterTypeName="Microsoft.VisualStudio.TestTools.TestTypes.Unit.UnitTestAdapter, Microsoft.VisualStudio.QualityTools.Tips.UnitTest.Adapter, Version=10.0.0.0, Culture=neutral, PublicKeyToken=b03f5f7f11d50a3a" className="HiddenMickeyProject.Tests.EntryControllerTest, HiddenMickeyProject.Tests, Version=1.0.0.0, Culture=neutral, PublicKeyToken=null" name="GivenNavigatorShowEntryDetailsView" />
    </UnitTest>
  </TestDefinitions>
  <TestLists>
    <TestList name="Results Not in a List" id="8c84fa94-04c1-424b-9868-57a2d4851a1d" />
    <TestList name="All Loaded Results" id="19431567-8539-422a-85d7-44ee4e166bda" />
  </TestLists>
  <TestEntries>
    <TestEntry testId="06c377e4-3f3f-b873-f56c-9f54e106e0fe" executionId="c74c3002-4e8e-4048-b565-8cd14b3fbf38" testListId="8c84fa94-04c1-424b-9868-57a2d4851a1d" />
    <TestEntry testId="4f6bbc7b-4aad-45a4-ec8c-343e77eaa49d" executionId="5fb5fabf-d71f-4f8c-9e80-f8063a931d3c" testListId="8c84fa94-04c1-424b-9868-57a2d4851a1d" />
    <TestEntry testId="d5a8a52b-4990-b9e5-0bf0-f383cbe38637" executionId="91dc6f25-0a54-400a-ba39-e95e2a40ce10" testListId="8c84fa94-04c1-424b-9868-57a2d4851a1d" />
    <TestEntry testId="519e768e-f18a-d57e-6094-182564bf588e" executionId="4a5effc8-5c85-4555-aac4-3c7ab16f90ce" testListId="8c84fa94-04c1-424b-9868-57a2d4851a1d" />
    <TestEntry testId="4d1f4949-166a-1fb7-febd-2aa192b1c3d2" executionId="e066ee62-88bc-4a16-bf98-5444e08e86ad" testListId="8c84fa94-04c1-424b-9868-57a2d4851a1d" />
    <TestEntry testId="e9980d03-cacf-5425-fe9f-12092f962f4c" executionId="d57efb5d-66b0-4717-ae9d-6120662d49d5" testListId="8c84fa94-04c1-424b-9868-57a2d4851a1d" />
    <TestEntry testId="5625c407-9a34-81ef-4f92-42a6527a3977" executionId="f771cf5d-ed8c-4111-8181-a0d2344d8a3c" testListId="8c84fa94-04c1-424b-9868-57a2d4851a1d" />
  </TestEntries>
  <Results>
    <UnitTestResult executionId="c74c3002-4e8e-4048-b565-8cd14b3fbf38" testId="06c377e4-3f3f-b873-f56c-9f54e106e0fe" testName="GivenNavigatorShowCreateEntryView" computerName="OFFICE-DESKTOP" duration="00:00:00.2649979" startTime="2014-11-05T20:05:32.7214029-05:00" endTime="2014-11-05T20:05:33.2904354-05:00" testType="13cdc9d9-ddb5-4fa4-a97d-d965ccfc6d4b" outcome="Failed" testListId="8c84fa94-04c1-424b-9868-57a2d4851a1d" relativeResultsDirectory="c74c3002-4e8e-4048-b565-8cd14b3fbf38">
      <Output>
        <ErrorInfo>
          <Message>Assert.AreEqual failed. Expected:&lt;(null)&gt;. Actual:&lt;System.Web.Mvc.ViewResult&gt;. </Message>
          <StackTrace>   at HiddenMickeyProject.Tests.EntryControllerTest.GivenNavigatorShowCreateEntryView() in D:\Kevin\GitHub\HiddenMickeyProject\HiddenMickeyProject.Tests\EntryControllerTest.cs:line 126
</StackTrace>
        </ErrorInfo>
      </Output>
    </UnitTestResult>
    <UnitTestResult executionId="5fb5fabf-d71f-4f8c-9e80-f8063a931d3c" testId="4f6bbc7b-4aad-45a4-ec8c-343e77eaa49d" testName="GivenNavigatorShowEntryDetailsView" computerName="OFFICE-DESKTOP" duration="00:00:00.0045732" startTime="2014-11-05T20:05:33.3044362-05:00" endTime="2014-11-05T20:05:33.3124367-05:00" testType="13cdc9d9-ddb5-4fa4-a97d-d965ccfc6d4b" outcome="Failed" testListId="8c84fa94-04c1-424b-9868-57a2d4851a1d" relativeResultsDirectory="5fb5fabf-d71f-4f8c-9e80-f8063a931d3c">
      <Output>
        <ErrorInfo>
          <Message>Assert.AreEqual failed. Expected:&lt;(null)&gt;. Actual:&lt;System.Web.Mvc.ViewResult&gt;. </Message>
          <StackTrace>   at HiddenMickeyProject.Tests.EntryControllerTest.GivenNavigatorShowEntryDetailsView() in D:\Kevin\GitHub\HiddenMickeyProject\HiddenMickeyProject.Tests\EntryControllerTest.cs:line 174
</StackTrace>
        </ErrorInfo>
      </Output>
    </UnitTestResult>
    <UnitTestResult executionId="91dc6f25-0a54-400a-ba39-e95e2a40ce10" testId="d5a8a52b-4990-b9e5-0bf0-f383cbe38637" testName="GivenEntryViewModelDeleteEntry" computerName="OFFICE-DESKTOP" duration="00:00:00.0028784" startTime="2014-11-05T20:05:33.3204371-05:00" endTime="2014-11-05T20:05:33.3264375-05:00" testType="13cdc9d9-ddb5-4fa4-a97d-d965ccfc6d4b" outcome="Failed" testListId="8c84fa94-04c1-424b-9868-57a2d4851a1d" relativeResultsDirectory="91dc6f25-0a54-400a-ba39-e95e2a40ce10">
      <Output>
        <ErrorInfo>
          <Message>Assert.AreEqual failed. Expected:&lt;(null)&gt;. Actual:&lt;System.Web.Mvc.RedirectToRouteResult&gt;. </Message>
          <StackTrace>   at HiddenMickeyProject.Tests.EntryControllerTest.GivenEntryViewModelDeleteEntry() in D:\Kevin\GitHub\HiddenMickeyProject\HiddenMickeyProject.Tests\EntryControllerTest.cs:line 158
</StackTrace>
        </ErrorInfo>
      </Output>
    </UnitTestResult>
    <UnitTestResult executionId="4a5effc8-5c85-4555-aac4-3c7ab16f90ce" testId="519e768e-f18a-d57e-6094-182564bf588e" testName="GivenEntryViewModelCreateNewEntry" computerName="OFFICE-DESKTOP" duration="00:00:00.0027643" startTime="2014-11-05T20:05:33.3334379-05:00" endTime="2014-11-05T20:05:33.3394382-05:00" testType="13cdc9d9-ddb5-4fa4-a97d-d965ccfc6d4b" outcome="Failed" testListId="8c84fa94-04c1-424b-9868-57a2d4851a1d" relativeResultsDirectory="4a5effc8-5c85-4555-aac4-3c7ab16f90ce">
      <Output>
        <ErrorInfo>
          <Message>Assert.AreEqual failed. Expected:&lt;(null)&gt;. Actual:&lt;System.Web.Mvc.RedirectToRouteResult&gt;. </Message>
          <StackTrace>   at HiddenMickeyProject.Tests.EntryControllerTest.GivenEntryViewModelCreateNewEntry() in D:\Kevin\GitHub\HiddenMickeyProject\HiddenMickeyProject.Tests\EntryControllerTest.cs:line 110
</StackTrace>
        </ErrorInfo>
      </Output>
    </UnitTestResult>
    <UnitTestResult executionId="e066ee62-88bc-4a16-bf98-5444e08e86ad" testId="4d1f4949-166a-1fb7-febd-2aa192b1c3d2" testName="GivenNavigatorShowEditEntryView" computerName="OFFICE-DESKTOP" duration="00:00:00.0033539" startTime="2014-11-05T20:05:33.3424384-05:00" endTime="2014-11-05T20:05:33.3494388-05:00" testType="13cdc9d9-ddb5-4fa4-a97d-d965ccfc6d4b" outcome="Failed" testListId="8c84fa94-04c1-424b-9868-57a2d4851a1d" relativeResultsDirectory="e066ee62-88bc-4a16-bf98-5444e08e86ad">
      <Output>
        <ErrorInfo>
          <Message>Assert.AreEqual failed. Expected:&lt;(null)&gt;. Actual:&lt;System.Web.Mvc.ViewResult&gt;. </Message>
          <StackTrace>   at HiddenMickeyProject.Tests.EntryControllerTest.GivenNavigatorShowEditEntryView() in D:\Kevin\GitHub\HiddenMickeyProject\HiddenMickeyProject.Tests\EntryControllerTest.cs:line 206
</StackTrace>
        </ErrorInfo>
      </Output>
    </UnitTestResult>
    <UnitTestResult executionId="d57efb5d-66b0-4717-ae9d-6120662d49d5" testId="e9980d03-cacf-5425-fe9f-12092f962f4c" testName="GivenNavigatorShowDeleteEntryView" computerName="OFFICE-DESKTOP" duration="00:00:00.0026735" startTime="2014-11-05T20:05:33.3634396-05:00" endTime="2014-11-05T20:05:33.3714400-05:00" testType="13cdc9d9-ddb5-4fa4-a97d-d965ccfc6d4b" outcome="Failed" testListId="8c84fa94-04c1-424b-9868-57a2d4851a1d" relativeResultsDirectory="d57efb5d-66b0-4717-ae9d-6120662d49d5">
      <Output>
        <ErrorInfo>
          <Message>Assert.AreEqual failed. Expected:&lt;(null)&gt;. Actual:&lt;System.Web.Mvc.ViewResult&gt;. </Message>
          <StackTrace>   at HiddenMickeyProject.Tests.EntryControllerTest.GivenNavigatorShowDeleteEntryView() in D:\Kevin\GitHub\HiddenMickeyProject\HiddenMickeyProject.Tests\EntryControllerTest.cs:line 142
</StackTrace>
        </ErrorInfo>
      </Output>
    </UnitTestResult>
    <UnitTestResult executionId="f771cf5d-ed8c-4111-8181-a0d2344d8a3c" testId="5625c407-9a34-81ef-4f92-42a6527a3977" testName="GivenEntryViewModelUpdateEntry" computerName="OFFICE-DESKTOP" duration="00:00:00.0028079" startTime="2014-11-05T20:05:33.3784404-05:00" endTime="2014-11-05T20:05:33.3844408-05:00" testType="13cdc9d9-ddb5-4fa4-a97d-d965ccfc6d4b" outcome="Failed" testListId="8c84fa94-04c1-424b-9868-57a2d4851a1d" relativeResultsDirectory="f771cf5d-ed8c-4111-8181-a0d2344d8a3c">
      <Output>
        <ErrorInfo>
          <Message>Assert.AreEqual failed. Expected:&lt;(null)&gt;. Actual:&lt;System.Web.Mvc.RedirectToRouteResult&gt;. </Message>
          <StackTrace>   at HiddenMickeyProject.Tests.EntryControllerTest.GivenEntryViewModelUpdateEntry() in D:\Kevin\GitHub\HiddenMickeyProject\HiddenMickeyProject.Tests\EntryControllerTest.cs:line 190
</StackTrace>
        </ErrorInfo>
      </Output>
    </UnitTestResult>
  </Results>
</TestRun>