<?xml version="1.0" encoding="UTF-8"?>
<TestRun id="a07e7abe-c1ff-4c2c-b4fc-96d86c31638c" name="Kevin@OFFICE-DESKTOP 2014-11-05 08:41:04" runUser="Office-Desktop\Kevin" xmlns="http://microsoft.com/schemas/VisualStudio/TeamTest/2010">
  <TestSettings name="Local" id="f540f6a2-4815-4dba-91ef-19b03ca7f34c">
    <Description>These are default test settings for a local test run.</Description>
    <Deployment userDeploymentRoot="D:\Kevin\GitHub\HiddenMickeyProject\TestResults" useDefaultDeploymentRoot="false" enabled="false" runDeploymentRoot="Kevin_OFFICE-DESKTOP 2014-11-05 08_41_04">
      <DeploymentItem filename="D:\Kevin\GitHub\HiddenMickeyProject\HiddenMickeyProject.Data\bin\Debug\HiddenMickeyProject.Data.dll" />
      <DeploymentItem filename="D:\Kevin\GitHub\HiddenMickeyProject\packages\MySql.Data.6.9.3\lib\net40\MySql.Data.dll" />
    </Deployment>
    <Execution>
      <TestTypeSpecific />
      <AgentRule name="Execution Agents">
      </AgentRule>
    </Execution>
  </TestSettings>
  <Times creation="2014-11-05T08:41:04.1754164-05:00" queuing="2014-11-05T08:41:04.3454261-05:00" start="2014-11-05T08:41:04.4174302-05:00" finish="2014-11-05T08:41:08.1556440-05:00" />
  <ResultSummary outcome="Failed">
    <Counters total="4" executed="4" error="0" failed="4" timeout="0" aborted="0" inconclusive="0" passedButRunAborted="0" notRunnable="0" notExecuted="0" disconnected="0" warning="0" passed="0" completed="0" inProgress="0" pending="0" />
  </ResultSummary>
  <TestDefinitions>
    <UnitTest name="GetEntryByIdTest" storage="d:\kevin\github\hiddenmickeyproject\hiddenmickeyproject.tests\bin\debug\hiddenmickeyproject.tests.dll" id="95a5cb75-edc3-cf2d-ba16-596d68611e5c">
      <Execution id="7ef5e9bd-54ca-46a9-8000-e9ed3c26318f" />
      <TestMethod codeBase="D:/Kevin/GitHub/HiddenMickeyProject/HiddenMickeyProject.Tests/bin/Debug/HiddenMickeyProject.Tests.DLL" adapterTypeName="Microsoft.VisualStudio.TestTools.TestTypes.Unit.UnitTestAdapter, Microsoft.VisualStudio.QualityTools.Tips.UnitTest.Adapter, Version=10.0.0.0, Culture=neutral, PublicKeyToken=b03f5f7f11d50a3a" className="HiddenMickeyProject.Tests.MysqlSourceTest, HiddenMickeyProject.Tests, Version=1.0.0.0, Culture=neutral, PublicKeyToken=null" name="GetEntryByIdTest" />
    </UnitTest>
    <UnitTest name="GetEntriesByLocationIdTest" storage="d:\kevin\github\hiddenmickeyproject\hiddenmickeyproject.tests\bin\debug\hiddenmickeyproject.tests.dll" id="1b2b2782-da3b-8fe0-5da6-022c49e07f31">
      <Execution id="07ff1b40-0ffe-47ed-8daf-2b6e68bd6677" />
      <TestMethod codeBase="D:/Kevin/GitHub/HiddenMickeyProject/HiddenMickeyProject.Tests/bin/Debug/HiddenMickeyProject.Tests.DLL" adapterTypeName="Microsoft.VisualStudio.TestTools.TestTypes.Unit.UnitTestAdapter, Microsoft.VisualStudio.QualityTools.Tips.UnitTest.Adapter, Version=10.0.0.0, Culture=neutral, PublicKeyToken=b03f5f7f11d50a3a" className="HiddenMickeyProject.Tests.MysqlSourceTest, HiddenMickeyProject.Tests, Version=1.0.0.0, Culture=neutral, PublicKeyToken=null" name="GetEntriesByLocationIdTest" />
    </UnitTest>
    <UnitTest name="GetAreaByIdTest" storage="d:\kevin\github\hiddenmickeyproject\hiddenmickeyproject.tests\bin\debug\hiddenmickeyproject.tests.dll" id="4bc76dca-af83-9ff5-5773-130114c7d74c">
      <Execution id="1d4e81c5-9619-4610-9387-b0d0af31ad37" />
      <TestMethod codeBase="D:/Kevin/GitHub/HiddenMickeyProject/HiddenMickeyProject.Tests/bin/Debug/HiddenMickeyProject.Tests.DLL" adapterTypeName="Microsoft.VisualStudio.TestTools.TestTypes.Unit.UnitTestAdapter, Microsoft.VisualStudio.QualityTools.Tips.UnitTest.Adapter, Version=10.0.0.0, Culture=neutral, PublicKeyToken=b03f5f7f11d50a3a" className="HiddenMickeyProject.Tests.MysqlSourceTest, HiddenMickeyProject.Tests, Version=1.0.0.0, Culture=neutral, PublicKeyToken=null" name="GetAreaByIdTest" />
    </UnitTest>
    <UnitTest name="GetLocationsByAreaIdTest" storage="d:\kevin\github\hiddenmickeyproject\hiddenmickeyproject.tests\bin\debug\hiddenmickeyproject.tests.dll" id="0367fe5a-c6e0-4bea-ea42-4c910681d272">
      <Execution id="e928bb2e-2b85-4ab2-85b6-1f0f55796bf6" />
      <TestMethod codeBase="D:/Kevin/GitHub/HiddenMickeyProject/HiddenMickeyProject.Tests/bin/Debug/HiddenMickeyProject.Tests.DLL" adapterTypeName="Microsoft.VisualStudio.TestTools.TestTypes.Unit.UnitTestAdapter, Microsoft.VisualStudio.QualityTools.Tips.UnitTest.Adapter, Version=10.0.0.0, Culture=neutral, PublicKeyToken=b03f5f7f11d50a3a" className="HiddenMickeyProject.Tests.MysqlSourceTest, HiddenMickeyProject.Tests, Version=1.0.0.0, Culture=neutral, PublicKeyToken=null" name="GetLocationsByAreaIdTest" />
    </UnitTest>
  </TestDefinitions>
  <TestLists>
    <TestList name="Results Not in a List" id="8c84fa94-04c1-424b-9868-57a2d4851a1d" />
    <TestList name="All Loaded Results" id="19431567-8539-422a-85d7-44ee4e166bda" />
  </TestLists>
  <TestEntries>
    <TestEntry testId="1b2b2782-da3b-8fe0-5da6-022c49e07f31" executionId="07ff1b40-0ffe-47ed-8daf-2b6e68bd6677" testListId="8c84fa94-04c1-424b-9868-57a2d4851a1d" />
    <TestEntry testId="0367fe5a-c6e0-4bea-ea42-4c910681d272" executionId="e928bb2e-2b85-4ab2-85b6-1f0f55796bf6" testListId="8c84fa94-04c1-424b-9868-57a2d4851a1d" />
    <TestEntry testId="4bc76dca-af83-9ff5-5773-130114c7d74c" executionId="1d4e81c5-9619-4610-9387-b0d0af31ad37" testListId="8c84fa94-04c1-424b-9868-57a2d4851a1d" />
    <TestEntry testId="95a5cb75-edc3-cf2d-ba16-596d68611e5c" executionId="7ef5e9bd-54ca-46a9-8000-e9ed3c26318f" testListId="8c84fa94-04c1-424b-9868-57a2d4851a1d" />
  </TestEntries>
  <Results>
    <UnitTestResult executionId="07ff1b40-0ffe-47ed-8daf-2b6e68bd6677" testId="1b2b2782-da3b-8fe0-5da6-022c49e07f31" testName="GetEntriesByLocationIdTest" computerName="OFFICE-DESKTOP" duration="00:00:02.0023660" startTime="2014-11-05T08:41:04.4734334-05:00" endTime="2014-11-05T08:41:06.8675704-05:00" testType="13cdc9d9-ddb5-4fa4-a97d-d965ccfc6d4b" outcome="Failed" testListId="8c84fa94-04c1-424b-9868-57a2d4851a1d" relativeResultsDirectory="07ff1b40-0ffe-47ed-8daf-2b6e68bd6677">
      <Output>
        <ErrorInfo>
          <Message>Test method HiddenMickeyProject.Tests.MysqlSourceTest.GetEntriesByLocationIdTest threw exception: 
System.ArgumentException: Parameter 'Area_Id' not found in the collection.</Message>
          <StackTrace>    at MySql.Data.MySqlClient.MySqlParameterCollection.GetParameterFlexible(String parameterName, Boolean throwOnNotFound)
   at MySql.Data.MySqlClient.StoredProcedure.GetAndFixParameter(String spName, MySqlSchemaRow param, Boolean realAsFloat, MySqlParameter returnParameter)
   at MySql.Data.MySqlClient.StoredProcedure.CheckParameters(String spName)
   at MySql.Data.MySqlClient.StoredProcedure.Resolve(Boolean preparing)
   at MySql.Data.MySqlClient.MySqlCommand.ExecuteReader(CommandBehavior behavior)
   at HiddenMickeyProject.Data.MysqlSource.GetEntriesByLocationId(Int32 locationId) in D:\Kevin\GitHub\HiddenMickeyProject\HiddenMickeyProject.Data\MysqlSource.cs:line 135
   at HiddenMickeyProject.Tests.MysqlSourceTest.GetEntriesByLocationIdTest() in D:\Kevin\GitHub\HiddenMickeyProject\HiddenMickeyProject.Tests\MysqlSourceTest.cs:line 105
</StackTrace>
        </ErrorInfo>
      </Output>
    </UnitTestResult>
    <UnitTestResult executionId="e928bb2e-2b85-4ab2-85b6-1f0f55796bf6" testId="0367fe5a-c6e0-4bea-ea42-4c910681d272" testName="GetLocationsByAreaIdTest" computerName="OFFICE-DESKTOP" duration="00:00:00.2897295" startTime="2014-11-05T08:41:06.8685704-05:00" endTime="2014-11-05T08:41:07.1645874-05:00" testType="13cdc9d9-ddb5-4fa4-a97d-d965ccfc6d4b" outcome="Failed" testListId="8c84fa94-04c1-424b-9868-57a2d4851a1d" relativeResultsDirectory="e928bb2e-2b85-4ab2-85b6-1f0f55796bf6">
      <Output>
        <ErrorInfo>
          <Message>Assert.IsTrue failed. </Message>
          <StackTrace>   at HiddenMickeyProject.Tests.MysqlSourceTest.GetLocationsByAreaIdTest() in D:\Kevin\GitHub\HiddenMickeyProject\HiddenMickeyProject.Tests\MysqlSourceTest.cs:line 152
</StackTrace>
        </ErrorInfo>
      </Output>
    </UnitTestResult>
    <UnitTestResult executionId="1d4e81c5-9619-4610-9387-b0d0af31ad37" testId="4bc76dca-af83-9ff5-5773-130114c7d74c" testName="GetAreaByIdTest" computerName="OFFICE-DESKTOP" duration="00:00:00.3976146" startTime="2014-11-05T08:41:07.1735879-05:00" endTime="2014-11-05T08:41:07.5756109-05:00" testType="13cdc9d9-ddb5-4fa4-a97d-d965ccfc6d4b" outcome="Failed" testListId="8c84fa94-04c1-424b-9868-57a2d4851a1d" relativeResultsDirectory="1d4e81c5-9619-4610-9387-b0d0af31ad37">
      <Output>
        <ErrorInfo>
          <Message>Test method HiddenMickeyProject.Tests.MysqlSourceTest.GetAreaByIdTest threw exception: 
System.ArgumentException: Parameter 'Area_Id' not found in the collection.</Message>
          <StackTrace>    at MySql.Data.MySqlClient.MySqlParameterCollection.GetParameterFlexible(String parameterName, Boolean throwOnNotFound)
   at MySql.Data.MySqlClient.StoredProcedure.GetAndFixParameter(String spName, MySqlSchemaRow param, Boolean realAsFloat, MySqlParameter returnParameter)
   at MySql.Data.MySqlClient.StoredProcedure.CheckParameters(String spName)
   at MySql.Data.MySqlClient.StoredProcedure.Resolve(Boolean preparing)
   at MySql.Data.MySqlClient.MySqlCommand.ExecuteReader(CommandBehavior behavior)
   at HiddenMickeyProject.Data.MysqlSource.GetAreaById(Int32 areaId) in D:\Kevin\GitHub\HiddenMickeyProject\HiddenMickeyProject.Data\MysqlSource.cs:line 95
   at HiddenMickeyProject.Tests.MysqlSourceTest.GetAreaByIdTest() in D:\Kevin\GitHub\HiddenMickeyProject\HiddenMickeyProject.Tests\MysqlSourceTest.cs:line 78
</StackTrace>
        </ErrorInfo>
      </Output>
    </UnitTestResult>
    <UnitTestResult executionId="7ef5e9bd-54ca-46a9-8000-e9ed3c26318f" testId="95a5cb75-edc3-cf2d-ba16-596d68611e5c" testName="GetEntryByIdTest" computerName="OFFICE-DESKTOP" duration="00:00:00.5063259" startTime="2014-11-05T08:41:07.5786110-05:00" endTime="2014-11-05T08:41:08.0906403-05:00" testType="13cdc9d9-ddb5-4fa4-a97d-d965ccfc6d4b" outcome="Failed" testListId="8c84fa94-04c1-424b-9868-57a2d4851a1d" relativeResultsDirectory="7ef5e9bd-54ca-46a9-8000-e9ed3c26318f">
      <Output>
        <ErrorInfo>
          <Message>Assert.IsNotNull failed. </Message>
          <StackTrace>   at HiddenMickeyProject.Tests.MysqlSourceTest.GetEntryByIdTest() in D:\Kevin\GitHub\HiddenMickeyProject\HiddenMickeyProject.Tests\MysqlSourceTest.cs:line 120
</StackTrace>
        </ErrorInfo>
      </Output>
    </UnitTestResult>
  </Results>
</TestRun>