<?xml version="1.0" encoding="UTF-8"?>
<TestRun id="cd1167e7-97f3-4822-84b2-34a9a6ec23c0" name="Kevin@OFFICE-DESKTOP 2014-11-05 19:08:55" runUser="Office-Desktop\Kevin" xmlns="http://microsoft.com/schemas/VisualStudio/TeamTest/2010">
  <TestSettings name="Local" id="f540f6a2-4815-4dba-91ef-19b03ca7f34c">
    <Description>These are default test settings for a local test run.</Description>
    <Deployment userDeploymentRoot="D:\Kevin\GitHub\HiddenMickeyProject\TestResults" useDefaultDeploymentRoot="false" runDeploymentRoot="Kevin_OFFICE-DESKTOP 2014-11-05 19_08_55">
      <DeploymentItem filename="D:\Kevin\GitHub\HiddenMickeyProject\HiddenMickeyProject.Data\bin\Debug\HiddenMickeyProject.Data.dll" />
      <DeploymentItem filename="D:\Kevin\GitHub\HiddenMickeyProject\packages\dotless.1.4.1.0\lib\dotless.Core.dll" />
      <DeploymentItem filename="C:\Program Files (x86)\Microsoft ASP.NET\ASP.NET Web Pages\v2.0\Assemblies\System.Web.WebPages.Razor.dll" />
      <DeploymentItem filename="D:\Kevin\GitHub\HiddenMickeyProject\packages\WebGrease.1.1.0\lib\WebGrease.dll" />
      <DeploymentItem filename="D:\Kevin\GitHub\HiddenMickeyProject\packages\MySql.Data.6.9.3\lib\net40\MySql.Data.dll" />
      <DeploymentItem filename="D:\Kevin\GitHub\HiddenMickeyProject\packages\Newtonsoft.Json.4.5.6\lib\net40\Newtonsoft.Json.dll" />
      <DeploymentItem filename="C:\Program Files (x86)\Microsoft ASP.NET\ASP.NET Web Pages\v2.0\Assemblies\System.Web.WebPages.dll" />
      <DeploymentItem filename="C:\Program Files (x86)\Microsoft ASP.NET\ASP.NET Web Pages\v2.0\Assemblies\Microsoft.Web.Infrastructure.dll" />
      <DeploymentItem filename="D:\Kevin\GitHub\HiddenMickeyProject\packages\WebGrease.1.1.0\lib\Antlr3.Runtime.dll" />
      <DeploymentItem filename="C:\Program Files (x86)\Microsoft ASP.NET\ASP.NET Web Pages\v2.0\Assemblies\System.Web.Helpers.dll" />
      <DeploymentItem filename="C:\Program Files (x86)\Microsoft ASP.NET\ASP.NET Web Pages\v2.0\Assemblies\System.Web.WebPages.Deployment.dll" />
      <DeploymentItem filename="D:\Kevin\GitHub\HiddenMickeyProject\packages\Ninject.Web.Common.3.2.0.0\lib\net40-full\Ninject.Web.Common.dll" />
      <DeploymentItem filename="C:\Program Files (x86)\Microsoft ASP.NET\ASP.NET Web Pages\v2.0\Assemblies\System.Web.Razor.dll" />
      <DeploymentItem filename="D:\Kevin\GitHub\HiddenMickeyProject\HiddenMickeyProject\bin\HiddenMickeyProject.dll" />
      <DeploymentItem filename="D:\Kevin\GitHub\HiddenMickeyProject\packages\RhinoMocks.3.6.1\lib\net\Rhino.Mocks.dll" />
      <DeploymentItem filename="D:\Kevin\GitHub\HiddenMickeyProject\packages\WebActivatorEx.2.0\lib\net40\WebActivatorEx.dll" />
      <DeploymentItem filename="D:\Kevin\GitHub\HiddenMickeyProject\packages\Microsoft.AspNet.Mvc.4.0.20710.0\lib\net40\System.Web.Mvc.dll" />
      <DeploymentItem filename="D:\Kevin\GitHub\HiddenMickeyProject\packages\Ninject.3.2.0.0\lib\net40\Ninject.dll" />
      <DeploymentItem filename="C:\Program Files (x86)\Microsoft ASP.NET\ASP.NET MVC 4\Assemblies\System.Net.Http.WebRequest.dll" />
      <DeploymentItem filename="D:\Kevin\GitHub\HiddenMickeyProject\packages\Microsoft.AspNet.Web.Optimization.1.0.0\lib\net40\System.Web.Optimization.dll" />
      <DeploymentItem filename="D:\Kevin\GitHub\HiddenMickeyProject\packages\Ninject.MVC4.3.2.1.0\lib\net40-full\Ninject.Web.Mvc.dll" />
      <DeploymentItem filename="D:\Kevin\GitHub\HiddenMickeyProject\packages\MySql.Web.6.9.3\lib\net40\MySql.Web.dll" />
      <DeploymentItem filename="C:\Program Files (x86)\Microsoft ASP.NET\ASP.NET MVC 4\Assemblies\System.Net.Http.dll" />
    </Deployment>
    <Execution>
      <TestTypeSpecific>
        <UnitTestRunConfig testTypeId="13cdc9d9-ddb5-4fa4-a97d-d965ccfc6d4b">
          <AssemblyResolution>
            <TestDirectory useLoadContext="true" />
          </AssemblyResolution>
        </UnitTestRunConfig>
        <WebTestRunConfiguration testTypeId="4e7599fa-5ecb-43e9-a887-cd63cf72d207">
          <Browser name="Internet Explorer 7.0">
            <Headers>
              <Header name="User-Agent" value="Mozilla/4.0 (compatible; MSIE 7.0; Windows NT 5.1)" />
              <Header name="Accept" value="*/*" />
              <Header name="Accept-Language" value="{{$IEAcceptLanguage}}" />
              <Header name="Accept-Encoding" value="GZIP" />
            </Headers>
          </Browser>
        </WebTestRunConfiguration>
      </TestTypeSpecific>
      <AgentRule name="LocalMachineDefaultRole">
      </AgentRule>
    </Execution>
  </TestSettings>
  <Times creation="2014-11-05T19:08:55.4200883-05:00" queuing="2014-11-05T19:08:56.0991272-05:00" start="2014-11-05T19:08:56.1811319-05:00" finish="2014-11-05T19:08:57.1271860-05:00" />
  <ResultSummary outcome="Completed">
    <Counters total="1" executed="1" passed="1" error="0" failed="0" timeout="0" aborted="0" inconclusive="0" passedButRunAborted="0" notRunnable="0" notExecuted="0" disconnected="0" warning="0" completed="0" inProgress="0" pending="0" />
  </ResultSummary>
  <TestDefinitions>
    <UnitTest name="GivenNavigatorShowCreateView" storage="d:\kevin\github\hiddenmickeyproject\hiddenmickeyproject.tests\bin\debug\hiddenmickeyproject.tests.dll" id="566422c3-9012-901c-1e76-f0408cd400c6">
      <Execution id="f76074f2-8a92-4a1e-81de-c76a1a5e984d" />
      <TestMethod codeBase="D:/Kevin/GitHub/HiddenMickeyProject/HiddenMickeyProject.Tests/bin/Debug/HiddenMickeyProject.Tests.DLL" adapterTypeName="Microsoft.VisualStudio.TestTools.TestTypes.Unit.UnitTestAdapter, Microsoft.VisualStudio.QualityTools.Tips.UnitTest.Adapter, Version=10.0.0.0, Culture=neutral, PublicKeyToken=b03f5f7f11d50a3a" className="HiddenMickeyProject.Tests.LocationControllerTest, HiddenMickeyProject.Tests, Version=1.0.0.0, Culture=neutral, PublicKeyToken=null" name="GivenNavigatorShowCreateView" />
    </UnitTest>
  </TestDefinitions>
  <TestLists>
    <TestList name="Results Not in a List" id="8c84fa94-04c1-424b-9868-57a2d4851a1d" />
    <TestList name="All Loaded Results" id="19431567-8539-422a-85d7-44ee4e166bda" />
  </TestLists>
  <TestEntries>
    <TestEntry testId="566422c3-9012-901c-1e76-f0408cd400c6" executionId="f76074f2-8a92-4a1e-81de-c76a1a5e984d" testListId="8c84fa94-04c1-424b-9868-57a2d4851a1d" />
  </TestEntries>
  <Results>
    <UnitTestResult executionId="f76074f2-8a92-4a1e-81de-c76a1a5e984d" testId="566422c3-9012-901c-1e76-f0408cd400c6" testName="GivenNavigatorShowCreateView" computerName="OFFICE-DESKTOP" duration="00:00:00.3820616" startTime="2014-11-05T19:08:56.1811319-05:00" endTime="2014-11-05T19:08:56.8951727-05:00" testType="13cdc9d9-ddb5-4fa4-a97d-d965ccfc6d4b" outcome="Passed" testListId="8c84fa94-04c1-424b-9868-57a2d4851a1d" relativeResultsDirectory="f76074f2-8a92-4a1e-81de-c76a1a5e984d">
    </UnitTestResult>
  </Results>
</TestRun>